INFO:     Will watch for changes in these directories: ['/Users/kalinovdameus/Developer/mee-app/backend']
INFO:     Uvicorn running on http://127.0.0.1:8000 (Press CTRL+C to quit)
INFO:     Started reloader process [78015] using StatReload
INFO:     Started server process [78017]
INFO:     Waiting for application startup.
INFO:     Application startup complete.
WARNING:  StatReload detected changes in 'test_pinecone.py'. Reloading...
INFO:     Shutting down
INFO:     Waiting for application shutdown.
INFO:     Application shutdown complete.
INFO:     Finished server process [78017]
INFO:     Started server process [78638]
INFO:     Waiting for application startup.
INFO:     Application startup complete.
WARNING:  StatReload detected changes in 'app/services/embeddings.py'. Reloading...
INFO:     Shutting down
INFO:     Waiting for application shutdown.
INFO:     Application shutdown complete.
INFO:     Finished server process [78638]
INFO:     Started server process [78736]
INFO:     Waiting for application startup.
INFO:     Application startup complete.
INFO:     127.0.0.1:58197 - "GET /health HTTP/1.1" 200 OK
2026-02-18 16:29:35,816 - app.routers.telegram - INFO - Incoming update: {'test': True}
INFO:     127.0.0.1:58251 - "POST /api/telegram/webhook HTTP/1.1" 200 OK
2026-02-18 16:30:40,149 - app.routers.telegram - INFO - Incoming update: {'update_id': 85484318, 'message': {'message_id': 79, 'from': {'id': 8538224711, 'is_bot': False, 'first_name': 'Jim', 'last_name': 'Kali', 'language_code': 'en'}, 'chat': {'id': 8538224711, 'first_name': 'Jim', 'last_name': 'Kali', 'type': 'private'}, 'date': 1771449854, 'text': 'Hi bro'}}
INFO:     91.108.5.42:0 - "POST /api/telegram/webhook HTTP/1.1" 200 OK
2026-02-18 16:30:40,149 - app.routers.telegram - INFO - Processing update for chat_id 8538224711, text: Hi bro
2026-02-18 16:30:40,149 - app.routers.telegram - INFO - Parallelizing profile fetch and embedding for 8538224711
2026-02-18 16:30:40,166 - app.services.embeddings - INFO - Generating embedding (query) - Attempt 1
2026-02-18 16:30:41,555 - httpx - INFO - HTTP Request: GET https://htiundwxiwwdkieevylu.supabase.co/rest/v1/profiles?select=%2A&telegram_chat_id=eq.8538224711 "HTTP/2 200 OK"
2026-02-18 16:30:42,199 - app.routers.telegram - INFO - Retrieved 5 memories for context
2026-02-18 16:30:42,199 - app.routers.telegram - INFO - Calling Groq for user: User
2026-02-18 16:30:42,995 - httpx - INFO - HTTP Request: POST https://api.groq.com/openai/v1/chat/completions "HTTP/1.1 200 OK"
2026-02-18 16:30:43,011 - app.routers.telegram - INFO - Received Groq response: When meeting new people, try using the "2-question...
2026-02-18 16:30:43,011 - app.routers.telegram - INFO - Sending response to chat_id 8538224711
2026-02-18 16:30:43,011 - app.routers.telegram - INFO - Sending message to chat_id 8538224711: When meeting new people, try using the "2-question...
2026-02-18 16:30:43,044 - app.routers.telegram - ERROR - Failed to send message to 8538224711: [SSL: SSLV3_ALERT_HANDSHAKE_FAILURE] ssl/tls alert handshake failure (_ssl.c:1081)
2026-02-18 16:30:43,318 - app.services.embeddings - INFO - Generating embedding (passage) - Attempt 1
2026-02-18 16:30:43,884 - app.routers.telegram - INFO - Saved chat interaction to Pinecone
2026-02-18 16:30:46,445 - app.routers.telegram - INFO - Incoming update: {'test': True}
INFO:     50.204.222.69:0 - "POST /api/telegram/webhook HTTP/1.1" 200 OK
WARNING:  StatReload detected changes in 'app/routers/telegram.py'. Reloading...
INFO:     Shutting down
INFO:     Waiting for application shutdown.
INFO:     Application shutdown complete.
INFO:     Finished server process [78736]
INFO:     Started server process [82017]
INFO:     Waiting for application startup.
INFO:     Application startup complete.
WARNING:  StatReload detected changes in 'app/routers/telegram.py'. Reloading...
INFO:     Shutting down
INFO:     Waiting for application shutdown.
INFO:     Application shutdown complete.
INFO:     Finished server process [82017]
INFO:     Started server process [82389]
INFO:     Waiting for application startup.
INFO:     Application startup complete.
WARNING:  StatReload detected changes in 'app/routers/telegram.py'. Reloading...
INFO:     Shutting down
INFO:     Waiting for application shutdown.
INFO:     Application shutdown complete.
INFO:     Finished server process [82389]
INFO:     Started server process [82418]
INFO:     Waiting for application startup.
INFO:     Application startup complete.
2026-02-18 16:36:21,402 - app.routers.telegram - INFO - Incoming update: {'update_id': 1000, 'message': {'message_id': 1000, 'from': {'id': 8538224711, 'is_bot': False, 'first_name': 'Test', 'username': 'testuser'}, 'chat': {'id': 8538224711, 'first_name': 'Test', 'type': 'private'}, 'date': 1708272000, 'text': 'Hello again, verification test.'}}
INFO:     127.0.0.1:58620 - "POST /api/telegram/webhook HTTP/1.1" 200 OK
2026-02-18 16:36:21,403 - app.routers.telegram - INFO - Processing update for chat_id 8538224711, text: Hello again, verification test.
2026-02-18 16:36:21,403 - app.routers.telegram - INFO - Parallelizing profile fetch and embedding for 8538224711
2026-02-18 16:36:21,408 - app.services.embeddings - INFO - Generating embedding (query) - Attempt 1
2026-02-18 16:36:22,289 - httpx - INFO - HTTP Request: GET https://htiundwxiwwdkieevylu.supabase.co/rest/v1/profiles?select=%2A&telegram_chat_id=eq.8538224711 "HTTP/2 200 OK"
2026-02-18 16:36:23,411 - app.routers.telegram - INFO - Retrieved 5 memories for context
2026-02-18 16:36:23,411 - app.routers.telegram - INFO - Calling Groq for user: testuser
2026-02-18 16:36:24,293 - httpx - INFO - HTTP Request: POST https://api.groq.com/openai/v1/chat/completions "HTTP/1.1 200 OK"
2026-02-18 16:36:24,307 - app.routers.telegram - INFO - Received Groq response: Let's skip the verification test and dive right in...
2026-02-18 16:36:24,307 - app.routers.telegram - INFO - Sending response to chat_id 8538224711
2026-02-18 16:36:24,308 - app.routers.telegram - INFO - Sending message to chat_id 8538224711: Let's skip the verification test and dive right in...
2026-02-18 16:36:24,932 - httpx - INFO - HTTP Request: POST https://api.telegram.org/bot8590847265:AAEhXjws5Xp1x-mERLLEX-GF3gQAnIe61Ok/sendMessage "HTTP/2 200 OK"
2026-02-18 16:36:24,934 - app.routers.telegram - INFO - Successfully sent message to 8538224711
2026-02-18 16:36:25,432 - app.services.embeddings - INFO - Generating embedding (passage) - Attempt 1
2026-02-18 16:36:31,298 - app.routers.telegram - INFO - Saved chat interaction to Pinecone
INFO:     2607:fb90:ada0:4af:6108:8e8f:434f:3e64:0 - "POST /api/telegram/webhook HTTP/1.1" 401 Unauthorized
2026-02-18 16:40:21,070 - app.routers.telegram - INFO - Incoming update: {'update_id': 85484325, 'message': {'message_id': 87, 'from': {'id': 8538224711, 'is_bot': False, 'first_name': 'Jim', 'last_name': 'Kali', 'language_code': 'en'}, 'chat': {'id': 8538224711, 'first_name': 'Jim', 'last_name': 'Kali', 'type': 'private'}, 'date': 1771450820, 'text': 'Hello'}}
INFO:     91.108.5.42:0 - "POST /api/telegram/webhook HTTP/1.1" 200 OK
2026-02-18 16:40:21,070 - app.routers.telegram - INFO - Processing update for chat_id 8538224711, text: Hello
2026-02-18 16:40:21,071 - app.routers.telegram - INFO - Parallelizing profile fetch and embedding for 8538224711
2026-02-18 16:40:21,071 - app.services.embeddings - INFO - Generating embedding (query) - Attempt 1
2026-02-18 16:40:22,798 - httpx - INFO - HTTP Request: GET https://htiundwxiwwdkieevylu.supabase.co/rest/v1/profiles?select=%2A&telegram_chat_id=eq.8538224711 "HTTP/2 200 OK"
2026-02-18 16:40:36,344 - app.routers.telegram - INFO - Retrieved 5 memories for context
2026-02-18 16:40:36,345 - app.routers.telegram - INFO - Calling Groq for user: User
2026-02-18 16:40:37,179 - httpx - INFO - HTTP Request: POST https://api.groq.com/openai/v1/chat/completions "HTTP/1.1 200 OK"
2026-02-18 16:40:37,181 - app.routers.telegram - INFO - Received Groq response: Let's get this conversation started with a simple ...
2026-02-18 16:40:37,181 - app.routers.telegram - INFO - Sending response to chat_id 8538224711
2026-02-18 16:40:37,181 - app.routers.telegram - INFO - Sending message to chat_id 8538224711: Let's get this conversation started with a simple ...
2026-02-18 16:40:38,699 - httpx - INFO - HTTP Request: POST https://api.telegram.org/bot8590847265:AAEhXjws5Xp1x-mERLLEX-GF3gQAnIe61Ok/sendMessage "HTTP/2 200 OK"
2026-02-18 16:40:38,701 - app.routers.telegram - INFO - Successfully sent message to 8538224711
2026-02-18 16:40:41,662 - app.services.embeddings - INFO - Generating embedding (passage) - Attempt 1
2026-02-18 16:40:45,954 - app.routers.telegram - INFO - Incoming update: {'update_id': 85484326, 'message': {'message_id': 89, 'from': {'id': 8538224711, 'is_bot': False, 'first_name': 'Jim', 'last_name': 'Kali', 'language_code': 'en'}, 'chat': {'id': 8538224711, 'first_name': 'Jim', 'last_name': 'Kali', 'type': 'private'}, 'date': 1771450845, 'text': 'Hi'}}
INFO:     91.108.5.42:0 - "POST /api/telegram/webhook HTTP/1.1" 200 OK
2026-02-18 16:40:45,955 - app.routers.telegram - INFO - Processing update for chat_id 8538224711, text: Hi
2026-02-18 16:40:45,955 - app.routers.telegram - INFO - Parallelizing profile fetch and embedding for 8538224711
2026-02-18 16:40:45,955 - app.services.embeddings - INFO - Generating embedding (query) - Attempt 1
2026-02-18 16:40:46,698 - httpx - INFO - HTTP Request: GET https://htiundwxiwwdkieevylu.supabase.co/rest/v1/profiles?select=%2A&telegram_chat_id=eq.8538224711 "HTTP/2 200 OK"
2026-02-18 16:40:53,721 - app.routers.telegram - INFO - Retrieved 5 memories for context
2026-02-18 16:40:53,721 - app.routers.telegram - INFO - Calling Groq for user: User
2026-02-18 16:40:54,751 - httpx - INFO - HTTP Request: POST https://api.groq.com/openai/v1/chat/completions "HTTP/1.1 200 OK"
2026-02-18 16:40:54,752 - app.routers.telegram - INFO - Received Groq response: Let's try something different to break the cycle o...
2026-02-18 16:40:54,752 - app.routers.telegram - INFO - Sending response to chat_id 8538224711
2026-02-18 16:40:54,752 - app.routers.telegram - INFO - Sending message to chat_id 8538224711: Let's try something different to break the cycle o...
2026-02-18 16:40:55,100 - app.routers.telegram - INFO - Saved chat interaction to Pinecone
2026-02-18 16:40:57,380 - httpx - INFO - HTTP Request: POST https://api.telegram.org/bot8590847265:AAEhXjws5Xp1x-mERLLEX-GF3gQAnIe61Ok/sendMessage "HTTP/2 200 OK"
2026-02-18 16:40:57,381 - app.routers.telegram - INFO - Successfully sent message to 8538224711
2026-02-18 16:40:58,620 - app.services.embeddings - INFO - Generating embedding (passage) - Attempt 1
2026-02-18 16:41:04,028 - app.routers.telegram - INFO - Saved chat interaction to Pinecone
2026-02-18 16:41:08,407 - app.routers.telegram - INFO - Incoming update: {'update_id': 85484327, 'message': {'message_id': 91, 'from': {'id': 8538224711, 'is_bot': False, 'first_name': 'Jim', 'last_name': 'Kali', 'language_code': 'en'}, 'chat': {'id': 8538224711, 'first_name': 'Jim', 'last_name': 'Kali', 'type': 'private'}, 'date': 1771450868, 'text': 'How you doing'}}
INFO:     91.108.5.42:0 - "POST /api/telegram/webhook HTTP/1.1" 200 OK
2026-02-18 16:41:08,408 - app.routers.telegram - INFO - Processing update for chat_id 8538224711, text: How you doing
2026-02-18 16:41:08,408 - app.routers.telegram - INFO - Parallelizing profile fetch and embedding for 8538224711
2026-02-18 16:41:08,408 - app.services.embeddings - INFO - Generating embedding (query) - Attempt 1
2026-02-18 16:41:14,005 - httpx - INFO - HTTP Request: GET https://htiundwxiwwdkieevylu.supabase.co/rest/v1/profiles?select=%2A&telegram_chat_id=eq.8538224711 "HTTP/2 200 OK"
2026-02-18 16:41:15,629 - app.routers.telegram - INFO - Retrieved 5 memories for context
2026-02-18 16:41:15,630 - app.routers.telegram - INFO - Calling Groq for user: User
2026-02-18 16:41:18,341 - httpx - INFO - HTTP Request: POST https://api.groq.com/openai/v1/chat/completions "HTTP/1.1 200 OK"
2026-02-18 16:41:18,343 - app.routers.telegram - INFO - Received Groq response: I'm doing great, thanks for asking. Since you've s...
2026-02-18 16:41:18,343 - app.routers.telegram - INFO - Sending response to chat_id 8538224711
2026-02-18 16:41:18,343 - app.routers.telegram - INFO - Sending message to chat_id 8538224711: I'm doing great, thanks for asking. Since you've s...
2026-02-18 16:41:20,986 - httpx - INFO - HTTP Request: POST https://api.telegram.org/bot8590847265:AAEhXjws5Xp1x-mERLLEX-GF3gQAnIe61Ok/sendMessage "HTTP/2 200 OK"
2026-02-18 16:41:20,987 - app.routers.telegram - INFO - Successfully sent message to 8538224711
2026-02-18 16:41:22,520 - app.services.embeddings - INFO - Generating embedding (passage) - Attempt 1
2026-02-18 16:41:29,305 - app.routers.telegram - INFO - Saved chat interaction to Pinecone
WARNING:  StatReload detected changes in 'app/main.py'. Reloading...
INFO:     Shutting down
INFO:     Waiting for application shutdown.
INFO:     Application shutdown complete.
INFO:     Finished server process [82418]
INFO:     Started server process [84837]
INFO:     Waiting for application startup.
2026-02-18 16:46:49,594 - app.main - INFO - Warming up embedding model...
2026-02-18 16:46:49,595 - app.services.embeddings - INFO - Generating embedding (query) - Attempt 1
2026-02-18 16:46:58,786 - app.main - INFO - Embedding model warmed up
INFO:     Application startup complete.
WARNING:  StatReload detected changes in 'app/services/pinecone.py'. Reloading...
INFO:     Shutting down
INFO:     Waiting for application shutdown.
INFO:     Application shutdown complete.
INFO:     Finished server process [84837]
INFO:     Started server process [84922]
INFO:     Waiting for application startup.
2026-02-18 16:47:13,127 - app.main - INFO - Warming up embedding model...
2026-02-18 16:47:13,127 - app.services.embeddings - INFO - Generating embedding (query) - Attempt 1
2026-02-18 16:47:27,861 - urllib3.connectionpool - WARNING - Retrying (JitterRetry(total=4, connect=None, read=None, redirect=None, status=None)) after connection broken by 'SSLError(SSLEOFError(8, '[SSL: UNEXPECTED_EOF_WHILE_READING] EOF occurred in violation of protocol (_ssl.c:1081)'))': /embed
2026-02-18 16:47:31,454 - app.main - INFO - Embedding model warmed up
INFO:     Application startup complete.
WARNING:  StatReload detected changes in 'app/routers/telegram.py'. Reloading...
INFO:     Shutting down
INFO:     Waiting for application shutdown.
INFO:     Application shutdown complete.
INFO:     Finished server process [84922]
INFO:     Started server process [85052]
INFO:     Waiting for application startup.
2026-02-18 16:47:53,313 - app.main - INFO - Warming up embedding model...
2026-02-18 16:47:53,313 - app.services.embeddings - INFO - Generating embedding (query) - Attempt 1
2026-02-18 16:48:03,160 - app.main - INFO - Embedding model warmed up
INFO:     Application startup complete.
WARNING:  StatReload detected changes in 'app/services/pinecone.py'. Reloading...
INFO:     Shutting down
INFO:     Waiting for application shutdown.
INFO:     Application shutdown complete.
INFO:     Finished server process [85052]
INFO:     Started server process [85107]
INFO:     Waiting for application startup.
2026-02-18 16:48:07,746 - app.main - INFO - Warming up embedding model...
2026-02-18 16:48:07,746 - app.services.embeddings - INFO - Generating embedding (query) - Attempt 1
2026-02-18 16:48:16,243 - app.main - INFO - Embedding model warmed up
INFO:     Application startup complete.
WARNING:  StatReload detected changes in 'app/services/supabase.py'. Reloading...
INFO:     Shutting down
INFO:     Waiting for application shutdown.
INFO:     Application shutdown complete.
INFO:     Finished server process [85107]
INFO:     Started server process [86276]
INFO:     Waiting for application startup.
2026-02-18 16:53:58,467 - app.main - INFO - Warming up embedding model...
2026-02-18 16:53:58,467 - app.services.embeddings - INFO - Generating embedding (query) - Attempt 1
2026-02-18 16:53:59,037 - app.main - INFO - Embedding model warmed up
INFO:     Application startup complete.
WARNING:  StatReload detected changes in 'app/routers/telegram.py'. Reloading...
INFO:     Shutting down
INFO:     Waiting for application shutdown.
INFO:     Application shutdown complete.
INFO:     Finished server process [86276]
INFO:     Started server process [86315]
INFO:     Waiting for application startup.
2026-02-18 16:54:08,941 - app.main - INFO - Warming up embedding model...
2026-02-18 16:54:08,941 - app.services.embeddings - INFO - Generating embedding (query) - Attempt 1
2026-02-18 16:54:12,450 - app.main - INFO - Embedding model warmed up
INFO:     Application startup complete.
WARNING:  StatReload detected changes in 'app/routers/telegram.py'. Reloading...
INFO:     Shutting down
INFO:     Waiting for application shutdown.
INFO:     Application shutdown complete.
INFO:     Finished server process [86315]
INFO:     Started server process [86365]
INFO:     Waiting for application startup.
2026-02-18 16:54:22,143 - app.main - INFO - Warming up embedding model...
2026-02-18 16:54:22,143 - app.services.embeddings - INFO - Generating embedding (query) - Attempt 1
2026-02-18 16:54:25,442 - app.main - INFO - Embedding model warmed up
INFO:     Application startup complete.
WARNING:  StatReload detected changes in 'app/services/pinecone.py'. Reloading...
INFO:     Shutting down
INFO:     Waiting for application shutdown.
INFO:     Application shutdown complete.
INFO:     Finished server process [86365]
INFO:     Started server process [86401]
INFO:     Waiting for application startup.
2026-02-18 16:54:33,011 - app.main - INFO - Warming up embedding model...
2026-02-18 16:54:33,011 - app.services.embeddings - INFO - Generating embedding (query) - Attempt 1
2026-02-18 16:54:35,254 - app.main - INFO - Embedding model warmed up
INFO:     Application startup complete.
2026-02-18 16:59:43,992 - app.routers.telegram - INFO - Incoming update: {'update_id': 2000, 'message': {'message_id': 2000, 'from': {'id': 999999999, 'is_bot': False, 'first_name': 'GroqTest', 'username': 'groqtester'}, 'chat': {'id': 999999999, 'first_name': 'GroqTest', 'type': 'private'}, 'date': 1708275000, 'text': 'Tell me a short joke about coding.'}}
INFO:     127.0.0.1:59449 - "POST /api/telegram/webhook HTTP/1.1" 200 OK
2026-02-18 16:59:43,993 - app.routers.telegram - INFO - Processing update for chat_id 999999999, text: Tell me a short joke about coding.
2026-02-18 16:59:43,993 - app.routers.telegram - INFO - Parallelizing profile fetch and embedding for 999999999
2026-02-18 16:59:43,998 - app.services.embeddings - INFO - Generating embedding (query) - Attempt 1
2026-02-18 16:59:44,692 - httpx - INFO - HTTP Request: GET https://htiundwxiwwdkieevylu.supabase.co/rest/v1/profiles?select=%2A&telegram_chat_id=eq.999999999 "HTTP/2 200 OK"
2026-02-18 17:00:14,715 - app.routers.telegram - INFO - Incoming update: {'update_id': 2001, 'message': {'message_id': 2001, 'from': {'id': 8538224711, 'is_bot': False, 'first_name': 'Jim', 'username': 'JimKali'}, 'chat': {'id': 8538224711, 'first_name': 'Jim', 'type': 'private'}, 'date': 1708276000, 'text': 'What is the capital of France?'}}
INFO:     127.0.0.1:59465 - "POST /api/telegram/webhook HTTP/1.1" 200 OK
2026-02-18 17:00:14,715 - app.routers.telegram - INFO - Processing update for chat_id 8538224711, text: What is the capital of France?
2026-02-18 17:00:14,715 - app.routers.telegram - INFO - Parallelizing profile fetch and embedding for 8538224711
2026-02-18 17:00:14,715 - app.services.embeddings - INFO - Generating embedding (query) - Attempt 1
2026-02-18 17:00:15,168 - httpx - INFO - HTTP Request: GET https://htiundwxiwwdkieevylu.supabase.co/rest/v1/profiles?select=%2A&telegram_chat_id=eq.8538224711 "HTTP/2 200 OK"
2026-02-18 17:00:15,170 - app.routers.telegram - INFO - Skipping memory retrieval (New user: 0 messages)
2026-02-18 17:00:15,171 - app.routers.telegram - INFO - Calling Groq for user: JimKali
2026-02-18 17:00:16,020 - httpx - INFO - HTTP Request: POST https://api.groq.com/openai/v1/chat/completions "HTTP/1.1 200 OK"
2026-02-18 17:00:16,038 - app.routers.telegram - INFO - Received Groq response: The capital of France is Paris, but since we're fo...
2026-02-18 17:00:16,038 - app.routers.telegram - INFO - Sending response to chat_id 8538224711
2026-02-18 17:00:16,038 - app.routers.telegram - INFO - Sending message to chat_id 8538224711: The capital of France is Paris, but since we're fo...
2026-02-18 17:00:16,075 - app.routers.telegram - ERROR - Failed to send message to 8538224711: [SSL: SSLV3_ALERT_HANDSHAKE_FAILURE] ssl/tls alert handshake failure (_ssl.c:1081)
2026-02-18 17:00:16,711 - app.services.embeddings - INFO - Generating embedding (passage) - Attempt 1
2026-02-18 17:00:17,148 - app.routers.telegram - INFO - Saved chat interaction to Pinecone
2026-02-18 17:00:17,315 - httpx - INFO - HTTP Request: POST https://htiundwxiwwdkieevylu.supabase.co/rest/v1/rpc/increment_message_count "HTTP/2 204 No Content"
WARNING:  StatReload detected changes in 'app/routers/telegram.py'. Reloading...
INFO:     Shutting down
INFO:     Waiting for background tasks to complete. (CTRL+C to force quit)
2026-02-18 17:02:13,025 - urllib3.connectionpool - WARNING - Retrying (JitterRetry(total=4, connect=None, read=None, redirect=None, status=None)) after connection broken by 'OSError(65, 'No route to host')': /embed
2026-02-18 17:02:13,398 - app.routers.telegram - WARNING - User 999999999 not linked (chat_id: 999999999)
2026-02-18 17:02:13,399 - app.routers.telegram - INFO - Sending message to chat_id 999999999: Account not linked. Please use the link from your ...
2026-02-18 17:02:13,433 - app.routers.telegram - ERROR - Failed to send message to 999999999: [SSL: SSLV3_ALERT_HANDSHAKE_FAILURE] ssl/tls alert handshake failure (_ssl.c:1081)
INFO:     Waiting for application shutdown.
INFO:     Application shutdown complete.
INFO:     Finished server process [86401]
INFO:     Started server process [87921]
INFO:     Waiting for application startup.
2026-02-18 17:02:14,027 - app.main - INFO - Warming up embedding model...
2026-02-18 17:02:14,027 - app.services.embeddings - INFO - Generating embedding (query) - Attempt 1
2026-02-18 17:02:14,397 - app.main - INFO - Embedding model warmed up
INFO:     Application startup complete.
2026-02-18 17:02:14,400 - app.routers.telegram - INFO - Incoming update: {'update_id': 2003, 'message': {'message_id': 2003, 'from': {'id': 8538224711, 'is_bot': False, 'first_name': 'Jim', 'username': 'JimKali'}, 'chat': {'id': 8538224711, 'first_name': 'Jim', 'type': 'private'}, 'date': 1708277000, 'text': 'Are we connected?'}}
INFO:     127.0.0.1:59484 - "POST /api/telegram/webhook HTTP/1.1" 200 OK
2026-02-18 17:02:14,401 - app.routers.telegram - INFO - Processing update for chat_id 8538224711, text: Are we connected?
2026-02-18 17:02:14,401 - app.routers.telegram - INFO - Parallelizing profile fetch and embedding for 8538224711
2026-02-18 17:02:14,410 - app.services.embeddings - INFO - Generating embedding (query) - Attempt 1
2026-02-18 17:02:14,684 - httpx - INFO - HTTP Request: GET https://htiundwxiwwdkieevylu.supabase.co/rest/v1/profiles?select=%2A&telegram_chat_id=eq.8538224711 "HTTP/2 200 OK"
2026-02-18 17:02:14,686 - app.routers.telegram - INFO - Skipping memory retrieval (New user: 1 messages)
2026-02-18 17:02:14,686 - app.routers.telegram - INFO - Calling Groq for user: JimKali
2026-02-18 17:02:15,219 - httpx - INFO - HTTP Request: POST https://api.groq.com/openai/v1/chat/completions "HTTP/1.1 200 OK"
2026-02-18 17:02:15,235 - app.routers.telegram - INFO - Received Groq response: We're just getting started, so not quite yet. To h...
2026-02-18 17:02:15,235 - app.routers.telegram - INFO - Sending response to chat_id 8538224711
2026-02-18 17:02:15,235 - app.routers.telegram - INFO - Sending message to chat_id 8538224711: We're just getting started, so not quite yet. To h...
2026-02-18 17:02:15,266 - app.routers.telegram - ERROR - Failed to send message to 8538224711: [SSL: SSLV3_ALERT_HANDSHAKE_FAILURE] ssl/tls alert handshake failure (_ssl.c:1081)
2026-02-18 17:02:15,742 - app.services.embeddings - INFO - Generating embedding (passage) - Attempt 1
2026-02-18 17:02:16,189 - app.routers.telegram - INFO - Saved chat interaction to Pinecone
2026-02-18 17:02:16,336 - httpx - INFO - HTTP Request: POST https://htiundwxiwwdkieevylu.supabase.co/rest/v1/rpc/increment_message_count "HTTP/2 204 No Content"
WARNING:  StatReload detected changes in 'app/routers/telegram.py'. Reloading...
INFO:     Shutting down
INFO:     Waiting for application shutdown.
INFO:     Application shutdown complete.
INFO:     Finished server process [87921]
INFO:     Started server process [88018]
INFO:     Waiting for application startup.
2026-02-18 17:02:39,250 - app.main - INFO - Warming up embedding model...
2026-02-18 17:02:39,250 - app.services.embeddings - INFO - Generating embedding (query) - Attempt 1
2026-02-18 17:02:39,473 - app.main - INFO - Embedding model warmed up
INFO:     Application startup complete.
2026-02-18 17:02:45,470 - app.routers.telegram - INFO - Incoming update: {'update_id': 2004, 'message': {'message_id': 2004, 'from': {'id': 8538224711, 'is_bot': False, 'first_name': 'Jim', 'username': 'JimKali'}, 'chat': {'id': 8538224711, 'first_name': 'Jim', 'type': 'private'}, 'date': 1708278000, 'text': 'Final system check.'}}
INFO:     127.0.0.1:59529 - "POST /api/telegram/webhook HTTP/1.1" 200 OK
2026-02-18 17:02:45,471 - app.routers.telegram - INFO - Processing update for chat_id 8538224711, text: Final system check.
2026-02-18 17:02:45,471 - app.routers.telegram - INFO - Parallelizing profile fetch and embedding for 8538224711
2026-02-18 17:02:45,475 - app.services.embeddings - INFO - Generating embedding (query) - Attempt 1
2026-02-18 17:02:45,626 - httpx - INFO - HTTP Request: GET https://htiundwxiwwdkieevylu.supabase.co/rest/v1/profiles?select=%2A&telegram_chat_id=eq.8538224711 "HTTP/2 200 OK"
2026-02-18 17:02:45,714 - app.routers.telegram - INFO - Skipping memory retrieval (New user: 2 messages)
2026-02-18 17:02:45,715 - app.routers.telegram - INFO - Calling Groq for user: JimKali
2026-02-18 17:02:46,179 - httpx - INFO - HTTP Request: POST https://api.groq.com/openai/v1/chat/completions "HTTP/1.1 200 OK"
2026-02-18 17:02:46,195 - app.routers.telegram - INFO - Received Groq response: Let's get this social party started. To help me ta...
2026-02-18 17:02:46,195 - app.routers.telegram - INFO - Sending response to chat_id 8538224711
2026-02-18 17:02:46,195 - app.routers.telegram - INFO - Sending message to chat_id 8538224711: Let's get this social party started. To help me ta...
2026-02-18 17:02:46,275 - app.routers.telegram - ERROR - Failed to send message to 8538224711: HTTPSConnectionPool(host='api.telegram.org', port=443): Max retries exceeded with url: /bot8590847265:AAEhXjws5Xp1x-mERLLEX-GF3gQAnIe61Ok/sendMessage (Caused by SSLError(SSLError(1, '[SSL: SSLV3_ALERT_HANDSHAKE_FAILURE] ssl/tls alert handshake failure (_ssl.c:1081)')))
2026-02-18 17:02:46,945 - app.services.embeddings - INFO - Generating embedding (passage) - Attempt 1
2026-02-18 17:02:47,356 - app.routers.telegram - INFO - Saved chat interaction to Pinecone
2026-02-18 17:02:47,488 - httpx - INFO - HTTP Request: POST https://htiundwxiwwdkieevylu.supabase.co/rest/v1/rpc/increment_message_count "HTTP/2 204 No Content"
WARNING:  StatReload detected changes in 'app/routers/telegram.py'. Reloading...
INFO:     Shutting down
INFO:     Waiting for application shutdown.
INFO:     Application shutdown complete.
INFO:     Finished server process [88018]
INFO:     Started server process [88110]
INFO:     Waiting for application startup.
2026-02-18 17:03:04,697 - app.main - INFO - Warming up embedding model...
2026-02-18 17:03:04,697 - app.services.embeddings - INFO - Generating embedding (query) - Attempt 1
2026-02-18 17:03:04,916 - app.main - INFO - Embedding model warmed up
INFO:     Application startup complete.
2026-02-18 17:03:11,238 - app.routers.telegram - INFO - Incoming update: {'update_id': 2005, 'message': {'message_id': 2005, 'from': {'id': 8538224711, 'is_bot': False, 'first_name': 'Jim', 'username': 'JimKali'}, 'chat': {'id': 8538224711, 'first_name': 'Jim', 'type': 'private'}, 'date': 1708279000, 'text': 'Did the fix work?'}}
INFO:     127.0.0.1:59544 - "POST /api/telegram/webhook HTTP/1.1" 200 OK
2026-02-18 17:03:11,239 - app.routers.telegram - INFO - Processing update for chat_id 8538224711, text: Did the fix work?
2026-02-18 17:03:11,239 - app.routers.telegram - INFO - Parallelizing profile fetch and embedding for 8538224711
2026-02-18 17:03:11,242 - app.services.embeddings - INFO - Generating embedding (query) - Attempt 1
2026-02-18 17:03:11,402 - httpx - INFO - HTTP Request: GET https://htiundwxiwwdkieevylu.supabase.co/rest/v1/profiles?select=%2A&telegram_chat_id=eq.8538224711 "HTTP/2 200 OK"
2026-02-18 17:03:11,415 - app.routers.telegram - INFO - Skipping memory retrieval (New user: 3 messages)
2026-02-18 17:03:11,415 - app.routers.telegram - INFO - Calling Groq for user: JimKali
2026-02-18 17:03:11,677 - httpx - INFO - HTTP Request: POST https://api.groq.com/openai/v1/chat/completions "HTTP/1.1 200 OK"
2026-02-18 17:03:11,692 - app.routers.telegram - INFO - Received Groq response: Since we've just started, I'm not aware of any fix...
2026-02-18 17:03:11,692 - app.routers.telegram - INFO - Sending response to chat_id 8538224711
2026-02-18 17:03:11,692 - app.routers.telegram - INFO - Sending message to chat_id 8538224711: Since we've just started, I'm not aware of any fix...
2026-02-18 17:03:11,795 - app.routers.telegram - INFO - Successfully sent message to 8538224711 (via curl)
2026-02-18 17:03:12,209 - app.services.embeddings - INFO - Generating embedding (passage) - Attempt 1
2026-02-18 17:03:12,846 - app.routers.telegram - INFO - Saved chat interaction to Pinecone
2026-02-18 17:03:13,003 - httpx - INFO - HTTP Request: POST https://htiundwxiwwdkieevylu.supabase.co/rest/v1/rpc/increment_message_count "HTTP/2 204 No Content"
2026-02-18 17:04:50,460 - app.routers.telegram - INFO - Incoming update: {'update_id': 85484332, 'message': {'message_id': 97, 'from': {'id': 8538224711, 'is_bot': False, 'first_name': 'Jim', 'last_name': 'Kali', 'language_code': 'en'}, 'chat': {'id': 8538224711, 'first_name': 'Jim', 'last_name': 'Kali', 'type': 'private'}, 'date': 1771452290, 'text': 'Hello'}}
INFO:     91.108.5.42:0 - "POST /api/telegram/webhook HTTP/1.1" 200 OK
2026-02-18 17:04:50,461 - app.routers.telegram - INFO - Processing update for chat_id 8538224711, text: Hello
2026-02-18 17:04:50,461 - app.routers.telegram - INFO - Parallelizing profile fetch and embedding for 8538224711
2026-02-18 17:04:50,461 - app.services.embeddings - INFO - Generating embedding (query) - Attempt 1
2026-02-18 17:04:51,278 - httpx - INFO - HTTP Request: GET https://htiundwxiwwdkieevylu.supabase.co/rest/v1/profiles?select=%2A&telegram_chat_id=eq.8538224711 "HTTP/2 200 OK"
2026-02-18 17:04:51,645 - app.routers.telegram - INFO - Retrieved 5 memories for context
2026-02-18 17:04:51,646 - app.routers.telegram - INFO - Calling Groq for user: User
2026-02-18 17:04:52,090 - httpx - INFO - HTTP Request: POST https://api.groq.com/openai/v1/chat/completions "HTTP/1.1 200 OK"
2026-02-18 17:04:52,093 - app.routers.telegram - INFO - Received Groq response: I've noticed you've said hello a few times already...
2026-02-18 17:04:52,093 - app.routers.telegram - INFO - Sending response to chat_id 8538224711
2026-02-18 17:04:52,093 - app.routers.telegram - INFO - Sending message to chat_id 8538224711: I've noticed you've said hello a few times already...
2026-02-18 17:04:52,180 - app.routers.telegram - INFO - Successfully sent message to 8538224711 (via curl)
2026-02-18 17:04:52,445 - app.services.embeddings - INFO - Generating embedding (passage) - Attempt 1
2026-02-18 17:04:52,995 - app.routers.telegram - INFO - Saved chat interaction to Pinecone
2026-02-18 17:04:53,152 - httpx - INFO - HTTP Request: POST https://htiundwxiwwdkieevylu.supabase.co/rest/v1/rpc/increment_message_count "HTTP/2 204 No Content"
INFO:     127.0.0.1:59685 - "GET /health HTTP/1.1" 200 OK
2026-02-18 17:07:42,446 - app.routers.telegram - INFO - Incoming update: {'update_id': 4000, 'message': {'message_id': 4000, 'from': {'id': 8538224711, 'is_bot': False, 'first_name': 'Jim', 'username': 'JimKali'}, 'chat': {'id': 8538224711, 'first_name': 'Jim', 'type': 'private'}, 'date': 1708282000, 'text': 'Latency check.'}}
INFO:     2607:fb90:ad94:487a:5458:8017:d312:17d5:0 - "POST /api/telegram/webhook HTTP/1.1" 200 OK
2026-02-18 17:07:42,448 - app.routers.telegram - INFO - Processing update for chat_id 8538224711, text: Latency check.
2026-02-18 17:07:42,448 - app.routers.telegram - INFO - Parallelizing profile fetch and embedding for 8538224711
2026-02-18 17:07:42,448 - app.services.embeddings - INFO - Generating embedding (query) - Attempt 1
2026-02-18 17:07:42,977 - httpx - INFO - HTTP Request: GET https://htiundwxiwwdkieevylu.supabase.co/rest/v1/profiles?select=%2A&telegram_chat_id=eq.8538224711 "HTTP/2 200 OK"
2026-02-18 17:08:00,751 - urllib3.connectionpool - WARNING - Retrying (JitterRetry(total=4, connect=None, read=None, redirect=None, status=None)) after connection broken by 'OSError(49, "Can't assign requested address")': /embed
2026-02-18 17:08:05,418 - app.routers.telegram - INFO - Retrieved 5 memories for context
2026-02-18 17:08:05,418 - app.routers.telegram - INFO - Calling Groq for user: JimKali
2026-02-18 17:08:07,002 - httpx - INFO - HTTP Request: POST https://api.groq.com/openai/v1/chat/completions "HTTP/1.1 200 OK"
2026-02-18 17:08:07,004 - app.routers.telegram - INFO - Received Groq response: Now that we've got the connection checks out of th...
2026-02-18 17:08:07,004 - app.routers.telegram - INFO - Sending response to chat_id 8538224711
2026-02-18 17:08:07,004 - app.routers.telegram - INFO - Sending message to chat_id 8538224711: Now that we've got the connection checks out of th...
2026-02-18 17:08:07,632 - app.routers.telegram - INFO - Successfully sent message to 8538224711 (via curl)
2026-02-18 17:08:08,653 - app.services.embeddings - INFO - Generating embedding (passage) - Attempt 1
2026-02-18 17:08:10,406 - app.routers.telegram - INFO - Saved chat interaction to Pinecone
2026-02-18 17:08:10,757 - httpx - INFO - HTTP Request: POST https://htiundwxiwwdkieevylu.supabase.co/rest/v1/rpc/increment_message_count "HTTP/2 204 No Content"
2026-02-18 17:08:18,370 - app.routers.telegram - INFO - Incoming update: {'update_id': 85484339, 'message': {'message_id': 105, 'from': {'id': 8538224711, 'is_bot': False, 'first_name': 'Jim', 'last_name': 'Kali', 'language_code': 'en'}, 'chat': {'id': 8538224711, 'first_name': 'Jim', 'last_name': 'Kali', 'type': 'private'}, 'date': 1771452498, 'text': 'What going on'}}
INFO:     91.108.5.42:0 - "POST /api/telegram/webhook HTTP/1.1" 200 OK
2026-02-18 17:08:18,371 - app.routers.telegram - INFO - Processing update for chat_id 8538224711, text: What going on
2026-02-18 17:08:18,371 - app.routers.telegram - INFO - Parallelizing profile fetch and embedding for 8538224711
2026-02-18 17:08:18,371 - app.services.embeddings - INFO - Generating embedding (query) - Attempt 1
2026-02-18 17:08:18,702 - httpx - INFO - HTTP Request: GET https://htiundwxiwwdkieevylu.supabase.co/rest/v1/profiles?select=%2A&telegram_chat_id=eq.8538224711 "HTTP/2 200 OK"
2026-02-18 17:08:19,188 - app.routers.telegram - INFO - Retrieved 5 memories for context
2026-02-18 17:08:19,188 - app.routers.telegram - INFO - Calling Groq for user: User
2026-02-18 17:08:19,965 - httpx - INFO - HTTP Request: POST https://api.groq.com/openai/v1/chat/completions "HTTP/1.1 200 OK"
2026-02-18 17:08:19,967 - app.routers.telegram - INFO - Received Groq response: It seems like we've had a few false starts with ou...
2026-02-18 17:08:19,967 - app.routers.telegram - INFO - Sending response to chat_id 8538224711
2026-02-18 17:08:19,967 - app.routers.telegram - INFO - Sending message to chat_id 8538224711: It seems like we've had a few false starts with ou...
2026-02-18 17:08:20,683 - app.routers.telegram - INFO - Successfully sent message to 8538224711 (via curl)
2026-02-18 17:08:21,871 - app.services.embeddings - INFO - Generating embedding (passage) - Attempt 1
2026-02-18 17:08:23,622 - app.routers.telegram - INFO - Saved chat interaction to Pinecone
2026-02-18 17:08:23,860 - httpx - INFO - HTTP Request: POST https://htiundwxiwwdkieevylu.supabase.co/rest/v1/rpc/increment_message_count "HTTP/2 204 No Content"
2026-02-18 17:08:41,207 - app.routers.telegram - INFO - Incoming update: {'update_id': 85484340, 'message': {'message_id': 107, 'from': {'id': 8538224711, 'is_bot': False, 'first_name': 'Jim', 'last_name': 'Kali', 'language_code': 'en'}, 'chat': {'id': 8538224711, 'first_name': 'Jim', 'last_name': 'Kali', 'type': 'private'}, 'date': 1771452520, 'text': 'I’m going out shopping with'}}
INFO:     91.108.5.42:0 - "POST /api/telegram/webhook HTTP/1.1" 200 OK
2026-02-18 17:08:41,208 - app.routers.telegram - INFO - Processing update for chat_id 8538224711, text: I’m going out shopping with
2026-02-18 17:08:41,208 - app.routers.telegram - INFO - Parallelizing profile fetch and embedding for 8538224711
2026-02-18 17:08:41,208 - app.services.embeddings - INFO - Generating embedding (query) - Attempt 1
2026-02-18 17:08:41,600 - httpx - INFO - HTTP Request: GET https://htiundwxiwwdkieevylu.supabase.co/rest/v1/profiles?select=%2A&telegram_chat_id=eq.8538224711 "HTTP/2 200 OK"
2026-02-18 17:08:42,155 - app.routers.telegram - INFO - Retrieved 5 memories for context
2026-02-18 17:08:42,155 - app.routers.telegram - INFO - Calling Groq for user: User
2026-02-18 17:08:43,046 - httpx - INFO - HTTP Request: POST https://api.groq.com/openai/v1/chat/completions "HTTP/1.1 200 OK"
2026-02-18 17:08:43,048 - app.routers.telegram - INFO - Received Groq response: You're stepping out of your comfort zone and into ...
2026-02-18 17:08:43,048 - app.routers.telegram - INFO - Sending response to chat_id 8538224711
2026-02-18 17:08:43,048 - app.routers.telegram - INFO - Sending message to chat_id 8538224711: You're stepping out of your comfort zone and into ...
2026-02-18 17:08:43,643 - app.routers.telegram - INFO - Successfully sent message to 8538224711 (via curl)
2026-02-18 17:08:44,352 - app.services.embeddings - INFO - Generating embedding (passage) - Attempt 1
2026-02-18 17:08:45,768 - app.routers.telegram - INFO - Saved chat interaction to Pinecone
2026-02-18 17:08:46,029 - httpx - INFO - HTTP Request: POST https://htiundwxiwwdkieevylu.supabase.co/rest/v1/rpc/increment_message_count "HTTP/2 204 No Content"
2026-02-18 17:08:56,276 - app.routers.telegram - INFO - Incoming update: {'update_id': 85484341, 'message': {'message_id': 109, 'from': {'id': 8538224711, 'is_bot': False, 'first_name': 'Jim', 'last_name': 'Kali', 'language_code': 'en'}, 'chat': {'id': 8538224711, 'first_name': 'Jim', 'last_name': 'Kali', 'type': 'private'}, 'date': 1771452536, 'text': 'Clothes any advice?'}}
INFO:     91.108.5.42:0 - "POST /api/telegram/webhook HTTP/1.1" 200 OK
2026-02-18 17:08:56,277 - app.routers.telegram - INFO - Processing update for chat_id 8538224711, text: Clothes any advice?
2026-02-18 17:08:56,278 - app.routers.telegram - INFO - Parallelizing profile fetch and embedding for 8538224711
2026-02-18 17:08:56,278 - app.services.embeddings - INFO - Generating embedding (query) - Attempt 1
2026-02-18 17:08:57,079 - httpx - INFO - HTTP Request: GET https://htiundwxiwwdkieevylu.supabase.co/rest/v1/profiles?select=%2A&telegram_chat_id=eq.8538224711 "HTTP/2 200 OK"
2026-02-18 17:08:57,988 - app.routers.telegram - INFO - Retrieved 5 memories for context
2026-02-18 17:08:57,989 - app.routers.telegram - INFO - Calling Groq for user: User
2026-02-18 17:08:58,967 - httpx - INFO - HTTP Request: POST https://api.groq.com/openai/v1/chat/completions "HTTP/1.1 200 OK"
2026-02-18 17:08:58,970 - app.routers.telegram - INFO - Received Groq response: When shopping for clothes with someone, try using ...
2026-02-18 17:08:58,970 - app.routers.telegram - INFO - Sending response to chat_id 8538224711
2026-02-18 17:08:58,970 - app.routers.telegram - INFO - Sending message to chat_id 8538224711: When shopping for clothes with someone, try using ...
2026-02-18 17:08:59,540 - app.routers.telegram - INFO - Successfully sent message to 8538224711 (via curl)
2026-02-18 17:09:00,582 - app.services.embeddings - INFO - Generating embedding (passage) - Attempt 1
2026-02-18 17:09:01,786 - app.routers.telegram - INFO - Saved chat interaction to Pinecone
2026-02-18 17:09:02,024 - httpx - INFO - HTTP Request: POST https://htiundwxiwwdkieevylu.supabase.co/rest/v1/rpc/increment_message_count "HTTP/2 204 No Content"
2026-02-18 17:10:01,695 - app.routers.telegram - INFO - Incoming update: {'update_id': 85484343, 'message': {'message_id': 112, 'from': {'id': 8538224711, 'is_bot': False, 'first_name': 'Jim', 'last_name': 'Kali', 'language_code': 'en'}, 'chat': {'id': 8538224711, 'first_name': 'Jim', 'last_name': 'Kali', 'type': 'private'}, 'date': 1771452601, 'text': 'Blazers and jeans'}}
INFO:     91.108.5.42:0 - "POST /api/telegram/webhook HTTP/1.1" 200 OK
2026-02-18 17:10:01,696 - app.routers.telegram - INFO - Processing update for chat_id 8538224711, text: Blazers and jeans
2026-02-18 17:10:01,696 - app.routers.telegram - INFO - Parallelizing profile fetch and embedding for 8538224711
2026-02-18 17:10:01,697 - app.services.embeddings - INFO - Generating embedding (query) - Attempt 1
2026-02-18 17:10:13,328 - httpx - INFO - HTTP Request: GET https://htiundwxiwwdkieevylu.supabase.co/rest/v1/profiles?select=%2A&telegram_chat_id=eq.8538224711 "HTTP/2 200 OK"
2026-02-18 17:10:14,994 - app.routers.telegram - INFO - Retrieved 5 memories for context
2026-02-18 17:10:14,995 - app.routers.telegram - INFO - Calling Groq for user: User
2026-02-18 17:10:15,947 - httpx - INFO - HTTP Request: POST https://api.groq.com/openai/v1/chat/completions "HTTP/1.1 200 OK"
2026-02-18 17:10:15,948 - app.routers.telegram - INFO - Received Groq response: When pairing blazers with jeans, try the "high-low...
2026-02-18 17:10:15,948 - app.routers.telegram - INFO - Sending response to chat_id 8538224711
2026-02-18 17:10:15,948 - app.routers.telegram - INFO - Sending message to chat_id 8538224711: When pairing blazers with jeans, try the "high-low...
2026-02-18 17:10:17,177 - app.routers.telegram - INFO - Successfully sent message to 8538224711 (via curl)
2026-02-18 17:10:19,127 - app.services.embeddings - INFO - Generating embedding (passage) - Attempt 1
2026-02-18 17:10:22,463 - app.routers.telegram - INFO - Saved chat interaction to Pinecone
2026-02-18 17:10:29,185 - httpx - INFO - HTTP Request: POST https://htiundwxiwwdkieevylu.supabase.co/rest/v1/rpc/increment_message_count "HTTP/2 204 No Content"
2026-02-18 17:11:57,844 - app.routers.telegram - INFO - Incoming update: {'update_id': 85484344, 'message': {'message_id': 114, 'from': {'id': 8538224711, 'is_bot': False, 'first_name': 'Jim', 'last_name': 'Kali', 'language_code': 'en'}, 'chat': {'id': 8538224711, 'first_name': 'Jim', 'last_name': 'Kali', 'type': 'private'}, 'date': 1771452717, 'text': 'Night'}}
INFO:     91.108.5.42:0 - "POST /api/telegram/webhook HTTP/1.1" 200 OK
2026-02-18 17:11:57,846 - app.routers.telegram - INFO - Processing update for chat_id 8538224711, text: Night
2026-02-18 17:11:57,846 - app.routers.telegram - INFO - Parallelizing profile fetch and embedding for 8538224711
2026-02-18 17:11:57,847 - app.services.embeddings - INFO - Generating embedding (query) - Attempt 1
2026-02-18 17:11:58,093 - httpx - INFO - HTTP Request: GET https://htiundwxiwwdkieevylu.supabase.co/rest/v1/profiles?select=%2A&telegram_chat_id=eq.8538224711 "HTTP/2 200 OK"
2026-02-18 17:59:59,567 - urllib3.connectionpool - WARNING - Retrying (JitterRetry(total=4, connect=None, read=None, redirect=None, status=None)) after connection broken by 'OSError(65, 'No route to host')': /embed
2026-02-18 18:00:00,192 - urllib3.connectionpool - WARNING - Retrying (JitterRetry(total=3, connect=None, read=None, redirect=None, status=None)) after connection broken by 'NameResolutionError("HTTPSConnection(host='api.pinecone.io', port=443): Failed to resolve 'api.pinecone.io' ([Errno 8] nodename nor servname provided, or not known)")': /embed
2026-02-18 18:00:01,358 - urllib3.connectionpool - WARNING - Retrying (JitterRetry(total=2, connect=None, read=None, redirect=None, status=None)) after connection broken by 'NameResolutionError("HTTPSConnection(host='api.pinecone.io', port=443): Failed to resolve 'api.pinecone.io' ([Errno 8] nodename nor servname provided, or not known)")': /embed
2026-02-18 18:00:03,346 - app.routers.telegram - INFO - Retrieved 5 memories for context
2026-02-18 18:00:03,347 - app.routers.telegram - INFO - Calling Groq for user: User
2026-02-18 18:00:04,357 - httpx - INFO - HTTP Request: POST https://api.groq.com/openai/v1/chat/completions "HTTP/1.1 200 OK"
2026-02-18 18:00:04,359 - app.routers.telegram - INFO - Received Groq response: A simple "Night" - a great way to start winding do...
2026-02-18 18:00:04,359 - app.routers.telegram - INFO - Sending response to chat_id 8538224711
2026-02-18 18:00:04,359 - app.routers.telegram - INFO - Sending message to chat_id 8538224711: A simple "Night" - a great way to start winding do...
2026-02-18 18:00:04,947 - app.routers.telegram - INFO - Successfully sent message to 8538224711 (via curl)
2026-02-18 18:00:05,397 - app.services.embeddings - INFO - Generating embedding (passage) - Attempt 1
2026-02-18 18:00:06,346 - app.routers.telegram - INFO - Saved chat interaction to Pinecone
2026-02-18 18:00:07,473 - httpx - INFO - HTTP Request: POST https://htiundwxiwwdkieevylu.supabase.co/rest/v1/rpc/increment_message_count "HTTP/2 204 No Content"
WARNING:  StatReload detected changes in 'app/routers/telegram.py'. Reloading...
INFO:     Shutting down
INFO:     Waiting for application shutdown.
INFO:     Application shutdown complete.
INFO:     Finished server process [88110]
INFO:     Started server process [7764]
INFO:     Waiting for application startup.
2026-02-18 19:06:18,250 - app.main - INFO - Warming up embedding model...
2026-02-18 19:06:18,250 - app.services.embeddings - INFO - Generating embedding (query) - Attempt 1
2026-02-18 19:06:18,718 - app.main - INFO - Embedding model warmed up
INFO:     Application startup complete.
WARNING:  StatReload detected changes in 'app/routers/telegram.py'. Reloading...
INFO:     Shutting down
INFO:     Waiting for application shutdown.
INFO:     Application shutdown complete.
INFO:     Finished server process [7764]
INFO:     Started server process [10514]
INFO:     Waiting for application startup.
2026-02-18 19:20:20,294 - app.main - INFO - Warming up embedding model...
2026-02-18 19:20:20,294 - app.services.embeddings - INFO - Generating embedding (query) - Attempt 1
2026-02-18 19:20:20,699 - app.main - INFO - Embedding model warmed up
INFO:     Application startup complete.
2026-02-18 19:20:57,539 - app.routers.telegram - INFO - Incoming update: {'update_id': 5001, 'message': {'message_id': 5001, 'from': {'id': 8538224711, 'is_bot': False, 'first_name': 'User', 'username': 'User8538224711'}, 'chat': {'id': 8538224711, 'type': 'private'}, 'date': 1771460457, 'text': 'I have a huge fear of dogs.'}}
INFO:     127.0.0.1:61431 - "POST /api/telegram/webhook HTTP/1.1" 200 OK
2026-02-18 19:20:57,539 - app.routers.telegram - INFO - Processing update for chat_id 8538224711, text: I have a huge fear of dogs.
2026-02-18 19:20:57,539 - app.routers.telegram - INFO - Parallelizing profile fetch and embedding for 8538224711
2026-02-18 19:20:57,543 - app.services.embeddings - INFO - Generating embedding (query) - Attempt 1
2026-02-18 19:20:58,237 - httpx - INFO - HTTP Request: GET https://htiundwxiwwdkieevylu.supabase.co/rest/v1/profiles?select=%2A&telegram_chat_id=eq.8538224711 "HTTP/2 200 OK"
2026-02-18 19:20:59,387 - app.routers.telegram - INFO - Retrieved 5 memories for context
2026-02-18 19:20:59,388 - app.routers.telegram - INFO - Calling Groq for user: User8538224711
2026-02-18 19:21:00,100 - httpx - INFO - HTTP Request: POST https://api.groq.com/openai/v1/chat/completions "HTTP/1.1 200 OK"
2026-02-18 19:21:00,112 - app.routers.telegram - INFO - Received Groq response: When encountering a dog, try using the "redirect a...
2026-02-18 19:21:00,112 - app.routers.telegram - INFO - Sending response to chat_id 8538224711
2026-02-18 19:21:00,112 - app.routers.telegram - INFO - Sending message to chat_id 8538224711: When encountering a dog, try using the "redirect a...
2026-02-18 19:21:00,583 - httpx - INFO - HTTP Request: POST https://api.telegram.org/bot8590847265:AAEhXjws5Xp1x-mERLLEX-GF3gQAnIe61Ok/sendMessage "HTTP/1.1 200 OK"
2026-02-18 19:21:00,584 - app.routers.telegram - INFO - Successfully sent message to 8538224711
2026-02-18 19:21:00,969 - app.services.embeddings - INFO - Generating embedding (passage) - Attempt 1
2026-02-18 19:21:01,539 - app.routers.telegram - INFO - Saved chat interaction to Pinecone
2026-02-18 19:21:01,691 - httpx - INFO - HTTP Request: POST https://htiundwxiwwdkieevylu.supabase.co/rest/v1/rpc/increment_message_count "HTTP/2 204 No Content"
2026-02-18 19:21:02,551 - app.routers.telegram - INFO - Incoming update: {'update_id': 5002, 'message': {'message_id': 5002, 'from': {'id': 999999999, 'is_bot': False, 'first_name': 'User', 'username': 'User999999999'}, 'chat': {'id': 999999999, 'type': 'private'}, 'date': 1771460462, 'text': 'What do you know about my fears?'}}
INFO:     127.0.0.1:61440 - "POST /api/telegram/webhook HTTP/1.1" 200 OK
2026-02-18 19:21:02,552 - app.routers.telegram - INFO - Processing update for chat_id 999999999, text: What do you know about my fears?
2026-02-18 19:21:02,552 - app.routers.telegram - INFO - Parallelizing profile fetch and embedding for 999999999
2026-02-18 19:21:02,552 - app.services.embeddings - INFO - Generating embedding (query) - Attempt 1
2026-02-18 19:21:02,698 - httpx - INFO - HTTP Request: GET https://htiundwxiwwdkieevylu.supabase.co/rest/v1/profiles?select=%2A&telegram_chat_id=eq.999999999 "HTTP/2 200 OK"
2026-02-18 19:21:02,822 - app.routers.telegram - INFO - Using HARDCODED profile for Test User 2
2026-02-18 19:21:03,068 - app.routers.telegram - INFO - Calling Groq for user: User999999999
2026-02-18 19:21:03,579 - httpx - INFO - HTTP Request: POST https://api.groq.com/openai/v1/chat/completions "HTTP/1.1 200 OK"
2026-02-18 19:21:03,582 - app.routers.telegram - INFO - Received Groq response: Let's use the "fear mirror" technique: I'll ask yo...
2026-02-18 19:21:03,582 - app.routers.telegram - INFO - Sending response to chat_id 999999999
2026-02-18 19:21:03,582 - app.routers.telegram - INFO - Sending message to chat_id 999999999: Let's use the "fear mirror" technique: I'll ask yo...
2026-02-18 19:21:04,259 - httpx - INFO - HTTP Request: POST https://api.telegram.org/bot8590847265:AAEhXjws5Xp1x-mERLLEX-GF3gQAnIe61Ok/sendMessage "HTTP/1.1 400 Bad Request"
2026-02-18 19:21:04,260 - app.routers.telegram - ERROR - Failed to send message to 999999999: Client error '400 Bad Request' for url 'https://api.telegram.org/bot8590847265:AAEhXjws5Xp1x-mERLLEX-GF3gQAnIe61Ok/sendMessage'
For more information check: https://developer.mozilla.org/en-US/docs/Web/HTTP/Status/400
2026-02-18 19:21:04,745 - app.services.embeddings - INFO - Generating embedding (passage) - Attempt 1
2026-02-18 19:21:05,305 - app.routers.telegram - INFO - Saved chat interaction to Pinecone
2026-02-18 19:21:05,468 - httpx - INFO - HTTP Request: POST https://htiundwxiwwdkieevylu.supabase.co/rest/v1/rpc/increment_message_count "HTTP/2 400 Bad Request"
WARNING:  StatReload detected changes in 'app/routers/telegram.py'. Reloading...
INFO:     Shutting down
INFO:     Waiting for application shutdown.
INFO:     Application shutdown complete.
INFO:     Finished server process [10514]
INFO:     Started server process [10747]
INFO:     Waiting for application startup.
2026-02-18 19:21:22,321 - app.main - INFO - Warming up embedding model...
2026-02-18 19:21:22,321 - app.services.embeddings - INFO - Generating embedding (query) - Attempt 1
2026-02-18 19:21:22,606 - app.main - INFO - Embedding model warmed up
INFO:     Application startup complete.
WARNING:  StatReload detected changes in 'app/routers/telegram.py'. Reloading...
INFO:     Shutting down
INFO:     Waiting for application shutdown.
INFO:     Application shutdown complete.
INFO:     Finished server process [10747]
INFO:     Started server process [25430]
INFO:     Waiting for application startup.
2026-02-18 20:08:59,907 - app.main - INFO - Warming up embedding model...
2026-02-18 20:08:59,907 - app.services.embeddings - INFO - Generating embedding (query) - Attempt 1
2026-02-18 20:09:00,401 - app.main - INFO - Embedding model warmed up
INFO:     Application startup complete.
WARNING:  StatReload detected changes in 'app/services/groq.py'. Reloading...
INFO:     Shutting down
INFO:     Waiting for application shutdown.
INFO:     Application shutdown complete.
INFO:     Finished server process [25430]
INFO:     Started server process [27822]
INFO:     Waiting for application startup.
2026-02-18 20:21:28,717 - app.main - INFO - Warming up embedding model...
2026-02-18 20:21:28,717 - app.services.embeddings - INFO - Generating embedding (query) - Attempt 1
2026-02-18 20:21:29,092 - app.main - INFO - Embedding model warmed up
INFO:     Application startup complete.
WARNING:  StatReload detected changes in 'app/routers/telegram.py'. Reloading...
INFO:     Shutting down
INFO:     Waiting for application shutdown.
INFO:     Application shutdown complete.
INFO:     Finished server process [27822]
INFO:     Started server process [27871]
INFO:     Waiting for application startup.
2026-02-18 20:21:40,406 - app.main - INFO - Warming up embedding model...
2026-02-18 20:21:40,406 - app.services.embeddings - INFO - Generating embedding (query) - Attempt 1
2026-02-18 20:21:40,734 - app.main - INFO - Embedding model warmed up
INFO:     Application startup complete.
WARNING:  StatReload detected changes in 'app/routers/telegram.py'. Reloading...
INFO:     Shutting down
INFO:     Waiting for application shutdown.
INFO:     Application shutdown complete.
INFO:     Finished server process [27871]
INFO:     Started server process [27894]
INFO:     Waiting for application startup.
2026-02-18 20:21:46,192 - app.main - INFO - Warming up embedding model...
2026-02-18 20:21:46,192 - app.services.embeddings - INFO - Generating embedding (query) - Attempt 1
2026-02-18 20:21:46,655 - app.main - INFO - Embedding model warmed up
INFO:     Application startup complete.
WARNING:  StatReload detected changes in 'app/services/supabase.py'. Reloading...
INFO:     Shutting down
INFO:     Waiting for application shutdown.
INFO:     Application shutdown complete.
INFO:     Finished server process [27894]
INFO:     Started server process [35827]
INFO:     Waiting for application startup.
2026-02-18 21:01:50,123 - app.main - INFO - Warming up embedding model...
2026-02-18 21:01:50,124 - app.services.embeddings - INFO - Generating embedding (query) - Attempt 1
2026-02-18 21:02:00,014 - app.main - INFO - Embedding model warmed up
INFO:     Application startup complete.
WARNING:  StatReload detected changes in 'app/routers/telegram.py'. Reloading...
INFO:     Shutting down
INFO:     Waiting for application shutdown.
INFO:     Application shutdown complete.
INFO:     Finished server process [35827]
INFO:     Started server process [35877]
INFO:     Waiting for application startup.
2026-02-18 21:02:02,142 - app.main - INFO - Warming up embedding model...
2026-02-18 21:02:02,142 - app.services.embeddings - INFO - Generating embedding (query) - Attempt 1
2026-02-18 21:02:14,228 - app.main - INFO - Embedding model warmed up
INFO:     Application startup complete.
WARNING:  StatReload detected changes in 'app/routers/telegram.py'. Reloading...
INFO:     Shutting down
INFO:     Waiting for application shutdown.
INFO:     Application shutdown complete.
INFO:     Finished server process [35877]
INFO:     Started server process [35957]
INFO:     Waiting for application startup.
2026-02-18 21:02:24,884 - app.main - INFO - Warming up embedding model...
2026-02-18 21:02:24,885 - app.services.embeddings - INFO - Generating embedding (query) - Attempt 1
2026-02-18 21:02:39,227 - app.main - INFO - Embedding model warmed up
INFO:     Application startup complete.
WARNING:  StatReload detected changes in 'app/routers/telegram.py'. Reloading...
INFO:     Shutting down
INFO:     Waiting for application shutdown.
INFO:     Application shutdown complete.
INFO:     Finished server process [35957]
INFO:     Started server process [37523]
INFO:     Waiting for application startup.
2026-02-18 21:10:09,456 - app.main - INFO - Warming up embedding model...
2026-02-18 21:10:09,457 - app.services.embeddings - INFO - Generating embedding (query) - Attempt 1
2026-02-18 21:10:09,909 - app.main - INFO - Embedding model warmed up
INFO:     Application startup complete.
WARNING:  StatReload detected changes in 'app/routers/telegram.py'. Reloading...
INFO:     Shutting down
INFO:     Waiting for application shutdown.
INFO:     Application shutdown complete.
INFO:     Finished server process [37523]
INFO:     Started server process [38401]
INFO:     Waiting for application startup.
2026-02-18 21:14:33,869 - app.main - INFO - Warming up embedding model...
2026-02-18 21:14:33,869 - app.services.embeddings - INFO - Generating embedding (query) - Attempt 1
2026-02-18 21:14:34,285 - app.main - INFO - Embedding model warmed up
INFO:     Application startup complete.
WARNING:  StatReload detected changes in 'app/routers/telegram.py'. Reloading...
INFO:     Shutting down
INFO:     Waiting for application shutdown.
INFO:     Application shutdown complete.
INFO:     Finished server process [38401]
INFO:     Started server process [64218]
INFO:     Waiting for application startup.
2026-02-19 09:36:27,032 - app.main - INFO - Warming up embedding model...
2026-02-19 09:36:27,032 - app.services.embeddings - INFO - Generating embedding (query) - Attempt 1
2026-02-19 09:36:27,416 - app.main - INFO - Embedding model warmed up
INFO:     Application startup complete.
WARNING:  StatReload detected changes in 'app/core/prompts.py'. Reloading...
INFO:     Shutting down
INFO:     Waiting for application shutdown.
INFO:     Application shutdown complete.
INFO:     Finished server process [64218]
INFO:     Started server process [68544]
INFO:     Waiting for application startup.
2026-02-19 10:45:37,843 - app.main - INFO - Warming up embedding model...
2026-02-19 10:45:37,843 - app.services.embeddings - INFO - Generating embedding (query) - Attempt 1
2026-02-19 10:45:38,264 - app.main - INFO - Embedding model warmed up
INFO:     Application startup complete.
WARNING:  StatReload detected changes in 'app/core/prompts.py'. Reloading...
INFO:     Shutting down
INFO:     Waiting for application shutdown.
INFO:     Application shutdown complete.
INFO:     Finished server process [68544]
INFO:     Started server process [68866]
INFO:     Waiting for application startup.
2026-02-19 10:47:20,717 - app.main - INFO - Warming up embedding model...
2026-02-19 10:47:20,717 - app.services.embeddings - INFO - Generating embedding (query) - Attempt 1
2026-02-19 10:47:20,981 - app.main - INFO - Embedding model warmed up
INFO:     Application startup complete.
WARNING:  StatReload detected changes in 'app/core/prompts.py'. Reloading...
INFO:     Shutting down
INFO:     Waiting for application shutdown.
INFO:     Application shutdown complete.
INFO:     Finished server process [68866]
INFO:     Started server process [70065]
INFO:     Waiting for application startup.
2026-02-19 10:51:05,380 - app.main - INFO - Warming up embedding model...
2026-02-19 10:51:05,380 - app.services.embeddings - INFO - Generating embedding (query) - Attempt 1
2026-02-19 10:51:05,672 - app.main - INFO - Embedding model warmed up
INFO:     Application startup complete.
WARNING:  StatReload detected changes in 'app/core/prompts.py'. Reloading...
INFO:     Shutting down
INFO:     Waiting for application shutdown.
INFO:     Application shutdown complete.
INFO:     Finished server process [70065]
Process SpawnProcess-34:
Traceback (most recent call last):
  File "/opt/homebrew/Cellar/python@3.14/3.14.2/Frameworks/Python.framework/Versions/3.14/lib/python3.14/multiprocessing/process.py", line 320, in _bootstrap
    self.run()
    ~~~~~~~~^^
  File "/opt/homebrew/Cellar/python@3.14/3.14.2/Frameworks/Python.framework/Versions/3.14/lib/python3.14/multiprocessing/process.py", line 108, in run
    self._target(*self._args, **self._kwargs)
    ~~~~~~~~~~~~^^^^^^^^^^^^^^^^^^^^^^^^^^^^^
  File "/Users/kalinovdameus/Developer/mee-app/.venv/lib/python3.14/site-packages/uvicorn/_subprocess.py", line 80, in subprocess_started
    target(sockets=sockets)
    ~~~~~~^^^^^^^^^^^^^^^^^
  File "/Users/kalinovdameus/Developer/mee-app/.venv/lib/python3.14/site-packages/uvicorn/server.py", line 75, in run
    return asyncio_run(self.serve(sockets=sockets), loop_factory=self.config.get_loop_factory())
  File "/opt/homebrew/Cellar/python@3.14/3.14.2/Frameworks/Python.framework/Versions/3.14/lib/python3.14/asyncio/runners.py", line 204, in run
    return runner.run(main)
           ~~~~~~~~~~^^^^^^
  File "/opt/homebrew/Cellar/python@3.14/3.14.2/Frameworks/Python.framework/Versions/3.14/lib/python3.14/asyncio/runners.py", line 127, in run
    return self._loop.run_until_complete(task)
           ~~~~~~~~~~~~~~~~~~~~~~~~~~~~~^^^^^^
  File "/opt/homebrew/Cellar/python@3.14/3.14.2/Frameworks/Python.framework/Versions/3.14/lib/python3.14/asyncio/base_events.py", line 719, in run_until_complete
    return future.result()
           ~~~~~~~~~~~~~^^
  File "/Users/kalinovdameus/Developer/mee-app/.venv/lib/python3.14/site-packages/uvicorn/server.py", line 79, in serve
    await self._serve(sockets)
  File "/Users/kalinovdameus/Developer/mee-app/.venv/lib/python3.14/site-packages/uvicorn/server.py", line 86, in _serve
    config.load()
    ~~~~~~~~~~~^^
  File "/Users/kalinovdameus/Developer/mee-app/.venv/lib/python3.14/site-packages/uvicorn/config.py", line 441, in load
    self.loaded_app = import_from_string(self.app)
                      ~~~~~~~~~~~~~~~~~~^^^^^^^^^^
  File "/Users/kalinovdameus/Developer/mee-app/.venv/lib/python3.14/site-packages/uvicorn/importer.py", line 19, in import_from_string
    module = importlib.import_module(module_str)
  File "/opt/homebrew/Cellar/python@3.14/3.14.2/Frameworks/Python.framework/Versions/3.14/lib/python3.14/importlib/__init__.py", line 88, in import_module
    return _bootstrap._gcd_import(name[level:], package, level)
           ~~~~~~~~~~~~~~~~~~~~~~^^^^^^^^^^^^^^^^^^^^^^^^^^^^^^
  File "<frozen importlib._bootstrap>", line 1398, in _gcd_import
  File "<frozen importlib._bootstrap>", line 1371, in _find_and_load
  File "<frozen importlib._bootstrap>", line 1342, in _find_and_load_unlocked
  File "<frozen importlib._bootstrap>", line 938, in _load_unlocked
  File "<frozen importlib._bootstrap_external>", line 759, in exec_module
  File "<frozen importlib._bootstrap>", line 491, in _call_with_frames_removed
  File "/Users/kalinovdameus/Developer/mee-app/backend/app/main.py", line 4, in <module>
    from app.routers import telegram
  File "/Users/kalinovdameus/Developer/mee-app/backend/app/routers/telegram.py", line 8, in <module>
    from app.core.prompts import PERSONAL_DEVELOPMENT_PROTOCOL_25, TWIN_ARCHITECT_PROMPT
ImportError: cannot import name 'PERSONAL_DEVELOPMENT_PROTOCOL_25' from 'app.core.prompts' (/Users/kalinovdameus/Developer/mee-app/backend/app/core/prompts.py)
WARNING:  StatReload detected changes in 'app/core/prompts.py'. Reloading...
Process SpawnProcess-35:
Traceback (most recent call last):
  File "/opt/homebrew/Cellar/python@3.14/3.14.2/Frameworks/Python.framework/Versions/3.14/lib/python3.14/multiprocessing/process.py", line 320, in _bootstrap
    self.run()
    ~~~~~~~~^^
  File "/opt/homebrew/Cellar/python@3.14/3.14.2/Frameworks/Python.framework/Versions/3.14/lib/python3.14/multiprocessing/process.py", line 108, in run
    self._target(*self._args, **self._kwargs)
    ~~~~~~~~~~~~^^^^^^^^^^^^^^^^^^^^^^^^^^^^^
  File "/Users/kalinovdameus/Developer/mee-app/.venv/lib/python3.14/site-packages/uvicorn/_subprocess.py", line 80, in subprocess_started
    target(sockets=sockets)
    ~~~~~~^^^^^^^^^^^^^^^^^
  File "/Users/kalinovdameus/Developer/mee-app/.venv/lib/python3.14/site-packages/uvicorn/server.py", line 75, in run
    return asyncio_run(self.serve(sockets=sockets), loop_factory=self.config.get_loop_factory())
  File "/opt/homebrew/Cellar/python@3.14/3.14.2/Frameworks/Python.framework/Versions/3.14/lib/python3.14/asyncio/runners.py", line 204, in run
    return runner.run(main)
           ~~~~~~~~~~^^^^^^
  File "/opt/homebrew/Cellar/python@3.14/3.14.2/Frameworks/Python.framework/Versions/3.14/lib/python3.14/asyncio/runners.py", line 127, in run
    return self._loop.run_until_complete(task)
           ~~~~~~~~~~~~~~~~~~~~~~~~~~~~~^^^^^^
  File "/opt/homebrew/Cellar/python@3.14/3.14.2/Frameworks/Python.framework/Versions/3.14/lib/python3.14/asyncio/base_events.py", line 719, in run_until_complete
    return future.result()
           ~~~~~~~~~~~~~^^
  File "/Users/kalinovdameus/Developer/mee-app/.venv/lib/python3.14/site-packages/uvicorn/server.py", line 79, in serve
    await self._serve(sockets)
  File "/Users/kalinovdameus/Developer/mee-app/.venv/lib/python3.14/site-packages/uvicorn/server.py", line 86, in _serve
    config.load()
    ~~~~~~~~~~~^^
  File "/Users/kalinovdameus/Developer/mee-app/.venv/lib/python3.14/site-packages/uvicorn/config.py", line 441, in load
    self.loaded_app = import_from_string(self.app)
                      ~~~~~~~~~~~~~~~~~~^^^^^^^^^^
  File "/Users/kalinovdameus/Developer/mee-app/.venv/lib/python3.14/site-packages/uvicorn/importer.py", line 19, in import_from_string
    module = importlib.import_module(module_str)
  File "/opt/homebrew/Cellar/python@3.14/3.14.2/Frameworks/Python.framework/Versions/3.14/lib/python3.14/importlib/__init__.py", line 88, in import_module
    return _bootstrap._gcd_import(name[level:], package, level)
           ~~~~~~~~~~~~~~~~~~~~~~^^^^^^^^^^^^^^^^^^^^^^^^^^^^^^
  File "<frozen importlib._bootstrap>", line 1398, in _gcd_import
  File "<frozen importlib._bootstrap>", line 1371, in _find_and_load
  File "<frozen importlib._bootstrap>", line 1342, in _find_and_load_unlocked
  File "<frozen importlib._bootstrap>", line 938, in _load_unlocked
  File "<frozen importlib._bootstrap_external>", line 759, in exec_module
  File "<frozen importlib._bootstrap>", line 491, in _call_with_frames_removed
  File "/Users/kalinovdameus/Developer/mee-app/backend/app/main.py", line 4, in <module>
    from app.routers import telegram
  File "/Users/kalinovdameus/Developer/mee-app/backend/app/routers/telegram.py", line 8, in <module>
    from app.core.prompts import PERSONAL_DEVELOPMENT_PROTOCOL_25, TWIN_ARCHITECT_PROMPT
ImportError: cannot import name 'PERSONAL_DEVELOPMENT_PROTOCOL_25' from 'app.core.prompts' (/Users/kalinovdameus/Developer/mee-app/backend/app/core/prompts.py)
WARNING:  StatReload detected changes in 'app/routers/telegram.py'. Reloading...
Process SpawnProcess-36:
Traceback (most recent call last):
  File "/opt/homebrew/Cellar/python@3.14/3.14.2/Frameworks/Python.framework/Versions/3.14/lib/python3.14/multiprocessing/process.py", line 320, in _bootstrap
    self.run()
    ~~~~~~~~^^
  File "/opt/homebrew/Cellar/python@3.14/3.14.2/Frameworks/Python.framework/Versions/3.14/lib/python3.14/multiprocessing/process.py", line 108, in run
    self._target(*self._args, **self._kwargs)
    ~~~~~~~~~~~~^^^^^^^^^^^^^^^^^^^^^^^^^^^^^
  File "/Users/kalinovdameus/Developer/mee-app/.venv/lib/python3.14/site-packages/uvicorn/_subprocess.py", line 80, in subprocess_started
    target(sockets=sockets)
    ~~~~~~^^^^^^^^^^^^^^^^^
  File "/Users/kalinovdameus/Developer/mee-app/.venv/lib/python3.14/site-packages/uvicorn/server.py", line 75, in run
    return asyncio_run(self.serve(sockets=sockets), loop_factory=self.config.get_loop_factory())
  File "/opt/homebrew/Cellar/python@3.14/3.14.2/Frameworks/Python.framework/Versions/3.14/lib/python3.14/asyncio/runners.py", line 204, in run
    return runner.run(main)
           ~~~~~~~~~~^^^^^^
  File "/opt/homebrew/Cellar/python@3.14/3.14.2/Frameworks/Python.framework/Versions/3.14/lib/python3.14/asyncio/runners.py", line 127, in run
    return self._loop.run_until_complete(task)
           ~~~~~~~~~~~~~~~~~~~~~~~~~~~~~^^^^^^
  File "/opt/homebrew/Cellar/python@3.14/3.14.2/Frameworks/Python.framework/Versions/3.14/lib/python3.14/asyncio/base_events.py", line 719, in run_until_complete
    return future.result()
           ~~~~~~~~~~~~~^^
  File "/Users/kalinovdameus/Developer/mee-app/.venv/lib/python3.14/site-packages/uvicorn/server.py", line 79, in serve
    await self._serve(sockets)
  File "/Users/kalinovdameus/Developer/mee-app/.venv/lib/python3.14/site-packages/uvicorn/server.py", line 86, in _serve
    config.load()
    ~~~~~~~~~~~^^
  File "/Users/kalinovdameus/Developer/mee-app/.venv/lib/python3.14/site-packages/uvicorn/config.py", line 441, in load
    self.loaded_app = import_from_string(self.app)
                      ~~~~~~~~~~~~~~~~~~^^^^^^^^^^
  File "/Users/kalinovdameus/Developer/mee-app/.venv/lib/python3.14/site-packages/uvicorn/importer.py", line 19, in import_from_string
    module = importlib.import_module(module_str)
  File "/opt/homebrew/Cellar/python@3.14/3.14.2/Frameworks/Python.framework/Versions/3.14/lib/python3.14/importlib/__init__.py", line 88, in import_module
    return _bootstrap._gcd_import(name[level:], package, level)
           ~~~~~~~~~~~~~~~~~~~~~~^^^^^^^^^^^^^^^^^^^^^^^^^^^^^^
  File "<frozen importlib._bootstrap>", line 1398, in _gcd_import
  File "<frozen importlib._bootstrap>", line 1371, in _find_and_load
  File "<frozen importlib._bootstrap>", line 1342, in _find_and_load_unlocked
  File "<frozen importlib._bootstrap>", line 938, in _load_unlocked
  File "<frozen importlib._bootstrap_external>", line 759, in exec_module
  File "<frozen importlib._bootstrap>", line 491, in _call_with_frames_removed
  File "/Users/kalinovdameus/Developer/mee-app/backend/app/main.py", line 4, in <module>
    from app.routers import telegram
  File "/Users/kalinovdameus/Developer/mee-app/backend/app/routers/telegram.py", line 8, in <module>
    from app.core.prompts import PERSONAL_DEVELOPMENT_PROTOCOL_25, TWIN_ARCHITECT_PROMPT
ImportError: cannot import name 'PERSONAL_DEVELOPMENT_PROTOCOL_25' from 'app.core.prompts' (/Users/kalinovdameus/Developer/mee-app/backend/app/core/prompts.py)
WARNING:  StatReload detected changes in 'app/core/prompts.py'. Reloading...
Process SpawnProcess-37:
Traceback (most recent call last):
  File "/opt/homebrew/Cellar/python@3.14/3.14.2/Frameworks/Python.framework/Versions/3.14/lib/python3.14/multiprocessing/process.py", line 320, in _bootstrap
    self.run()
    ~~~~~~~~^^
  File "/opt/homebrew/Cellar/python@3.14/3.14.2/Frameworks/Python.framework/Versions/3.14/lib/python3.14/multiprocessing/process.py", line 108, in run
    self._target(*self._args, **self._kwargs)
    ~~~~~~~~~~~~^^^^^^^^^^^^^^^^^^^^^^^^^^^^^
  File "/Users/kalinovdameus/Developer/mee-app/.venv/lib/python3.14/site-packages/uvicorn/_subprocess.py", line 80, in subprocess_started
    target(sockets=sockets)
    ~~~~~~^^^^^^^^^^^^^^^^^
  File "/Users/kalinovdameus/Developer/mee-app/.venv/lib/python3.14/site-packages/uvicorn/server.py", line 75, in run
    return asyncio_run(self.serve(sockets=sockets), loop_factory=self.config.get_loop_factory())
  File "/opt/homebrew/Cellar/python@3.14/3.14.2/Frameworks/Python.framework/Versions/3.14/lib/python3.14/asyncio/runners.py", line 204, in run
    return runner.run(main)
           ~~~~~~~~~~^^^^^^
  File "/opt/homebrew/Cellar/python@3.14/3.14.2/Frameworks/Python.framework/Versions/3.14/lib/python3.14/asyncio/runners.py", line 127, in run
    return self._loop.run_until_complete(task)
           ~~~~~~~~~~~~~~~~~~~~~~~~~~~~~^^^^^^
  File "/opt/homebrew/Cellar/python@3.14/3.14.2/Frameworks/Python.framework/Versions/3.14/lib/python3.14/asyncio/base_events.py", line 719, in run_until_complete
    return future.result()
           ~~~~~~~~~~~~~^^
  File "/Users/kalinovdameus/Developer/mee-app/.venv/lib/python3.14/site-packages/uvicorn/server.py", line 79, in serve
    await self._serve(sockets)
  File "/Users/kalinovdameus/Developer/mee-app/.venv/lib/python3.14/site-packages/uvicorn/server.py", line 86, in _serve
    config.load()
    ~~~~~~~~~~~^^
  File "/Users/kalinovdameus/Developer/mee-app/.venv/lib/python3.14/site-packages/uvicorn/config.py", line 441, in load
    self.loaded_app = import_from_string(self.app)
                      ~~~~~~~~~~~~~~~~~~^^^^^^^^^^
  File "/Users/kalinovdameus/Developer/mee-app/.venv/lib/python3.14/site-packages/uvicorn/importer.py", line 19, in import_from_string
    module = importlib.import_module(module_str)
  File "/opt/homebrew/Cellar/python@3.14/3.14.2/Frameworks/Python.framework/Versions/3.14/lib/python3.14/importlib/__init__.py", line 88, in import_module
    return _bootstrap._gcd_import(name[level:], package, level)
           ~~~~~~~~~~~~~~~~~~~~~~^^^^^^^^^^^^^^^^^^^^^^^^^^^^^^
  File "<frozen importlib._bootstrap>", line 1398, in _gcd_import
  File "<frozen importlib._bootstrap>", line 1371, in _find_and_load
  File "<frozen importlib._bootstrap>", line 1342, in _find_and_load_unlocked
  File "<frozen importlib._bootstrap>", line 938, in _load_unlocked
  File "<frozen importlib._bootstrap_external>", line 759, in exec_module
  File "<frozen importlib._bootstrap>", line 491, in _call_with_frames_removed
  File "/Users/kalinovdameus/Developer/mee-app/backend/app/main.py", line 4, in <module>
    from app.routers import telegram
  File "/Users/kalinovdameus/Developer/mee-app/backend/app/routers/telegram.py", line 8, in <module>
    from app.core.prompts import PERSONAL_DEVELOPMENT_PROTOCOL_25, TWIN_ARCHITECT_PROMPT
ImportError: cannot import name 'PERSONAL_DEVELOPMENT_PROTOCOL_25' from 'app.core.prompts' (/Users/kalinovdameus/Developer/mee-app/backend/app/core/prompts.py)
WARNING:  StatReload detected changes in 'app/core/prompts.py'. Reloading...
Process SpawnProcess-38:
Traceback (most recent call last):
  File "/opt/homebrew/Cellar/python@3.14/3.14.2/Frameworks/Python.framework/Versions/3.14/lib/python3.14/multiprocessing/process.py", line 320, in _bootstrap
    self.run()
    ~~~~~~~~^^
  File "/opt/homebrew/Cellar/python@3.14/3.14.2/Frameworks/Python.framework/Versions/3.14/lib/python3.14/multiprocessing/process.py", line 108, in run
    self._target(*self._args, **self._kwargs)
    ~~~~~~~~~~~~^^^^^^^^^^^^^^^^^^^^^^^^^^^^^
  File "/Users/kalinovdameus/Developer/mee-app/.venv/lib/python3.14/site-packages/uvicorn/_subprocess.py", line 80, in subprocess_started
    target(sockets=sockets)
    ~~~~~~^^^^^^^^^^^^^^^^^
  File "/Users/kalinovdameus/Developer/mee-app/.venv/lib/python3.14/site-packages/uvicorn/server.py", line 75, in run
    return asyncio_run(self.serve(sockets=sockets), loop_factory=self.config.get_loop_factory())
  File "/opt/homebrew/Cellar/python@3.14/3.14.2/Frameworks/Python.framework/Versions/3.14/lib/python3.14/asyncio/runners.py", line 204, in run
    return runner.run(main)
           ~~~~~~~~~~^^^^^^
  File "/opt/homebrew/Cellar/python@3.14/3.14.2/Frameworks/Python.framework/Versions/3.14/lib/python3.14/asyncio/runners.py", line 127, in run
    return self._loop.run_until_complete(task)
           ~~~~~~~~~~~~~~~~~~~~~~~~~~~~~^^^^^^
  File "/opt/homebrew/Cellar/python@3.14/3.14.2/Frameworks/Python.framework/Versions/3.14/lib/python3.14/asyncio/base_events.py", line 719, in run_until_complete
    return future.result()
           ~~~~~~~~~~~~~^^
  File "/Users/kalinovdameus/Developer/mee-app/.venv/lib/python3.14/site-packages/uvicorn/server.py", line 79, in serve
    await self._serve(sockets)
  File "/Users/kalinovdameus/Developer/mee-app/.venv/lib/python3.14/site-packages/uvicorn/server.py", line 86, in _serve
    config.load()
    ~~~~~~~~~~~^^
  File "/Users/kalinovdameus/Developer/mee-app/.venv/lib/python3.14/site-packages/uvicorn/config.py", line 441, in load
    self.loaded_app = import_from_string(self.app)
                      ~~~~~~~~~~~~~~~~~~^^^^^^^^^^
  File "/Users/kalinovdameus/Developer/mee-app/.venv/lib/python3.14/site-packages/uvicorn/importer.py", line 19, in import_from_string
    module = importlib.import_module(module_str)
  File "/opt/homebrew/Cellar/python@3.14/3.14.2/Frameworks/Python.framework/Versions/3.14/lib/python3.14/importlib/__init__.py", line 88, in import_module
    return _bootstrap._gcd_import(name[level:], package, level)
           ~~~~~~~~~~~~~~~~~~~~~~^^^^^^^^^^^^^^^^^^^^^^^^^^^^^^
  File "<frozen importlib._bootstrap>", line 1398, in _gcd_import
  File "<frozen importlib._bootstrap>", line 1371, in _find_and_load
  File "<frozen importlib._bootstrap>", line 1342, in _find_and_load_unlocked
  File "<frozen importlib._bootstrap>", line 938, in _load_unlocked
  File "<frozen importlib._bootstrap_external>", line 759, in exec_module
  File "<frozen importlib._bootstrap>", line 491, in _call_with_frames_removed
  File "/Users/kalinovdameus/Developer/mee-app/backend/app/main.py", line 4, in <module>
    from app.routers import telegram
  File "/Users/kalinovdameus/Developer/mee-app/backend/app/routers/telegram.py", line 8, in <module>
    from app.core.prompts import PERSONAL_DEVELOPMENT_PROTOCOL_25, TWIN_ARCHITECT_PROMPT
ImportError: cannot import name 'PERSONAL_DEVELOPMENT_PROTOCOL_25' from 'app.core.prompts' (/Users/kalinovdameus/Developer/mee-app/backend/app/core/prompts.py)
WARNING:  StatReload detected changes in 'app/routers/telegram.py'. Reloading...
Process SpawnProcess-39:
Traceback (most recent call last):
  File "/opt/homebrew/Cellar/python@3.14/3.14.2/Frameworks/Python.framework/Versions/3.14/lib/python3.14/multiprocessing/process.py", line 320, in _bootstrap
    self.run()
    ~~~~~~~~^^
  File "/opt/homebrew/Cellar/python@3.14/3.14.2/Frameworks/Python.framework/Versions/3.14/lib/python3.14/multiprocessing/process.py", line 108, in run
    self._target(*self._args, **self._kwargs)
    ~~~~~~~~~~~~^^^^^^^^^^^^^^^^^^^^^^^^^^^^^
  File "/Users/kalinovdameus/Developer/mee-app/.venv/lib/python3.14/site-packages/uvicorn/_subprocess.py", line 80, in subprocess_started
    target(sockets=sockets)
    ~~~~~~^^^^^^^^^^^^^^^^^
  File "/Users/kalinovdameus/Developer/mee-app/.venv/lib/python3.14/site-packages/uvicorn/server.py", line 75, in run
    return asyncio_run(self.serve(sockets=sockets), loop_factory=self.config.get_loop_factory())
  File "/opt/homebrew/Cellar/python@3.14/3.14.2/Frameworks/Python.framework/Versions/3.14/lib/python3.14/asyncio/runners.py", line 204, in run
    return runner.run(main)
           ~~~~~~~~~~^^^^^^
  File "/opt/homebrew/Cellar/python@3.14/3.14.2/Frameworks/Python.framework/Versions/3.14/lib/python3.14/asyncio/runners.py", line 127, in run
    return self._loop.run_until_complete(task)
           ~~~~~~~~~~~~~~~~~~~~~~~~~~~~~^^^^^^
  File "/opt/homebrew/Cellar/python@3.14/3.14.2/Frameworks/Python.framework/Versions/3.14/lib/python3.14/asyncio/base_events.py", line 719, in run_until_complete
    return future.result()
           ~~~~~~~~~~~~~^^
  File "/Users/kalinovdameus/Developer/mee-app/.venv/lib/python3.14/site-packages/uvicorn/server.py", line 79, in serve
    await self._serve(sockets)
  File "/Users/kalinovdameus/Developer/mee-app/.venv/lib/python3.14/site-packages/uvicorn/server.py", line 86, in _serve
    config.load()
    ~~~~~~~~~~~^^
  File "/Users/kalinovdameus/Developer/mee-app/.venv/lib/python3.14/site-packages/uvicorn/config.py", line 441, in load
    self.loaded_app = import_from_string(self.app)
                      ~~~~~~~~~~~~~~~~~~^^^^^^^^^^
  File "/Users/kalinovdameus/Developer/mee-app/.venv/lib/python3.14/site-packages/uvicorn/importer.py", line 19, in import_from_string
    module = importlib.import_module(module_str)
  File "/opt/homebrew/Cellar/python@3.14/3.14.2/Frameworks/Python.framework/Versions/3.14/lib/python3.14/importlib/__init__.py", line 88, in import_module
    return _bootstrap._gcd_import(name[level:], package, level)
           ~~~~~~~~~~~~~~~~~~~~~~^^^^^^^^^^^^^^^^^^^^^^^^^^^^^^
  File "<frozen importlib._bootstrap>", line 1398, in _gcd_import
  File "<frozen importlib._bootstrap>", line 1371, in _find_and_load
  File "<frozen importlib._bootstrap>", line 1342, in _find_and_load_unlocked
  File "<frozen importlib._bootstrap>", line 938, in _load_unlocked
  File "<frozen importlib._bootstrap_external>", line 759, in exec_module
  File "<frozen importlib._bootstrap>", line 491, in _call_with_frames_removed
  File "/Users/kalinovdameus/Developer/mee-app/backend/app/main.py", line 4, in <module>
    from app.routers import telegram
  File "/Users/kalinovdameus/Developer/mee-app/backend/app/routers/telegram.py", line 8, in <module>
    from app.core.prompts import PERSONAL_DEVELOPMENT_PROTOCOL_25, TWIN_ARCHITECT_PROMPT
ImportError: cannot import name 'PERSONAL_DEVELOPMENT_PROTOCOL_25' from 'app.core.prompts' (/Users/kalinovdameus/Developer/mee-app/backend/app/core/prompts.py)
WARNING:  StatReload detected changes in 'app/core/prompts.py'. Reloading...
Process SpawnProcess-40:
Traceback (most recent call last):
  File "/opt/homebrew/Cellar/python@3.14/3.14.2/Frameworks/Python.framework/Versions/3.14/lib/python3.14/multiprocessing/process.py", line 320, in _bootstrap
    self.run()
    ~~~~~~~~^^
  File "/opt/homebrew/Cellar/python@3.14/3.14.2/Frameworks/Python.framework/Versions/3.14/lib/python3.14/multiprocessing/process.py", line 108, in run
    self._target(*self._args, **self._kwargs)
    ~~~~~~~~~~~~^^^^^^^^^^^^^^^^^^^^^^^^^^^^^
  File "/Users/kalinovdameus/Developer/mee-app/.venv/lib/python3.14/site-packages/uvicorn/_subprocess.py", line 80, in subprocess_started
    target(sockets=sockets)
    ~~~~~~^^^^^^^^^^^^^^^^^
  File "/Users/kalinovdameus/Developer/mee-app/.venv/lib/python3.14/site-packages/uvicorn/server.py", line 75, in run
    return asyncio_run(self.serve(sockets=sockets), loop_factory=self.config.get_loop_factory())
  File "/opt/homebrew/Cellar/python@3.14/3.14.2/Frameworks/Python.framework/Versions/3.14/lib/python3.14/asyncio/runners.py", line 204, in run
    return runner.run(main)
           ~~~~~~~~~~^^^^^^
  File "/opt/homebrew/Cellar/python@3.14/3.14.2/Frameworks/Python.framework/Versions/3.14/lib/python3.14/asyncio/runners.py", line 127, in run
    return self._loop.run_until_complete(task)
           ~~~~~~~~~~~~~~~~~~~~~~~~~~~~~^^^^^^
  File "/opt/homebrew/Cellar/python@3.14/3.14.2/Frameworks/Python.framework/Versions/3.14/lib/python3.14/asyncio/base_events.py", line 719, in run_until_complete
    return future.result()
           ~~~~~~~~~~~~~^^
  File "/Users/kalinovdameus/Developer/mee-app/.venv/lib/python3.14/site-packages/uvicorn/server.py", line 79, in serve
    await self._serve(sockets)
  File "/Users/kalinovdameus/Developer/mee-app/.venv/lib/python3.14/site-packages/uvicorn/server.py", line 86, in _serve
    config.load()
    ~~~~~~~~~~~^^
  File "/Users/kalinovdameus/Developer/mee-app/.venv/lib/python3.14/site-packages/uvicorn/config.py", line 441, in load
    self.loaded_app = import_from_string(self.app)
                      ~~~~~~~~~~~~~~~~~~^^^^^^^^^^
  File "/Users/kalinovdameus/Developer/mee-app/.venv/lib/python3.14/site-packages/uvicorn/importer.py", line 19, in import_from_string
    module = importlib.import_module(module_str)
  File "/opt/homebrew/Cellar/python@3.14/3.14.2/Frameworks/Python.framework/Versions/3.14/lib/python3.14/importlib/__init__.py", line 88, in import_module
    return _bootstrap._gcd_import(name[level:], package, level)
           ~~~~~~~~~~~~~~~~~~~~~~^^^^^^^^^^^^^^^^^^^^^^^^^^^^^^
  File "<frozen importlib._bootstrap>", line 1398, in _gcd_import
  File "<frozen importlib._bootstrap>", line 1371, in _find_and_load
  File "<frozen importlib._bootstrap>", line 1342, in _find_and_load_unlocked
  File "<frozen importlib._bootstrap>", line 938, in _load_unlocked
  File "<frozen importlib._bootstrap_external>", line 759, in exec_module
  File "<frozen importlib._bootstrap>", line 491, in _call_with_frames_removed
  File "/Users/kalinovdameus/Developer/mee-app/backend/app/main.py", line 4, in <module>
    from app.routers import telegram
  File "/Users/kalinovdameus/Developer/mee-app/backend/app/routers/telegram.py", line 8, in <module>
    from app.core.prompts import PERSONAL_DEVELOPMENT_PROTOCOL_25, TWIN_ARCHITECT_PROMPT
ImportError: cannot import name 'PERSONAL_DEVELOPMENT_PROTOCOL_25' from 'app.core.prompts' (/Users/kalinovdameus/Developer/mee-app/backend/app/core/prompts.py)
WARNING:  StatReload detected changes in 'app/core/prompts.py'. Reloading...
Process SpawnProcess-41:
Traceback (most recent call last):
  File "/opt/homebrew/Cellar/python@3.14/3.14.2/Frameworks/Python.framework/Versions/3.14/lib/python3.14/multiprocessing/process.py", line 320, in _bootstrap
    self.run()
    ~~~~~~~~^^
  File "/opt/homebrew/Cellar/python@3.14/3.14.2/Frameworks/Python.framework/Versions/3.14/lib/python3.14/multiprocessing/process.py", line 108, in run
    self._target(*self._args, **self._kwargs)
    ~~~~~~~~~~~~^^^^^^^^^^^^^^^^^^^^^^^^^^^^^
  File "/Users/kalinovdameus/Developer/mee-app/.venv/lib/python3.14/site-packages/uvicorn/_subprocess.py", line 80, in subprocess_started
    target(sockets=sockets)
    ~~~~~~^^^^^^^^^^^^^^^^^
  File "/Users/kalinovdameus/Developer/mee-app/.venv/lib/python3.14/site-packages/uvicorn/server.py", line 75, in run
    return asyncio_run(self.serve(sockets=sockets), loop_factory=self.config.get_loop_factory())
  File "/opt/homebrew/Cellar/python@3.14/3.14.2/Frameworks/Python.framework/Versions/3.14/lib/python3.14/asyncio/runners.py", line 204, in run
    return runner.run(main)
           ~~~~~~~~~~^^^^^^
  File "/opt/homebrew/Cellar/python@3.14/3.14.2/Frameworks/Python.framework/Versions/3.14/lib/python3.14/asyncio/runners.py", line 127, in run
    return self._loop.run_until_complete(task)
           ~~~~~~~~~~~~~~~~~~~~~~~~~~~~~^^^^^^
  File "/opt/homebrew/Cellar/python@3.14/3.14.2/Frameworks/Python.framework/Versions/3.14/lib/python3.14/asyncio/base_events.py", line 719, in run_until_complete
    return future.result()
           ~~~~~~~~~~~~~^^
  File "/Users/kalinovdameus/Developer/mee-app/.venv/lib/python3.14/site-packages/uvicorn/server.py", line 79, in serve
    await self._serve(sockets)
  File "/Users/kalinovdameus/Developer/mee-app/.venv/lib/python3.14/site-packages/uvicorn/server.py", line 86, in _serve
    config.load()
    ~~~~~~~~~~~^^
  File "/Users/kalinovdameus/Developer/mee-app/.venv/lib/python3.14/site-packages/uvicorn/config.py", line 441, in load
    self.loaded_app = import_from_string(self.app)
                      ~~~~~~~~~~~~~~~~~~^^^^^^^^^^
  File "/Users/kalinovdameus/Developer/mee-app/.venv/lib/python3.14/site-packages/uvicorn/importer.py", line 19, in import_from_string
    module = importlib.import_module(module_str)
  File "/opt/homebrew/Cellar/python@3.14/3.14.2/Frameworks/Python.framework/Versions/3.14/lib/python3.14/importlib/__init__.py", line 88, in import_module
    return _bootstrap._gcd_import(name[level:], package, level)
           ~~~~~~~~~~~~~~~~~~~~~~^^^^^^^^^^^^^^^^^^^^^^^^^^^^^^
  File "<frozen importlib._bootstrap>", line 1398, in _gcd_import
  File "<frozen importlib._bootstrap>", line 1371, in _find_and_load
  File "<frozen importlib._bootstrap>", line 1342, in _find_and_load_unlocked
  File "<frozen importlib._bootstrap>", line 938, in _load_unlocked
  File "<frozen importlib._bootstrap_external>", line 759, in exec_module
  File "<frozen importlib._bootstrap>", line 491, in _call_with_frames_removed
  File "/Users/kalinovdameus/Developer/mee-app/backend/app/main.py", line 4, in <module>
    from app.routers import telegram
  File "/Users/kalinovdameus/Developer/mee-app/backend/app/routers/telegram.py", line 8, in <module>
    from app.core.prompts import PERSONAL_DEVELOPMENT_PROTOCOL_25, TWIN_ARCHITECT_PROMPT
ImportError: cannot import name 'PERSONAL_DEVELOPMENT_PROTOCOL_25' from 'app.core.prompts' (/Users/kalinovdameus/Developer/mee-app/backend/app/core/prompts.py)
WARNING:  StatReload detected changes in 'app/core/prompts.py'. Reloading...
Process SpawnProcess-42:
Traceback (most recent call last):
  File "/opt/homebrew/Cellar/python@3.14/3.14.2/Frameworks/Python.framework/Versions/3.14/lib/python3.14/multiprocessing/process.py", line 320, in _bootstrap
    self.run()
    ~~~~~~~~^^
  File "/opt/homebrew/Cellar/python@3.14/3.14.2/Frameworks/Python.framework/Versions/3.14/lib/python3.14/multiprocessing/process.py", line 108, in run
    self._target(*self._args, **self._kwargs)
    ~~~~~~~~~~~~^^^^^^^^^^^^^^^^^^^^^^^^^^^^^
  File "/Users/kalinovdameus/Developer/mee-app/.venv/lib/python3.14/site-packages/uvicorn/_subprocess.py", line 80, in subprocess_started
    target(sockets=sockets)
    ~~~~~~^^^^^^^^^^^^^^^^^
  File "/Users/kalinovdameus/Developer/mee-app/.venv/lib/python3.14/site-packages/uvicorn/server.py", line 75, in run
    return asyncio_run(self.serve(sockets=sockets), loop_factory=self.config.get_loop_factory())
  File "/opt/homebrew/Cellar/python@3.14/3.14.2/Frameworks/Python.framework/Versions/3.14/lib/python3.14/asyncio/runners.py", line 204, in run
    return runner.run(main)
           ~~~~~~~~~~^^^^^^
  File "/opt/homebrew/Cellar/python@3.14/3.14.2/Frameworks/Python.framework/Versions/3.14/lib/python3.14/asyncio/runners.py", line 127, in run
    return self._loop.run_until_complete(task)
           ~~~~~~~~~~~~~~~~~~~~~~~~~~~~~^^^^^^
  File "/opt/homebrew/Cellar/python@3.14/3.14.2/Frameworks/Python.framework/Versions/3.14/lib/python3.14/asyncio/base_events.py", line 719, in run_until_complete
    return future.result()
           ~~~~~~~~~~~~~^^
  File "/Users/kalinovdameus/Developer/mee-app/.venv/lib/python3.14/site-packages/uvicorn/server.py", line 79, in serve
    await self._serve(sockets)
  File "/Users/kalinovdameus/Developer/mee-app/.venv/lib/python3.14/site-packages/uvicorn/server.py", line 86, in _serve
    config.load()
    ~~~~~~~~~~~^^
  File "/Users/kalinovdameus/Developer/mee-app/.venv/lib/python3.14/site-packages/uvicorn/config.py", line 441, in load
    self.loaded_app = import_from_string(self.app)
                      ~~~~~~~~~~~~~~~~~~^^^^^^^^^^
  File "/Users/kalinovdameus/Developer/mee-app/.venv/lib/python3.14/site-packages/uvicorn/importer.py", line 19, in import_from_string
    module = importlib.import_module(module_str)
  File "/opt/homebrew/Cellar/python@3.14/3.14.2/Frameworks/Python.framework/Versions/3.14/lib/python3.14/importlib/__init__.py", line 88, in import_module
    return _bootstrap._gcd_import(name[level:], package, level)
           ~~~~~~~~~~~~~~~~~~~~~~^^^^^^^^^^^^^^^^^^^^^^^^^^^^^^
  File "<frozen importlib._bootstrap>", line 1398, in _gcd_import
  File "<frozen importlib._bootstrap>", line 1371, in _find_and_load
  File "<frozen importlib._bootstrap>", line 1342, in _find_and_load_unlocked
  File "<frozen importlib._bootstrap>", line 938, in _load_unlocked
  File "<frozen importlib._bootstrap_external>", line 759, in exec_module
  File "<frozen importlib._bootstrap>", line 491, in _call_with_frames_removed
  File "/Users/kalinovdameus/Developer/mee-app/backend/app/main.py", line 4, in <module>
    from app.routers import telegram
  File "/Users/kalinovdameus/Developer/mee-app/backend/app/routers/telegram.py", line 8, in <module>
    from app.core.prompts import PERSONAL_DEVELOPMENT_PROTOCOL_25, TWIN_ARCHITECT_PROMPT
ImportError: cannot import name 'PERSONAL_DEVELOPMENT_PROTOCOL_25' from 'app.core.prompts' (/Users/kalinovdameus/Developer/mee-app/backend/app/core/prompts.py)
WARNING:  StatReload detected changes in 'app/core/prompts.py'. Reloading...
Process SpawnProcess-43:
Traceback (most recent call last):
  File "/opt/homebrew/Cellar/python@3.14/3.14.2/Frameworks/Python.framework/Versions/3.14/lib/python3.14/multiprocessing/process.py", line 320, in _bootstrap
    self.run()
    ~~~~~~~~^^
  File "/opt/homebrew/Cellar/python@3.14/3.14.2/Frameworks/Python.framework/Versions/3.14/lib/python3.14/multiprocessing/process.py", line 108, in run
    self._target(*self._args, **self._kwargs)
    ~~~~~~~~~~~~^^^^^^^^^^^^^^^^^^^^^^^^^^^^^
  File "/Users/kalinovdameus/Developer/mee-app/.venv/lib/python3.14/site-packages/uvicorn/_subprocess.py", line 80, in subprocess_started
    target(sockets=sockets)
    ~~~~~~^^^^^^^^^^^^^^^^^
  File "/Users/kalinovdameus/Developer/mee-app/.venv/lib/python3.14/site-packages/uvicorn/server.py", line 75, in run
    return asyncio_run(self.serve(sockets=sockets), loop_factory=self.config.get_loop_factory())
  File "/opt/homebrew/Cellar/python@3.14/3.14.2/Frameworks/Python.framework/Versions/3.14/lib/python3.14/asyncio/runners.py", line 204, in run
    return runner.run(main)
           ~~~~~~~~~~^^^^^^
  File "/opt/homebrew/Cellar/python@3.14/3.14.2/Frameworks/Python.framework/Versions/3.14/lib/python3.14/asyncio/runners.py", line 127, in run
    return self._loop.run_until_complete(task)
           ~~~~~~~~~~~~~~~~~~~~~~~~~~~~~^^^^^^
  File "/opt/homebrew/Cellar/python@3.14/3.14.2/Frameworks/Python.framework/Versions/3.14/lib/python3.14/asyncio/base_events.py", line 719, in run_until_complete
    return future.result()
           ~~~~~~~~~~~~~^^
  File "/Users/kalinovdameus/Developer/mee-app/.venv/lib/python3.14/site-packages/uvicorn/server.py", line 79, in serve
    await self._serve(sockets)
  File "/Users/kalinovdameus/Developer/mee-app/.venv/lib/python3.14/site-packages/uvicorn/server.py", line 86, in _serve
    config.load()
    ~~~~~~~~~~~^^
  File "/Users/kalinovdameus/Developer/mee-app/.venv/lib/python3.14/site-packages/uvicorn/config.py", line 441, in load
    self.loaded_app = import_from_string(self.app)
                      ~~~~~~~~~~~~~~~~~~^^^^^^^^^^
  File "/Users/kalinovdameus/Developer/mee-app/.venv/lib/python3.14/site-packages/uvicorn/importer.py", line 19, in import_from_string
    module = importlib.import_module(module_str)
  File "/opt/homebrew/Cellar/python@3.14/3.14.2/Frameworks/Python.framework/Versions/3.14/lib/python3.14/importlib/__init__.py", line 88, in import_module
    return _bootstrap._gcd_import(name[level:], package, level)
           ~~~~~~~~~~~~~~~~~~~~~~^^^^^^^^^^^^^^^^^^^^^^^^^^^^^^
  File "<frozen importlib._bootstrap>", line 1398, in _gcd_import
  File "<frozen importlib._bootstrap>", line 1371, in _find_and_load
  File "<frozen importlib._bootstrap>", line 1342, in _find_and_load_unlocked
  File "<frozen importlib._bootstrap>", line 938, in _load_unlocked
  File "<frozen importlib._bootstrap_external>", line 759, in exec_module
  File "<frozen importlib._bootstrap>", line 491, in _call_with_frames_removed
  File "/Users/kalinovdameus/Developer/mee-app/backend/app/main.py", line 4, in <module>
    from app.routers import telegram
  File "/Users/kalinovdameus/Developer/mee-app/backend/app/routers/telegram.py", line 8, in <module>
    from app.core.prompts import PERSONAL_DEVELOPMENT_PROTOCOL_25, TWIN_ARCHITECT_PROMPT
ImportError: cannot import name 'PERSONAL_DEVELOPMENT_PROTOCOL_25' from 'app.core.prompts' (/Users/kalinovdameus/Developer/mee-app/backend/app/core/prompts.py)
WARNING:  StatReload detected changes in 'app/core/prompts.py'. Reloading...
Process SpawnProcess-44:
Traceback (most recent call last):
  File "/opt/homebrew/Cellar/python@3.14/3.14.2/Frameworks/Python.framework/Versions/3.14/lib/python3.14/multiprocessing/process.py", line 320, in _bootstrap
    self.run()
    ~~~~~~~~^^
  File "/opt/homebrew/Cellar/python@3.14/3.14.2/Frameworks/Python.framework/Versions/3.14/lib/python3.14/multiprocessing/process.py", line 108, in run
    self._target(*self._args, **self._kwargs)
    ~~~~~~~~~~~~^^^^^^^^^^^^^^^^^^^^^^^^^^^^^
  File "/Users/kalinovdameus/Developer/mee-app/.venv/lib/python3.14/site-packages/uvicorn/_subprocess.py", line 80, in subprocess_started
    target(sockets=sockets)
    ~~~~~~^^^^^^^^^^^^^^^^^
  File "/Users/kalinovdameus/Developer/mee-app/.venv/lib/python3.14/site-packages/uvicorn/server.py", line 75, in run
    return asyncio_run(self.serve(sockets=sockets), loop_factory=self.config.get_loop_factory())
  File "/opt/homebrew/Cellar/python@3.14/3.14.2/Frameworks/Python.framework/Versions/3.14/lib/python3.14/asyncio/runners.py", line 204, in run
    return runner.run(main)
           ~~~~~~~~~~^^^^^^
  File "/opt/homebrew/Cellar/python@3.14/3.14.2/Frameworks/Python.framework/Versions/3.14/lib/python3.14/asyncio/runners.py", line 127, in run
    return self._loop.run_until_complete(task)
           ~~~~~~~~~~~~~~~~~~~~~~~~~~~~~^^^^^^
  File "/opt/homebrew/Cellar/python@3.14/3.14.2/Frameworks/Python.framework/Versions/3.14/lib/python3.14/asyncio/base_events.py", line 719, in run_until_complete
    return future.result()
           ~~~~~~~~~~~~~^^
  File "/Users/kalinovdameus/Developer/mee-app/.venv/lib/python3.14/site-packages/uvicorn/server.py", line 79, in serve
    await self._serve(sockets)
  File "/Users/kalinovdameus/Developer/mee-app/.venv/lib/python3.14/site-packages/uvicorn/server.py", line 86, in _serve
    config.load()
    ~~~~~~~~~~~^^
  File "/Users/kalinovdameus/Developer/mee-app/.venv/lib/python3.14/site-packages/uvicorn/config.py", line 441, in load
    self.loaded_app = import_from_string(self.app)
                      ~~~~~~~~~~~~~~~~~~^^^^^^^^^^
  File "/Users/kalinovdameus/Developer/mee-app/.venv/lib/python3.14/site-packages/uvicorn/importer.py", line 19, in import_from_string
    module = importlib.import_module(module_str)
  File "/opt/homebrew/Cellar/python@3.14/3.14.2/Frameworks/Python.framework/Versions/3.14/lib/python3.14/importlib/__init__.py", line 88, in import_module
    return _bootstrap._gcd_import(name[level:], package, level)
           ~~~~~~~~~~~~~~~~~~~~~~^^^^^^^^^^^^^^^^^^^^^^^^^^^^^^
  File "<frozen importlib._bootstrap>", line 1398, in _gcd_import
  File "<frozen importlib._bootstrap>", line 1371, in _find_and_load
  File "<frozen importlib._bootstrap>", line 1342, in _find_and_load_unlocked
  File "<frozen importlib._bootstrap>", line 938, in _load_unlocked
  File "<frozen importlib._bootstrap_external>", line 759, in exec_module
  File "<frozen importlib._bootstrap>", line 491, in _call_with_frames_removed
  File "/Users/kalinovdameus/Developer/mee-app/backend/app/main.py", line 4, in <module>
    from app.routers import telegram
  File "/Users/kalinovdameus/Developer/mee-app/backend/app/routers/telegram.py", line 8, in <module>
    from app.core.prompts import PERSONAL_DEVELOPMENT_PROTOCOL_25, TWIN_ARCHITECT_PROMPT
ImportError: cannot import name 'PERSONAL_DEVELOPMENT_PROTOCOL_25' from 'app.core.prompts' (/Users/kalinovdameus/Developer/mee-app/backend/app/core/prompts.py)
WARNING:  StatReload detected changes in 'app/core/prompts.py'. Reloading...
Process SpawnProcess-45:
Traceback (most recent call last):
  File "/opt/homebrew/Cellar/python@3.14/3.14.2/Frameworks/Python.framework/Versions/3.14/lib/python3.14/multiprocessing/process.py", line 320, in _bootstrap
    self.run()
    ~~~~~~~~^^
  File "/opt/homebrew/Cellar/python@3.14/3.14.2/Frameworks/Python.framework/Versions/3.14/lib/python3.14/multiprocessing/process.py", line 108, in run
    self._target(*self._args, **self._kwargs)
    ~~~~~~~~~~~~^^^^^^^^^^^^^^^^^^^^^^^^^^^^^
  File "/Users/kalinovdameus/Developer/mee-app/.venv/lib/python3.14/site-packages/uvicorn/_subprocess.py", line 80, in subprocess_started
    target(sockets=sockets)
    ~~~~~~^^^^^^^^^^^^^^^^^
  File "/Users/kalinovdameus/Developer/mee-app/.venv/lib/python3.14/site-packages/uvicorn/server.py", line 75, in run
    return asyncio_run(self.serve(sockets=sockets), loop_factory=self.config.get_loop_factory())
  File "/opt/homebrew/Cellar/python@3.14/3.14.2/Frameworks/Python.framework/Versions/3.14/lib/python3.14/asyncio/runners.py", line 204, in run
    return runner.run(main)
           ~~~~~~~~~~^^^^^^
  File "/opt/homebrew/Cellar/python@3.14/3.14.2/Frameworks/Python.framework/Versions/3.14/lib/python3.14/asyncio/runners.py", line 127, in run
    return self._loop.run_until_complete(task)
           ~~~~~~~~~~~~~~~~~~~~~~~~~~~~~^^^^^^
  File "/opt/homebrew/Cellar/python@3.14/3.14.2/Frameworks/Python.framework/Versions/3.14/lib/python3.14/asyncio/base_events.py", line 719, in run_until_complete
    return future.result()
           ~~~~~~~~~~~~~^^
  File "/Users/kalinovdameus/Developer/mee-app/.venv/lib/python3.14/site-packages/uvicorn/server.py", line 79, in serve
    await self._serve(sockets)
  File "/Users/kalinovdameus/Developer/mee-app/.venv/lib/python3.14/site-packages/uvicorn/server.py", line 86, in _serve
    config.load()
    ~~~~~~~~~~~^^
  File "/Users/kalinovdameus/Developer/mee-app/.venv/lib/python3.14/site-packages/uvicorn/config.py", line 441, in load
    self.loaded_app = import_from_string(self.app)
                      ~~~~~~~~~~~~~~~~~~^^^^^^^^^^
  File "/Users/kalinovdameus/Developer/mee-app/.venv/lib/python3.14/site-packages/uvicorn/importer.py", line 19, in import_from_string
    module = importlib.import_module(module_str)
  File "/opt/homebrew/Cellar/python@3.14/3.14.2/Frameworks/Python.framework/Versions/3.14/lib/python3.14/importlib/__init__.py", line 88, in import_module
    return _bootstrap._gcd_import(name[level:], package, level)
           ~~~~~~~~~~~~~~~~~~~~~~^^^^^^^^^^^^^^^^^^^^^^^^^^^^^^
  File "<frozen importlib._bootstrap>", line 1398, in _gcd_import
  File "<frozen importlib._bootstrap>", line 1371, in _find_and_load
  File "<frozen importlib._bootstrap>", line 1342, in _find_and_load_unlocked
  File "<frozen importlib._bootstrap>", line 938, in _load_unlocked
  File "<frozen importlib._bootstrap_external>", line 759, in exec_module
  File "<frozen importlib._bootstrap>", line 491, in _call_with_frames_removed
  File "/Users/kalinovdameus/Developer/mee-app/backend/app/main.py", line 4, in <module>
    from app.routers import telegram
  File "/Users/kalinovdameus/Developer/mee-app/backend/app/routers/telegram.py", line 8, in <module>
    from app.core.prompts import PERSONAL_DEVELOPMENT_PROTOCOL_25, TWIN_ARCHITECT_PROMPT
ImportError: cannot import name 'PERSONAL_DEVELOPMENT_PROTOCOL_25' from 'app.core.prompts' (/Users/kalinovdameus/Developer/mee-app/backend/app/core/prompts.py)
WARNING:  StatReload detected changes in 'app/core/prompts.py'. Reloading...
Process SpawnProcess-46:
Traceback (most recent call last):
  File "/opt/homebrew/Cellar/python@3.14/3.14.2/Frameworks/Python.framework/Versions/3.14/lib/python3.14/multiprocessing/process.py", line 320, in _bootstrap
    self.run()
    ~~~~~~~~^^
  File "/opt/homebrew/Cellar/python@3.14/3.14.2/Frameworks/Python.framework/Versions/3.14/lib/python3.14/multiprocessing/process.py", line 108, in run
    self._target(*self._args, **self._kwargs)
    ~~~~~~~~~~~~^^^^^^^^^^^^^^^^^^^^^^^^^^^^^
  File "/Users/kalinovdameus/Developer/mee-app/.venv/lib/python3.14/site-packages/uvicorn/_subprocess.py", line 80, in subprocess_started
    target(sockets=sockets)
    ~~~~~~^^^^^^^^^^^^^^^^^
  File "/Users/kalinovdameus/Developer/mee-app/.venv/lib/python3.14/site-packages/uvicorn/server.py", line 75, in run
    return asyncio_run(self.serve(sockets=sockets), loop_factory=self.config.get_loop_factory())
  File "/opt/homebrew/Cellar/python@3.14/3.14.2/Frameworks/Python.framework/Versions/3.14/lib/python3.14/asyncio/runners.py", line 204, in run
    return runner.run(main)
           ~~~~~~~~~~^^^^^^
  File "/opt/homebrew/Cellar/python@3.14/3.14.2/Frameworks/Python.framework/Versions/3.14/lib/python3.14/asyncio/runners.py", line 127, in run
    return self._loop.run_until_complete(task)
           ~~~~~~~~~~~~~~~~~~~~~~~~~~~~~^^^^^^
  File "/opt/homebrew/Cellar/python@3.14/3.14.2/Frameworks/Python.framework/Versions/3.14/lib/python3.14/asyncio/base_events.py", line 719, in run_until_complete
    return future.result()
           ~~~~~~~~~~~~~^^
  File "/Users/kalinovdameus/Developer/mee-app/.venv/lib/python3.14/site-packages/uvicorn/server.py", line 79, in serve
    await self._serve(sockets)
  File "/Users/kalinovdameus/Developer/mee-app/.venv/lib/python3.14/site-packages/uvicorn/server.py", line 86, in _serve
    config.load()
    ~~~~~~~~~~~^^
  File "/Users/kalinovdameus/Developer/mee-app/.venv/lib/python3.14/site-packages/uvicorn/config.py", line 441, in load
    self.loaded_app = import_from_string(self.app)
                      ~~~~~~~~~~~~~~~~~~^^^^^^^^^^
  File "/Users/kalinovdameus/Developer/mee-app/.venv/lib/python3.14/site-packages/uvicorn/importer.py", line 19, in import_from_string
    module = importlib.import_module(module_str)
  File "/opt/homebrew/Cellar/python@3.14/3.14.2/Frameworks/Python.framework/Versions/3.14/lib/python3.14/importlib/__init__.py", line 88, in import_module
    return _bootstrap._gcd_import(name[level:], package, level)
           ~~~~~~~~~~~~~~~~~~~~~~^^^^^^^^^^^^^^^^^^^^^^^^^^^^^^
  File "<frozen importlib._bootstrap>", line 1398, in _gcd_import
  File "<frozen importlib._bootstrap>", line 1371, in _find_and_load
  File "<frozen importlib._bootstrap>", line 1342, in _find_and_load_unlocked
  File "<frozen importlib._bootstrap>", line 938, in _load_unlocked
  File "<frozen importlib._bootstrap_external>", line 759, in exec_module
  File "<frozen importlib._bootstrap>", line 491, in _call_with_frames_removed
  File "/Users/kalinovdameus/Developer/mee-app/backend/app/main.py", line 4, in <module>
    from app.routers import telegram
  File "/Users/kalinovdameus/Developer/mee-app/backend/app/routers/telegram.py", line 8, in <module>
    from app.core.prompts import PERSONAL_DEVELOPMENT_PROTOCOL_25, TWIN_ARCHITECT_PROMPT
ImportError: cannot import name 'PERSONAL_DEVELOPMENT_PROTOCOL_25' from 'app.core.prompts' (/Users/kalinovdameus/Developer/mee-app/backend/app/core/prompts.py)
WARNING:  StatReload detected changes in 'app/core/prompts.py'. Reloading...
Process SpawnProcess-47:
Traceback (most recent call last):
  File "/opt/homebrew/Cellar/python@3.14/3.14.2/Frameworks/Python.framework/Versions/3.14/lib/python3.14/multiprocessing/process.py", line 320, in _bootstrap
    self.run()
    ~~~~~~~~^^
  File "/opt/homebrew/Cellar/python@3.14/3.14.2/Frameworks/Python.framework/Versions/3.14/lib/python3.14/multiprocessing/process.py", line 108, in run
    self._target(*self._args, **self._kwargs)
    ~~~~~~~~~~~~^^^^^^^^^^^^^^^^^^^^^^^^^^^^^
  File "/Users/kalinovdameus/Developer/mee-app/.venv/lib/python3.14/site-packages/uvicorn/_subprocess.py", line 80, in subprocess_started
    target(sockets=sockets)
    ~~~~~~^^^^^^^^^^^^^^^^^
  File "/Users/kalinovdameus/Developer/mee-app/.venv/lib/python3.14/site-packages/uvicorn/server.py", line 75, in run
    return asyncio_run(self.serve(sockets=sockets), loop_factory=self.config.get_loop_factory())
  File "/opt/homebrew/Cellar/python@3.14/3.14.2/Frameworks/Python.framework/Versions/3.14/lib/python3.14/asyncio/runners.py", line 204, in run
    return runner.run(main)
           ~~~~~~~~~~^^^^^^
  File "/opt/homebrew/Cellar/python@3.14/3.14.2/Frameworks/Python.framework/Versions/3.14/lib/python3.14/asyncio/runners.py", line 127, in run
    return self._loop.run_until_complete(task)
           ~~~~~~~~~~~~~~~~~~~~~~~~~~~~~^^^^^^
  File "/opt/homebrew/Cellar/python@3.14/3.14.2/Frameworks/Python.framework/Versions/3.14/lib/python3.14/asyncio/base_events.py", line 719, in run_until_complete
    return future.result()
           ~~~~~~~~~~~~~^^
  File "/Users/kalinovdameus/Developer/mee-app/.venv/lib/python3.14/site-packages/uvicorn/server.py", line 79, in serve
    await self._serve(sockets)
  File "/Users/kalinovdameus/Developer/mee-app/.venv/lib/python3.14/site-packages/uvicorn/server.py", line 86, in _serve
    config.load()
    ~~~~~~~~~~~^^
  File "/Users/kalinovdameus/Developer/mee-app/.venv/lib/python3.14/site-packages/uvicorn/config.py", line 441, in load
    self.loaded_app = import_from_string(self.app)
                      ~~~~~~~~~~~~~~~~~~^^^^^^^^^^
  File "/Users/kalinovdameus/Developer/mee-app/.venv/lib/python3.14/site-packages/uvicorn/importer.py", line 19, in import_from_string
    module = importlib.import_module(module_str)
  File "/opt/homebrew/Cellar/python@3.14/3.14.2/Frameworks/Python.framework/Versions/3.14/lib/python3.14/importlib/__init__.py", line 88, in import_module
    return _bootstrap._gcd_import(name[level:], package, level)
           ~~~~~~~~~~~~~~~~~~~~~~^^^^^^^^^^^^^^^^^^^^^^^^^^^^^^
  File "<frozen importlib._bootstrap>", line 1398, in _gcd_import
  File "<frozen importlib._bootstrap>", line 1371, in _find_and_load
  File "<frozen importlib._bootstrap>", line 1342, in _find_and_load_unlocked
  File "<frozen importlib._bootstrap>", line 938, in _load_unlocked
  File "<frozen importlib._bootstrap_external>", line 759, in exec_module
  File "<frozen importlib._bootstrap>", line 491, in _call_with_frames_removed
  File "/Users/kalinovdameus/Developer/mee-app/backend/app/main.py", line 4, in <module>
    from app.routers import telegram
  File "/Users/kalinovdameus/Developer/mee-app/backend/app/routers/telegram.py", line 8, in <module>
    from app.core.prompts import PERSONAL_DEVELOPMENT_PROTOCOL_25, TWIN_ARCHITECT_PROMPT
ImportError: cannot import name 'PERSONAL_DEVELOPMENT_PROTOCOL_25' from 'app.core.prompts' (/Users/kalinovdameus/Developer/mee-app/backend/app/core/prompts.py)
WARNING:  StatReload detected changes in 'app/core/prompts.py'. Reloading...
Process SpawnProcess-48:
Traceback (most recent call last):
  File "/opt/homebrew/Cellar/python@3.14/3.14.2/Frameworks/Python.framework/Versions/3.14/lib/python3.14/multiprocessing/process.py", line 320, in _bootstrap
    self.run()
    ~~~~~~~~^^
  File "/opt/homebrew/Cellar/python@3.14/3.14.2/Frameworks/Python.framework/Versions/3.14/lib/python3.14/multiprocessing/process.py", line 108, in run
    self._target(*self._args, **self._kwargs)
    ~~~~~~~~~~~~^^^^^^^^^^^^^^^^^^^^^^^^^^^^^
  File "/Users/kalinovdameus/Developer/mee-app/.venv/lib/python3.14/site-packages/uvicorn/_subprocess.py", line 80, in subprocess_started
    target(sockets=sockets)
    ~~~~~~^^^^^^^^^^^^^^^^^
  File "/Users/kalinovdameus/Developer/mee-app/.venv/lib/python3.14/site-packages/uvicorn/server.py", line 75, in run
    return asyncio_run(self.serve(sockets=sockets), loop_factory=self.config.get_loop_factory())
  File "/opt/homebrew/Cellar/python@3.14/3.14.2/Frameworks/Python.framework/Versions/3.14/lib/python3.14/asyncio/runners.py", line 204, in run
    return runner.run(main)
           ~~~~~~~~~~^^^^^^
  File "/opt/homebrew/Cellar/python@3.14/3.14.2/Frameworks/Python.framework/Versions/3.14/lib/python3.14/asyncio/runners.py", line 127, in run
    return self._loop.run_until_complete(task)
           ~~~~~~~~~~~~~~~~~~~~~~~~~~~~~^^^^^^
  File "/opt/homebrew/Cellar/python@3.14/3.14.2/Frameworks/Python.framework/Versions/3.14/lib/python3.14/asyncio/base_events.py", line 719, in run_until_complete
    return future.result()
           ~~~~~~~~~~~~~^^
  File "/Users/kalinovdameus/Developer/mee-app/.venv/lib/python3.14/site-packages/uvicorn/server.py", line 79, in serve
    await self._serve(sockets)
  File "/Users/kalinovdameus/Developer/mee-app/.venv/lib/python3.14/site-packages/uvicorn/server.py", line 86, in _serve
    config.load()
    ~~~~~~~~~~~^^
  File "/Users/kalinovdameus/Developer/mee-app/.venv/lib/python3.14/site-packages/uvicorn/config.py", line 441, in load
    self.loaded_app = import_from_string(self.app)
                      ~~~~~~~~~~~~~~~~~~^^^^^^^^^^
  File "/Users/kalinovdameus/Developer/mee-app/.venv/lib/python3.14/site-packages/uvicorn/importer.py", line 19, in import_from_string
    module = importlib.import_module(module_str)
  File "/opt/homebrew/Cellar/python@3.14/3.14.2/Frameworks/Python.framework/Versions/3.14/lib/python3.14/importlib/__init__.py", line 88, in import_module
    return _bootstrap._gcd_import(name[level:], package, level)
           ~~~~~~~~~~~~~~~~~~~~~~^^^^^^^^^^^^^^^^^^^^^^^^^^^^^^
  File "<frozen importlib._bootstrap>", line 1398, in _gcd_import
  File "<frozen importlib._bootstrap>", line 1371, in _find_and_load
  File "<frozen importlib._bootstrap>", line 1342, in _find_and_load_unlocked
  File "<frozen importlib._bootstrap>", line 938, in _load_unlocked
  File "<frozen importlib._bootstrap_external>", line 759, in exec_module
  File "<frozen importlib._bootstrap>", line 491, in _call_with_frames_removed
  File "/Users/kalinovdameus/Developer/mee-app/backend/app/main.py", line 4, in <module>
    from app.routers import telegram
  File "/Users/kalinovdameus/Developer/mee-app/backend/app/routers/telegram.py", line 8, in <module>
    from app.core.prompts import PERSONAL_DEVELOPMENT_PROTOCOL_25, TWIN_ARCHITECT_PROMPT
ImportError: cannot import name 'PERSONAL_DEVELOPMENT_PROTOCOL_25' from 'app.core.prompts' (/Users/kalinovdameus/Developer/mee-app/backend/app/core/prompts.py)
WARNING:  StatReload detected changes in 'app/core/prompts.py'. Reloading...
Process SpawnProcess-49:
Traceback (most recent call last):
  File "/opt/homebrew/Cellar/python@3.14/3.14.2/Frameworks/Python.framework/Versions/3.14/lib/python3.14/multiprocessing/process.py", line 320, in _bootstrap
    self.run()
    ~~~~~~~~^^
  File "/opt/homebrew/Cellar/python@3.14/3.14.2/Frameworks/Python.framework/Versions/3.14/lib/python3.14/multiprocessing/process.py", line 108, in run
    self._target(*self._args, **self._kwargs)
    ~~~~~~~~~~~~^^^^^^^^^^^^^^^^^^^^^^^^^^^^^
  File "/Users/kalinovdameus/Developer/mee-app/.venv/lib/python3.14/site-packages/uvicorn/_subprocess.py", line 80, in subprocess_started
    target(sockets=sockets)
    ~~~~~~^^^^^^^^^^^^^^^^^
  File "/Users/kalinovdameus/Developer/mee-app/.venv/lib/python3.14/site-packages/uvicorn/server.py", line 75, in run
    return asyncio_run(self.serve(sockets=sockets), loop_factory=self.config.get_loop_factory())
  File "/opt/homebrew/Cellar/python@3.14/3.14.2/Frameworks/Python.framework/Versions/3.14/lib/python3.14/asyncio/runners.py", line 204, in run
    return runner.run(main)
           ~~~~~~~~~~^^^^^^
  File "/opt/homebrew/Cellar/python@3.14/3.14.2/Frameworks/Python.framework/Versions/3.14/lib/python3.14/asyncio/runners.py", line 127, in run
    return self._loop.run_until_complete(task)
           ~~~~~~~~~~~~~~~~~~~~~~~~~~~~~^^^^^^
  File "/opt/homebrew/Cellar/python@3.14/3.14.2/Frameworks/Python.framework/Versions/3.14/lib/python3.14/asyncio/base_events.py", line 719, in run_until_complete
    return future.result()
           ~~~~~~~~~~~~~^^
  File "/Users/kalinovdameus/Developer/mee-app/.venv/lib/python3.14/site-packages/uvicorn/server.py", line 79, in serve
    await self._serve(sockets)
  File "/Users/kalinovdameus/Developer/mee-app/.venv/lib/python3.14/site-packages/uvicorn/server.py", line 86, in _serve
    config.load()
    ~~~~~~~~~~~^^
  File "/Users/kalinovdameus/Developer/mee-app/.venv/lib/python3.14/site-packages/uvicorn/config.py", line 441, in load
    self.loaded_app = import_from_string(self.app)
                      ~~~~~~~~~~~~~~~~~~^^^^^^^^^^
  File "/Users/kalinovdameus/Developer/mee-app/.venv/lib/python3.14/site-packages/uvicorn/importer.py", line 19, in import_from_string
    module = importlib.import_module(module_str)
  File "/opt/homebrew/Cellar/python@3.14/3.14.2/Frameworks/Python.framework/Versions/3.14/lib/python3.14/importlib/__init__.py", line 88, in import_module
    return _bootstrap._gcd_import(name[level:], package, level)
           ~~~~~~~~~~~~~~~~~~~~~~^^^^^^^^^^^^^^^^^^^^^^^^^^^^^^
  File "<frozen importlib._bootstrap>", line 1398, in _gcd_import
  File "<frozen importlib._bootstrap>", line 1371, in _find_and_load
  File "<frozen importlib._bootstrap>", line 1342, in _find_and_load_unlocked
  File "<frozen importlib._bootstrap>", line 938, in _load_unlocked
  File "<frozen importlib._bootstrap_external>", line 759, in exec_module
  File "<frozen importlib._bootstrap>", line 491, in _call_with_frames_removed
  File "/Users/kalinovdameus/Developer/mee-app/backend/app/main.py", line 4, in <module>
    from app.routers import telegram
  File "/Users/kalinovdameus/Developer/mee-app/backend/app/routers/telegram.py", line 8, in <module>
    from app.core.prompts import PERSONAL_DEVELOPMENT_PROTOCOL_25, TWIN_ARCHITECT_PROMPT
ImportError: cannot import name 'PERSONAL_DEVELOPMENT_PROTOCOL_25' from 'app.core.prompts' (/Users/kalinovdameus/Developer/mee-app/backend/app/core/prompts.py)
WARNING:  StatReload detected changes in 'app/routers/telegram.py'. Reloading...
Process SpawnProcess-50:
Traceback (most recent call last):
  File "/opt/homebrew/Cellar/python@3.14/3.14.2/Frameworks/Python.framework/Versions/3.14/lib/python3.14/multiprocessing/process.py", line 320, in _bootstrap
    self.run()
    ~~~~~~~~^^
  File "/opt/homebrew/Cellar/python@3.14/3.14.2/Frameworks/Python.framework/Versions/3.14/lib/python3.14/multiprocessing/process.py", line 108, in run
    self._target(*self._args, **self._kwargs)
    ~~~~~~~~~~~~^^^^^^^^^^^^^^^^^^^^^^^^^^^^^
  File "/Users/kalinovdameus/Developer/mee-app/.venv/lib/python3.14/site-packages/uvicorn/_subprocess.py", line 80, in subprocess_started
    target(sockets=sockets)
    ~~~~~~^^^^^^^^^^^^^^^^^
  File "/Users/kalinovdameus/Developer/mee-app/.venv/lib/python3.14/site-packages/uvicorn/server.py", line 75, in run
    return asyncio_run(self.serve(sockets=sockets), loop_factory=self.config.get_loop_factory())
  File "/opt/homebrew/Cellar/python@3.14/3.14.2/Frameworks/Python.framework/Versions/3.14/lib/python3.14/asyncio/runners.py", line 204, in run
    return runner.run(main)
           ~~~~~~~~~~^^^^^^
  File "/opt/homebrew/Cellar/python@3.14/3.14.2/Frameworks/Python.framework/Versions/3.14/lib/python3.14/asyncio/runners.py", line 127, in run
    return self._loop.run_until_complete(task)
           ~~~~~~~~~~~~~~~~~~~~~~~~~~~~~^^^^^^
  File "/opt/homebrew/Cellar/python@3.14/3.14.2/Frameworks/Python.framework/Versions/3.14/lib/python3.14/asyncio/base_events.py", line 719, in run_until_complete
    return future.result()
           ~~~~~~~~~~~~~^^
  File "/Users/kalinovdameus/Developer/mee-app/.venv/lib/python3.14/site-packages/uvicorn/server.py", line 79, in serve
    await self._serve(sockets)
  File "/Users/kalinovdameus/Developer/mee-app/.venv/lib/python3.14/site-packages/uvicorn/server.py", line 86, in _serve
    config.load()
    ~~~~~~~~~~~^^
  File "/Users/kalinovdameus/Developer/mee-app/.venv/lib/python3.14/site-packages/uvicorn/config.py", line 441, in load
    self.loaded_app = import_from_string(self.app)
                      ~~~~~~~~~~~~~~~~~~^^^^^^^^^^
  File "/Users/kalinovdameus/Developer/mee-app/.venv/lib/python3.14/site-packages/uvicorn/importer.py", line 19, in import_from_string
    module = importlib.import_module(module_str)
  File "/opt/homebrew/Cellar/python@3.14/3.14.2/Frameworks/Python.framework/Versions/3.14/lib/python3.14/importlib/__init__.py", line 88, in import_module
    return _bootstrap._gcd_import(name[level:], package, level)
           ~~~~~~~~~~~~~~~~~~~~~~^^^^^^^^^^^^^^^^^^^^^^^^^^^^^^
  File "<frozen importlib._bootstrap>", line 1398, in _gcd_import
  File "<frozen importlib._bootstrap>", line 1371, in _find_and_load
  File "<frozen importlib._bootstrap>", line 1342, in _find_and_load_unlocked
  File "<frozen importlib._bootstrap>", line 938, in _load_unlocked
  File "<frozen importlib._bootstrap_external>", line 759, in exec_module
  File "<frozen importlib._bootstrap>", line 491, in _call_with_frames_removed
  File "/Users/kalinovdameus/Developer/mee-app/backend/app/main.py", line 4, in <module>
    from app.routers import telegram
  File "/Users/kalinovdameus/Developer/mee-app/backend/app/routers/telegram.py", line 8, in <module>
    from app.core.prompts import PERSONAL_DEVELOPMENT_PROTOCOL_25, TWIN_ARCHITECT_PROMPT
ImportError: cannot import name 'PERSONAL_DEVELOPMENT_PROTOCOL_25' from 'app.core.prompts' (/Users/kalinovdameus/Developer/mee-app/backend/app/core/prompts.py)
WARNING:  StatReload detected changes in 'app/routers/telegram.py'. Reloading...
Process SpawnProcess-51:
Traceback (most recent call last):
  File "/opt/homebrew/Cellar/python@3.14/3.14.2/Frameworks/Python.framework/Versions/3.14/lib/python3.14/multiprocessing/process.py", line 320, in _bootstrap
    self.run()
    ~~~~~~~~^^
  File "/opt/homebrew/Cellar/python@3.14/3.14.2/Frameworks/Python.framework/Versions/3.14/lib/python3.14/multiprocessing/process.py", line 108, in run
    self._target(*self._args, **self._kwargs)
    ~~~~~~~~~~~~^^^^^^^^^^^^^^^^^^^^^^^^^^^^^
  File "/Users/kalinovdameus/Developer/mee-app/.venv/lib/python3.14/site-packages/uvicorn/_subprocess.py", line 80, in subprocess_started
    target(sockets=sockets)
    ~~~~~~^^^^^^^^^^^^^^^^^
  File "/Users/kalinovdameus/Developer/mee-app/.venv/lib/python3.14/site-packages/uvicorn/server.py", line 75, in run
    return asyncio_run(self.serve(sockets=sockets), loop_factory=self.config.get_loop_factory())
  File "/opt/homebrew/Cellar/python@3.14/3.14.2/Frameworks/Python.framework/Versions/3.14/lib/python3.14/asyncio/runners.py", line 204, in run
    return runner.run(main)
           ~~~~~~~~~~^^^^^^
  File "/opt/homebrew/Cellar/python@3.14/3.14.2/Frameworks/Python.framework/Versions/3.14/lib/python3.14/asyncio/runners.py", line 127, in run
    return self._loop.run_until_complete(task)
           ~~~~~~~~~~~~~~~~~~~~~~~~~~~~~^^^^^^
  File "/opt/homebrew/Cellar/python@3.14/3.14.2/Frameworks/Python.framework/Versions/3.14/lib/python3.14/asyncio/base_events.py", line 719, in run_until_complete
    return future.result()
           ~~~~~~~~~~~~~^^
  File "/Users/kalinovdameus/Developer/mee-app/.venv/lib/python3.14/site-packages/uvicorn/server.py", line 79, in serve
    await self._serve(sockets)
  File "/Users/kalinovdameus/Developer/mee-app/.venv/lib/python3.14/site-packages/uvicorn/server.py", line 86, in _serve
    config.load()
    ~~~~~~~~~~~^^
  File "/Users/kalinovdameus/Developer/mee-app/.venv/lib/python3.14/site-packages/uvicorn/config.py", line 441, in load
    self.loaded_app = import_from_string(self.app)
                      ~~~~~~~~~~~~~~~~~~^^^^^^^^^^
  File "/Users/kalinovdameus/Developer/mee-app/.venv/lib/python3.14/site-packages/uvicorn/importer.py", line 19, in import_from_string
    module = importlib.import_module(module_str)
  File "/opt/homebrew/Cellar/python@3.14/3.14.2/Frameworks/Python.framework/Versions/3.14/lib/python3.14/importlib/__init__.py", line 88, in import_module
    return _bootstrap._gcd_import(name[level:], package, level)
           ~~~~~~~~~~~~~~~~~~~~~~^^^^^^^^^^^^^^^^^^^^^^^^^^^^^^
  File "<frozen importlib._bootstrap>", line 1398, in _gcd_import
  File "<frozen importlib._bootstrap>", line 1371, in _find_and_load
  File "<frozen importlib._bootstrap>", line 1342, in _find_and_load_unlocked
  File "<frozen importlib._bootstrap>", line 938, in _load_unlocked
  File "<frozen importlib._bootstrap_external>", line 759, in exec_module
  File "<frozen importlib._bootstrap>", line 491, in _call_with_frames_removed
  File "/Users/kalinovdameus/Developer/mee-app/backend/app/main.py", line 4, in <module>
    from app.routers import telegram
  File "/Users/kalinovdameus/Developer/mee-app/backend/app/routers/telegram.py", line 8, in <module>
    from app.core.prompts import PERSONAL_DEVELOPMENT_PROTOCOL_25, TWIN_ARCHITECT_PROMPT
ImportError: cannot import name 'PERSONAL_DEVELOPMENT_PROTOCOL_25' from 'app.core.prompts' (/Users/kalinovdameus/Developer/mee-app/backend/app/core/prompts.py)
WARNING:  StatReload detected changes in 'app/routers/telegram.py'. Reloading...
Process SpawnProcess-52:
Traceback (most recent call last):
  File "/opt/homebrew/Cellar/python@3.14/3.14.2/Frameworks/Python.framework/Versions/3.14/lib/python3.14/multiprocessing/process.py", line 320, in _bootstrap
    self.run()
    ~~~~~~~~^^
  File "/opt/homebrew/Cellar/python@3.14/3.14.2/Frameworks/Python.framework/Versions/3.14/lib/python3.14/multiprocessing/process.py", line 108, in run
    self._target(*self._args, **self._kwargs)
    ~~~~~~~~~~~~^^^^^^^^^^^^^^^^^^^^^^^^^^^^^
  File "/Users/kalinovdameus/Developer/mee-app/.venv/lib/python3.14/site-packages/uvicorn/_subprocess.py", line 80, in subprocess_started
    target(sockets=sockets)
    ~~~~~~^^^^^^^^^^^^^^^^^
  File "/Users/kalinovdameus/Developer/mee-app/.venv/lib/python3.14/site-packages/uvicorn/server.py", line 75, in run
    return asyncio_run(self.serve(sockets=sockets), loop_factory=self.config.get_loop_factory())
  File "/opt/homebrew/Cellar/python@3.14/3.14.2/Frameworks/Python.framework/Versions/3.14/lib/python3.14/asyncio/runners.py", line 204, in run
    return runner.run(main)
           ~~~~~~~~~~^^^^^^
  File "/opt/homebrew/Cellar/python@3.14/3.14.2/Frameworks/Python.framework/Versions/3.14/lib/python3.14/asyncio/runners.py", line 127, in run
    return self._loop.run_until_complete(task)
           ~~~~~~~~~~~~~~~~~~~~~~~~~~~~~^^^^^^
  File "/opt/homebrew/Cellar/python@3.14/3.14.2/Frameworks/Python.framework/Versions/3.14/lib/python3.14/asyncio/base_events.py", line 719, in run_until_complete
    return future.result()
           ~~~~~~~~~~~~~^^
  File "/Users/kalinovdameus/Developer/mee-app/.venv/lib/python3.14/site-packages/uvicorn/server.py", line 79, in serve
    await self._serve(sockets)
  File "/Users/kalinovdameus/Developer/mee-app/.venv/lib/python3.14/site-packages/uvicorn/server.py", line 86, in _serve
    config.load()
    ~~~~~~~~~~~^^
  File "/Users/kalinovdameus/Developer/mee-app/.venv/lib/python3.14/site-packages/uvicorn/config.py", line 441, in load
    self.loaded_app = import_from_string(self.app)
                      ~~~~~~~~~~~~~~~~~~^^^^^^^^^^
  File "/Users/kalinovdameus/Developer/mee-app/.venv/lib/python3.14/site-packages/uvicorn/importer.py", line 19, in import_from_string
    module = importlib.import_module(module_str)
  File "/opt/homebrew/Cellar/python@3.14/3.14.2/Frameworks/Python.framework/Versions/3.14/lib/python3.14/importlib/__init__.py", line 88, in import_module
    return _bootstrap._gcd_import(name[level:], package, level)
           ~~~~~~~~~~~~~~~~~~~~~~^^^^^^^^^^^^^^^^^^^^^^^^^^^^^^
  File "<frozen importlib._bootstrap>", line 1398, in _gcd_import
  File "<frozen importlib._bootstrap>", line 1371, in _find_and_load
  File "<frozen importlib._bootstrap>", line 1342, in _find_and_load_unlocked
  File "<frozen importlib._bootstrap>", line 938, in _load_unlocked
  File "<frozen importlib._bootstrap_external>", line 759, in exec_module
  File "<frozen importlib._bootstrap>", line 491, in _call_with_frames_removed
  File "/Users/kalinovdameus/Developer/mee-app/backend/app/main.py", line 4, in <module>
    from app.routers import telegram
  File "/Users/kalinovdameus/Developer/mee-app/backend/app/routers/telegram.py", line 8, in <module>
    from app.core.prompts import PERSONAL_DEVELOPMENT_PROTOCOL_25, TWIN_ARCHITECT_PROMPT
ImportError: cannot import name 'PERSONAL_DEVELOPMENT_PROTOCOL_25' from 'app.core.prompts' (/Users/kalinovdameus/Developer/mee-app/backend/app/core/prompts.py)
WARNING:  StatReload detected changes in 'app/routers/telegram.py'. Reloading...
Process SpawnProcess-53:
Traceback (most recent call last):
  File "/opt/homebrew/Cellar/python@3.14/3.14.2/Frameworks/Python.framework/Versions/3.14/lib/python3.14/multiprocessing/process.py", line 320, in _bootstrap
    self.run()
    ~~~~~~~~^^
  File "/opt/homebrew/Cellar/python@3.14/3.14.2/Frameworks/Python.framework/Versions/3.14/lib/python3.14/multiprocessing/process.py", line 108, in run
    self._target(*self._args, **self._kwargs)
    ~~~~~~~~~~~~^^^^^^^^^^^^^^^^^^^^^^^^^^^^^
  File "/Users/kalinovdameus/Developer/mee-app/.venv/lib/python3.14/site-packages/uvicorn/_subprocess.py", line 80, in subprocess_started
    target(sockets=sockets)
    ~~~~~~^^^^^^^^^^^^^^^^^
  File "/Users/kalinovdameus/Developer/mee-app/.venv/lib/python3.14/site-packages/uvicorn/server.py", line 75, in run
    return asyncio_run(self.serve(sockets=sockets), loop_factory=self.config.get_loop_factory())
  File "/opt/homebrew/Cellar/python@3.14/3.14.2/Frameworks/Python.framework/Versions/3.14/lib/python3.14/asyncio/runners.py", line 204, in run
    return runner.run(main)
           ~~~~~~~~~~^^^^^^
  File "/opt/homebrew/Cellar/python@3.14/3.14.2/Frameworks/Python.framework/Versions/3.14/lib/python3.14/asyncio/runners.py", line 127, in run
    return self._loop.run_until_complete(task)
           ~~~~~~~~~~~~~~~~~~~~~~~~~~~~~^^^^^^
  File "/opt/homebrew/Cellar/python@3.14/3.14.2/Frameworks/Python.framework/Versions/3.14/lib/python3.14/asyncio/base_events.py", line 719, in run_until_complete
    return future.result()
           ~~~~~~~~~~~~~^^
  File "/Users/kalinovdameus/Developer/mee-app/.venv/lib/python3.14/site-packages/uvicorn/server.py", line 79, in serve
    await self._serve(sockets)
  File "/Users/kalinovdameus/Developer/mee-app/.venv/lib/python3.14/site-packages/uvicorn/server.py", line 86, in _serve
    config.load()
    ~~~~~~~~~~~^^
  File "/Users/kalinovdameus/Developer/mee-app/.venv/lib/python3.14/site-packages/uvicorn/config.py", line 441, in load
    self.loaded_app = import_from_string(self.app)
                      ~~~~~~~~~~~~~~~~~~^^^^^^^^^^
  File "/Users/kalinovdameus/Developer/mee-app/.venv/lib/python3.14/site-packages/uvicorn/importer.py", line 19, in import_from_string
    module = importlib.import_module(module_str)
  File "/opt/homebrew/Cellar/python@3.14/3.14.2/Frameworks/Python.framework/Versions/3.14/lib/python3.14/importlib/__init__.py", line 88, in import_module
    return _bootstrap._gcd_import(name[level:], package, level)
           ~~~~~~~~~~~~~~~~~~~~~~^^^^^^^^^^^^^^^^^^^^^^^^^^^^^^
  File "<frozen importlib._bootstrap>", line 1398, in _gcd_import
  File "<frozen importlib._bootstrap>", line 1371, in _find_and_load
  File "<frozen importlib._bootstrap>", line 1342, in _find_and_load_unlocked
  File "<frozen importlib._bootstrap>", line 938, in _load_unlocked
  File "<frozen importlib._bootstrap_external>", line 759, in exec_module
  File "<frozen importlib._bootstrap>", line 491, in _call_with_frames_removed
  File "/Users/kalinovdameus/Developer/mee-app/backend/app/main.py", line 4, in <module>
    from app.routers import telegram
  File "/Users/kalinovdameus/Developer/mee-app/backend/app/routers/telegram.py", line 8, in <module>
    from app.core.prompts import PERSONAL_DEVELOPMENT_PROTOCOL_25, TWIN_ARCHITECT_PROMPT
ImportError: cannot import name 'PERSONAL_DEVELOPMENT_PROTOCOL_25' from 'app.core.prompts' (/Users/kalinovdameus/Developer/mee-app/backend/app/core/prompts.py)
WARNING:  StatReload detected changes in 'app/services/groq.py'. Reloading...
Process SpawnProcess-54:
Traceback (most recent call last):
  File "/opt/homebrew/Cellar/python@3.14/3.14.2/Frameworks/Python.framework/Versions/3.14/lib/python3.14/multiprocessing/process.py", line 320, in _bootstrap
    self.run()
    ~~~~~~~~^^
  File "/opt/homebrew/Cellar/python@3.14/3.14.2/Frameworks/Python.framework/Versions/3.14/lib/python3.14/multiprocessing/process.py", line 108, in run
    self._target(*self._args, **self._kwargs)
    ~~~~~~~~~~~~^^^^^^^^^^^^^^^^^^^^^^^^^^^^^
  File "/Users/kalinovdameus/Developer/mee-app/.venv/lib/python3.14/site-packages/uvicorn/_subprocess.py", line 80, in subprocess_started
    target(sockets=sockets)
    ~~~~~~^^^^^^^^^^^^^^^^^
  File "/Users/kalinovdameus/Developer/mee-app/.venv/lib/python3.14/site-packages/uvicorn/server.py", line 75, in run
    return asyncio_run(self.serve(sockets=sockets), loop_factory=self.config.get_loop_factory())
  File "/opt/homebrew/Cellar/python@3.14/3.14.2/Frameworks/Python.framework/Versions/3.14/lib/python3.14/asyncio/runners.py", line 204, in run
    return runner.run(main)
           ~~~~~~~~~~^^^^^^
  File "/opt/homebrew/Cellar/python@3.14/3.14.2/Frameworks/Python.framework/Versions/3.14/lib/python3.14/asyncio/runners.py", line 127, in run
    return self._loop.run_until_complete(task)
           ~~~~~~~~~~~~~~~~~~~~~~~~~~~~~^^^^^^
  File "/opt/homebrew/Cellar/python@3.14/3.14.2/Frameworks/Python.framework/Versions/3.14/lib/python3.14/asyncio/base_events.py", line 719, in run_until_complete
    return future.result()
           ~~~~~~~~~~~~~^^
  File "/Users/kalinovdameus/Developer/mee-app/.venv/lib/python3.14/site-packages/uvicorn/server.py", line 79, in serve
    await self._serve(sockets)
  File "/Users/kalinovdameus/Developer/mee-app/.venv/lib/python3.14/site-packages/uvicorn/server.py", line 86, in _serve
    config.load()
    ~~~~~~~~~~~^^
  File "/Users/kalinovdameus/Developer/mee-app/.venv/lib/python3.14/site-packages/uvicorn/config.py", line 441, in load
    self.loaded_app = import_from_string(self.app)
                      ~~~~~~~~~~~~~~~~~~^^^^^^^^^^
  File "/Users/kalinovdameus/Developer/mee-app/.venv/lib/python3.14/site-packages/uvicorn/importer.py", line 19, in import_from_string
    module = importlib.import_module(module_str)
  File "/opt/homebrew/Cellar/python@3.14/3.14.2/Frameworks/Python.framework/Versions/3.14/lib/python3.14/importlib/__init__.py", line 88, in import_module
    return _bootstrap._gcd_import(name[level:], package, level)
           ~~~~~~~~~~~~~~~~~~~~~~^^^^^^^^^^^^^^^^^^^^^^^^^^^^^^
  File "<frozen importlib._bootstrap>", line 1398, in _gcd_import
  File "<frozen importlib._bootstrap>", line 1371, in _find_and_load
  File "<frozen importlib._bootstrap>", line 1342, in _find_and_load_unlocked
  File "<frozen importlib._bootstrap>", line 938, in _load_unlocked
  File "<frozen importlib._bootstrap_external>", line 759, in exec_module
  File "<frozen importlib._bootstrap>", line 491, in _call_with_frames_removed
  File "/Users/kalinovdameus/Developer/mee-app/backend/app/main.py", line 4, in <module>
    from app.routers import telegram
  File "/Users/kalinovdameus/Developer/mee-app/backend/app/routers/telegram.py", line 8, in <module>
    from app.core.prompts import PERSONAL_DEVELOPMENT_PROTOCOL_25, TWIN_ARCHITECT_PROMPT
ImportError: cannot import name 'PERSONAL_DEVELOPMENT_PROTOCOL_25' from 'app.core.prompts' (/Users/kalinovdameus/Developer/mee-app/backend/app/core/prompts.py)
WARNING:  StatReload detected changes in 'app/routers/telegram.py'. Reloading...
Process SpawnProcess-55:
Traceback (most recent call last):
  File "/opt/homebrew/Cellar/python@3.14/3.14.2/Frameworks/Python.framework/Versions/3.14/lib/python3.14/multiprocessing/process.py", line 320, in _bootstrap
    self.run()
    ~~~~~~~~^^
  File "/opt/homebrew/Cellar/python@3.14/3.14.2/Frameworks/Python.framework/Versions/3.14/lib/python3.14/multiprocessing/process.py", line 108, in run
    self._target(*self._args, **self._kwargs)
    ~~~~~~~~~~~~^^^^^^^^^^^^^^^^^^^^^^^^^^^^^
  File "/Users/kalinovdameus/Developer/mee-app/.venv/lib/python3.14/site-packages/uvicorn/_subprocess.py", line 80, in subprocess_started
    target(sockets=sockets)
    ~~~~~~^^^^^^^^^^^^^^^^^
  File "/Users/kalinovdameus/Developer/mee-app/.venv/lib/python3.14/site-packages/uvicorn/server.py", line 75, in run
    return asyncio_run(self.serve(sockets=sockets), loop_factory=self.config.get_loop_factory())
  File "/opt/homebrew/Cellar/python@3.14/3.14.2/Frameworks/Python.framework/Versions/3.14/lib/python3.14/asyncio/runners.py", line 204, in run
    return runner.run(main)
           ~~~~~~~~~~^^^^^^
  File "/opt/homebrew/Cellar/python@3.14/3.14.2/Frameworks/Python.framework/Versions/3.14/lib/python3.14/asyncio/runners.py", line 127, in run
    return self._loop.run_until_complete(task)
           ~~~~~~~~~~~~~~~~~~~~~~~~~~~~~^^^^^^
  File "/opt/homebrew/Cellar/python@3.14/3.14.2/Frameworks/Python.framework/Versions/3.14/lib/python3.14/asyncio/base_events.py", line 719, in run_until_complete
    return future.result()
           ~~~~~~~~~~~~~^^
  File "/Users/kalinovdameus/Developer/mee-app/.venv/lib/python3.14/site-packages/uvicorn/server.py", line 79, in serve
    await self._serve(sockets)
  File "/Users/kalinovdameus/Developer/mee-app/.venv/lib/python3.14/site-packages/uvicorn/server.py", line 86, in _serve
    config.load()
    ~~~~~~~~~~~^^
  File "/Users/kalinovdameus/Developer/mee-app/.venv/lib/python3.14/site-packages/uvicorn/config.py", line 441, in load
    self.loaded_app = import_from_string(self.app)
                      ~~~~~~~~~~~~~~~~~~^^^^^^^^^^
  File "/Users/kalinovdameus/Developer/mee-app/.venv/lib/python3.14/site-packages/uvicorn/importer.py", line 19, in import_from_string
    module = importlib.import_module(module_str)
  File "/opt/homebrew/Cellar/python@3.14/3.14.2/Frameworks/Python.framework/Versions/3.14/lib/python3.14/importlib/__init__.py", line 88, in import_module
    return _bootstrap._gcd_import(name[level:], package, level)
           ~~~~~~~~~~~~~~~~~~~~~~^^^^^^^^^^^^^^^^^^^^^^^^^^^^^^
  File "<frozen importlib._bootstrap>", line 1398, in _gcd_import
  File "<frozen importlib._bootstrap>", line 1371, in _find_and_load
  File "<frozen importlib._bootstrap>", line 1342, in _find_and_load_unlocked
  File "<frozen importlib._bootstrap>", line 938, in _load_unlocked
  File "<frozen importlib._bootstrap_external>", line 759, in exec_module
  File "<frozen importlib._bootstrap>", line 491, in _call_with_frames_removed
  File "/Users/kalinovdameus/Developer/mee-app/backend/app/main.py", line 4, in <module>
    from app.routers import telegram
  File "/Users/kalinovdameus/Developer/mee-app/backend/app/routers/telegram.py", line 8, in <module>
    from app.core.prompts import PERSONAL_DEVELOPMENT_PROTOCOL_25, TWIN_ARCHITECT_PROMPT
ImportError: cannot import name 'PERSONAL_DEVELOPMENT_PROTOCOL_25' from 'app.core.prompts' (/Users/kalinovdameus/Developer/mee-app/backend/app/core/prompts.py)
WARNING:  StatReload detected changes in 'app/routers/telegram.py'. Reloading...
Process SpawnProcess-56:
Traceback (most recent call last):
  File "/opt/homebrew/Cellar/python@3.14/3.14.2/Frameworks/Python.framework/Versions/3.14/lib/python3.14/multiprocessing/process.py", line 320, in _bootstrap
    self.run()
    ~~~~~~~~^^
  File "/opt/homebrew/Cellar/python@3.14/3.14.2/Frameworks/Python.framework/Versions/3.14/lib/python3.14/multiprocessing/process.py", line 108, in run
    self._target(*self._args, **self._kwargs)
    ~~~~~~~~~~~~^^^^^^^^^^^^^^^^^^^^^^^^^^^^^
  File "/Users/kalinovdameus/Developer/mee-app/.venv/lib/python3.14/site-packages/uvicorn/_subprocess.py", line 80, in subprocess_started
    target(sockets=sockets)
    ~~~~~~^^^^^^^^^^^^^^^^^
  File "/Users/kalinovdameus/Developer/mee-app/.venv/lib/python3.14/site-packages/uvicorn/server.py", line 75, in run
    return asyncio_run(self.serve(sockets=sockets), loop_factory=self.config.get_loop_factory())
  File "/opt/homebrew/Cellar/python@3.14/3.14.2/Frameworks/Python.framework/Versions/3.14/lib/python3.14/asyncio/runners.py", line 204, in run
    return runner.run(main)
           ~~~~~~~~~~^^^^^^
  File "/opt/homebrew/Cellar/python@3.14/3.14.2/Frameworks/Python.framework/Versions/3.14/lib/python3.14/asyncio/runners.py", line 127, in run
    return self._loop.run_until_complete(task)
           ~~~~~~~~~~~~~~~~~~~~~~~~~~~~~^^^^^^
  File "/opt/homebrew/Cellar/python@3.14/3.14.2/Frameworks/Python.framework/Versions/3.14/lib/python3.14/asyncio/base_events.py", line 719, in run_until_complete
    return future.result()
           ~~~~~~~~~~~~~^^
  File "/Users/kalinovdameus/Developer/mee-app/.venv/lib/python3.14/site-packages/uvicorn/server.py", line 79, in serve
    await self._serve(sockets)
  File "/Users/kalinovdameus/Developer/mee-app/.venv/lib/python3.14/site-packages/uvicorn/server.py", line 86, in _serve
    config.load()
    ~~~~~~~~~~~^^
  File "/Users/kalinovdameus/Developer/mee-app/.venv/lib/python3.14/site-packages/uvicorn/config.py", line 441, in load
    self.loaded_app = import_from_string(self.app)
                      ~~~~~~~~~~~~~~~~~~^^^^^^^^^^
  File "/Users/kalinovdameus/Developer/mee-app/.venv/lib/python3.14/site-packages/uvicorn/importer.py", line 19, in import_from_string
    module = importlib.import_module(module_str)
  File "/opt/homebrew/Cellar/python@3.14/3.14.2/Frameworks/Python.framework/Versions/3.14/lib/python3.14/importlib/__init__.py", line 88, in import_module
    return _bootstrap._gcd_import(name[level:], package, level)
           ~~~~~~~~~~~~~~~~~~~~~~^^^^^^^^^^^^^^^^^^^^^^^^^^^^^^
  File "<frozen importlib._bootstrap>", line 1398, in _gcd_import
  File "<frozen importlib._bootstrap>", line 1371, in _find_and_load
  File "<frozen importlib._bootstrap>", line 1342, in _find_and_load_unlocked
  File "<frozen importlib._bootstrap>", line 938, in _load_unlocked
  File "<frozen importlib._bootstrap_external>", line 759, in exec_module
  File "<frozen importlib._bootstrap>", line 491, in _call_with_frames_removed
  File "/Users/kalinovdameus/Developer/mee-app/backend/app/main.py", line 4, in <module>
    from app.routers import telegram
  File "/Users/kalinovdameus/Developer/mee-app/backend/app/routers/telegram.py", line 8, in <module>
    from app.core.prompts import PERSONAL_DEVELOPMENT_PROTOCOL_25, TWIN_ARCHITECT_PROMPT
ImportError: cannot import name 'PERSONAL_DEVELOPMENT_PROTOCOL_25' from 'app.core.prompts' (/Users/kalinovdameus/Developer/mee-app/backend/app/core/prompts.py)
WARNING:  StatReload detected changes in 'app/routers/telegram.py'. Reloading...
Process SpawnProcess-57:
Traceback (most recent call last):
  File "/opt/homebrew/Cellar/python@3.14/3.14.2/Frameworks/Python.framework/Versions/3.14/lib/python3.14/multiprocessing/process.py", line 320, in _bootstrap
    self.run()
    ~~~~~~~~^^
  File "/opt/homebrew/Cellar/python@3.14/3.14.2/Frameworks/Python.framework/Versions/3.14/lib/python3.14/multiprocessing/process.py", line 108, in run
    self._target(*self._args, **self._kwargs)
    ~~~~~~~~~~~~^^^^^^^^^^^^^^^^^^^^^^^^^^^^^
  File "/Users/kalinovdameus/Developer/mee-app/.venv/lib/python3.14/site-packages/uvicorn/_subprocess.py", line 80, in subprocess_started
    target(sockets=sockets)
    ~~~~~~^^^^^^^^^^^^^^^^^
  File "/Users/kalinovdameus/Developer/mee-app/.venv/lib/python3.14/site-packages/uvicorn/server.py", line 75, in run
    return asyncio_run(self.serve(sockets=sockets), loop_factory=self.config.get_loop_factory())
  File "/opt/homebrew/Cellar/python@3.14/3.14.2/Frameworks/Python.framework/Versions/3.14/lib/python3.14/asyncio/runners.py", line 204, in run
    return runner.run(main)
           ~~~~~~~~~~^^^^^^
  File "/opt/homebrew/Cellar/python@3.14/3.14.2/Frameworks/Python.framework/Versions/3.14/lib/python3.14/asyncio/runners.py", line 127, in run
    return self._loop.run_until_complete(task)
           ~~~~~~~~~~~~~~~~~~~~~~~~~~~~~^^^^^^
  File "/opt/homebrew/Cellar/python@3.14/3.14.2/Frameworks/Python.framework/Versions/3.14/lib/python3.14/asyncio/base_events.py", line 719, in run_until_complete
    return future.result()
           ~~~~~~~~~~~~~^^
  File "/Users/kalinovdameus/Developer/mee-app/.venv/lib/python3.14/site-packages/uvicorn/server.py", line 79, in serve
    await self._serve(sockets)
  File "/Users/kalinovdameus/Developer/mee-app/.venv/lib/python3.14/site-packages/uvicorn/server.py", line 86, in _serve
    config.load()
    ~~~~~~~~~~~^^
  File "/Users/kalinovdameus/Developer/mee-app/.venv/lib/python3.14/site-packages/uvicorn/config.py", line 441, in load
    self.loaded_app = import_from_string(self.app)
                      ~~~~~~~~~~~~~~~~~~^^^^^^^^^^
  File "/Users/kalinovdameus/Developer/mee-app/.venv/lib/python3.14/site-packages/uvicorn/importer.py", line 19, in import_from_string
    module = importlib.import_module(module_str)
  File "/opt/homebrew/Cellar/python@3.14/3.14.2/Frameworks/Python.framework/Versions/3.14/lib/python3.14/importlib/__init__.py", line 88, in import_module
    return _bootstrap._gcd_import(name[level:], package, level)
           ~~~~~~~~~~~~~~~~~~~~~~^^^^^^^^^^^^^^^^^^^^^^^^^^^^^^
  File "<frozen importlib._bootstrap>", line 1398, in _gcd_import
  File "<frozen importlib._bootstrap>", line 1371, in _find_and_load
  File "<frozen importlib._bootstrap>", line 1342, in _find_and_load_unlocked
  File "<frozen importlib._bootstrap>", line 938, in _load_unlocked
  File "<frozen importlib._bootstrap_external>", line 759, in exec_module
  File "<frozen importlib._bootstrap>", line 491, in _call_with_frames_removed
  File "/Users/kalinovdameus/Developer/mee-app/backend/app/main.py", line 4, in <module>
    from app.routers import telegram
  File "/Users/kalinovdameus/Developer/mee-app/backend/app/routers/telegram.py", line 8, in <module>
    from app.core.prompts import PERSONAL_DEVELOPMENT_PROTOCOL_25, TWIN_ARCHITECT_PROMPT
ImportError: cannot import name 'PERSONAL_DEVELOPMENT_PROTOCOL_25' from 'app.core.prompts' (/Users/kalinovdameus/Developer/mee-app/backend/app/core/prompts.py)
WARNING:  StatReload detected changes in 'app/services/pinecone.py'. Reloading...
Process SpawnProcess-58:
Traceback (most recent call last):
  File "/opt/homebrew/Cellar/python@3.14/3.14.2/Frameworks/Python.framework/Versions/3.14/lib/python3.14/multiprocessing/process.py", line 320, in _bootstrap
    self.run()
    ~~~~~~~~^^
  File "/opt/homebrew/Cellar/python@3.14/3.14.2/Frameworks/Python.framework/Versions/3.14/lib/python3.14/multiprocessing/process.py", line 108, in run
    self._target(*self._args, **self._kwargs)
    ~~~~~~~~~~~~^^^^^^^^^^^^^^^^^^^^^^^^^^^^^
  File "/Users/kalinovdameus/Developer/mee-app/.venv/lib/python3.14/site-packages/uvicorn/_subprocess.py", line 80, in subprocess_started
    target(sockets=sockets)
    ~~~~~~^^^^^^^^^^^^^^^^^
  File "/Users/kalinovdameus/Developer/mee-app/.venv/lib/python3.14/site-packages/uvicorn/server.py", line 75, in run
    return asyncio_run(self.serve(sockets=sockets), loop_factory=self.config.get_loop_factory())
  File "/opt/homebrew/Cellar/python@3.14/3.14.2/Frameworks/Python.framework/Versions/3.14/lib/python3.14/asyncio/runners.py", line 204, in run
    return runner.run(main)
           ~~~~~~~~~~^^^^^^
  File "/opt/homebrew/Cellar/python@3.14/3.14.2/Frameworks/Python.framework/Versions/3.14/lib/python3.14/asyncio/runners.py", line 127, in run
    return self._loop.run_until_complete(task)
           ~~~~~~~~~~~~~~~~~~~~~~~~~~~~~^^^^^^
  File "/opt/homebrew/Cellar/python@3.14/3.14.2/Frameworks/Python.framework/Versions/3.14/lib/python3.14/asyncio/base_events.py", line 719, in run_until_complete
    return future.result()
           ~~~~~~~~~~~~~^^
  File "/Users/kalinovdameus/Developer/mee-app/.venv/lib/python3.14/site-packages/uvicorn/server.py", line 79, in serve
    await self._serve(sockets)
  File "/Users/kalinovdameus/Developer/mee-app/.venv/lib/python3.14/site-packages/uvicorn/server.py", line 86, in _serve
    config.load()
    ~~~~~~~~~~~^^
  File "/Users/kalinovdameus/Developer/mee-app/.venv/lib/python3.14/site-packages/uvicorn/config.py", line 441, in load
    self.loaded_app = import_from_string(self.app)
                      ~~~~~~~~~~~~~~~~~~^^^^^^^^^^
  File "/Users/kalinovdameus/Developer/mee-app/.venv/lib/python3.14/site-packages/uvicorn/importer.py", line 19, in import_from_string
    module = importlib.import_module(module_str)
  File "/opt/homebrew/Cellar/python@3.14/3.14.2/Frameworks/Python.framework/Versions/3.14/lib/python3.14/importlib/__init__.py", line 88, in import_module
    return _bootstrap._gcd_import(name[level:], package, level)
           ~~~~~~~~~~~~~~~~~~~~~~^^^^^^^^^^^^^^^^^^^^^^^^^^^^^^
  File "<frozen importlib._bootstrap>", line 1398, in _gcd_import
  File "<frozen importlib._bootstrap>", line 1371, in _find_and_load
  File "<frozen importlib._bootstrap>", line 1342, in _find_and_load_unlocked
  File "<frozen importlib._bootstrap>", line 938, in _load_unlocked
  File "<frozen importlib._bootstrap_external>", line 759, in exec_module
  File "<frozen importlib._bootstrap>", line 491, in _call_with_frames_removed
  File "/Users/kalinovdameus/Developer/mee-app/backend/app/main.py", line 4, in <module>
    from app.routers import telegram
  File "/Users/kalinovdameus/Developer/mee-app/backend/app/routers/telegram.py", line 8, in <module>
    from app.core.prompts import PERSONAL_DEVELOPMENT_PROTOCOL_25, TWIN_ARCHITECT_PROMPT
ImportError: cannot import name 'PERSONAL_DEVELOPMENT_PROTOCOL_25' from 'app.core.prompts' (/Users/kalinovdameus/Developer/mee-app/backend/app/core/prompts.py)
WARNING:  StatReload detected changes in 'app/routers/telegram.py'. Reloading...
Process SpawnProcess-59:
Traceback (most recent call last):
  File "/opt/homebrew/Cellar/python@3.14/3.14.2/Frameworks/Python.framework/Versions/3.14/lib/python3.14/multiprocessing/process.py", line 320, in _bootstrap
    self.run()
    ~~~~~~~~^^
  File "/opt/homebrew/Cellar/python@3.14/3.14.2/Frameworks/Python.framework/Versions/3.14/lib/python3.14/multiprocessing/process.py", line 108, in run
    self._target(*self._args, **self._kwargs)
    ~~~~~~~~~~~~^^^^^^^^^^^^^^^^^^^^^^^^^^^^^
  File "/Users/kalinovdameus/Developer/mee-app/.venv/lib/python3.14/site-packages/uvicorn/_subprocess.py", line 80, in subprocess_started
    target(sockets=sockets)
    ~~~~~~^^^^^^^^^^^^^^^^^
  File "/Users/kalinovdameus/Developer/mee-app/.venv/lib/python3.14/site-packages/uvicorn/server.py", line 75, in run
    return asyncio_run(self.serve(sockets=sockets), loop_factory=self.config.get_loop_factory())
  File "/opt/homebrew/Cellar/python@3.14/3.14.2/Frameworks/Python.framework/Versions/3.14/lib/python3.14/asyncio/runners.py", line 204, in run
    return runner.run(main)
           ~~~~~~~~~~^^^^^^
  File "/opt/homebrew/Cellar/python@3.14/3.14.2/Frameworks/Python.framework/Versions/3.14/lib/python3.14/asyncio/runners.py", line 127, in run
    return self._loop.run_until_complete(task)
           ~~~~~~~~~~~~~~~~~~~~~~~~~~~~~^^^^^^
  File "/opt/homebrew/Cellar/python@3.14/3.14.2/Frameworks/Python.framework/Versions/3.14/lib/python3.14/asyncio/base_events.py", line 719, in run_until_complete
    return future.result()
           ~~~~~~~~~~~~~^^
  File "/Users/kalinovdameus/Developer/mee-app/.venv/lib/python3.14/site-packages/uvicorn/server.py", line 79, in serve
    await self._serve(sockets)
  File "/Users/kalinovdameus/Developer/mee-app/.venv/lib/python3.14/site-packages/uvicorn/server.py", line 86, in _serve
    config.load()
    ~~~~~~~~~~~^^
  File "/Users/kalinovdameus/Developer/mee-app/.venv/lib/python3.14/site-packages/uvicorn/config.py", line 441, in load
    self.loaded_app = import_from_string(self.app)
                      ~~~~~~~~~~~~~~~~~~^^^^^^^^^^
  File "/Users/kalinovdameus/Developer/mee-app/.venv/lib/python3.14/site-packages/uvicorn/importer.py", line 19, in import_from_string
    module = importlib.import_module(module_str)
  File "/opt/homebrew/Cellar/python@3.14/3.14.2/Frameworks/Python.framework/Versions/3.14/lib/python3.14/importlib/__init__.py", line 88, in import_module
    return _bootstrap._gcd_import(name[level:], package, level)
           ~~~~~~~~~~~~~~~~~~~~~~^^^^^^^^^^^^^^^^^^^^^^^^^^^^^^
  File "<frozen importlib._bootstrap>", line 1398, in _gcd_import
  File "<frozen importlib._bootstrap>", line 1371, in _find_and_load
  File "<frozen importlib._bootstrap>", line 1342, in _find_and_load_unlocked
  File "<frozen importlib._bootstrap>", line 938, in _load_unlocked
  File "<frozen importlib._bootstrap_external>", line 759, in exec_module
  File "<frozen importlib._bootstrap>", line 491, in _call_with_frames_removed
  File "/Users/kalinovdameus/Developer/mee-app/backend/app/main.py", line 4, in <module>
    from app.routers import telegram
  File "/Users/kalinovdameus/Developer/mee-app/backend/app/routers/telegram.py", line 8, in <module>
    from app.core.prompts import PERSONAL_DEVELOPMENT_PROTOCOL_25, TWIN_ARCHITECT_PROMPT
ImportError: cannot import name 'PERSONAL_DEVELOPMENT_PROTOCOL_25' from 'app.core.prompts' (/Users/kalinovdameus/Developer/mee-app/backend/app/core/prompts.py)
WARNING:  StatReload detected changes in 'app/core/prompts.py'. Reloading...
Process SpawnProcess-60:
Traceback (most recent call last):
  File "/opt/homebrew/Cellar/python@3.14/3.14.2/Frameworks/Python.framework/Versions/3.14/lib/python3.14/multiprocessing/process.py", line 320, in _bootstrap
    self.run()
    ~~~~~~~~^^
  File "/opt/homebrew/Cellar/python@3.14/3.14.2/Frameworks/Python.framework/Versions/3.14/lib/python3.14/multiprocessing/process.py", line 108, in run
    self._target(*self._args, **self._kwargs)
    ~~~~~~~~~~~~^^^^^^^^^^^^^^^^^^^^^^^^^^^^^
  File "/Users/kalinovdameus/Developer/mee-app/.venv/lib/python3.14/site-packages/uvicorn/_subprocess.py", line 80, in subprocess_started
    target(sockets=sockets)
    ~~~~~~^^^^^^^^^^^^^^^^^
  File "/Users/kalinovdameus/Developer/mee-app/.venv/lib/python3.14/site-packages/uvicorn/server.py", line 75, in run
    return asyncio_run(self.serve(sockets=sockets), loop_factory=self.config.get_loop_factory())
  File "/opt/homebrew/Cellar/python@3.14/3.14.2/Frameworks/Python.framework/Versions/3.14/lib/python3.14/asyncio/runners.py", line 204, in run
    return runner.run(main)
           ~~~~~~~~~~^^^^^^
  File "/opt/homebrew/Cellar/python@3.14/3.14.2/Frameworks/Python.framework/Versions/3.14/lib/python3.14/asyncio/runners.py", line 127, in run
    return self._loop.run_until_complete(task)
           ~~~~~~~~~~~~~~~~~~~~~~~~~~~~~^^^^^^
  File "/opt/homebrew/Cellar/python@3.14/3.14.2/Frameworks/Python.framework/Versions/3.14/lib/python3.14/asyncio/base_events.py", line 719, in run_until_complete
    return future.result()
           ~~~~~~~~~~~~~^^
  File "/Users/kalinovdameus/Developer/mee-app/.venv/lib/python3.14/site-packages/uvicorn/server.py", line 79, in serve
    await self._serve(sockets)
  File "/Users/kalinovdameus/Developer/mee-app/.venv/lib/python3.14/site-packages/uvicorn/server.py", line 86, in _serve
    config.load()
    ~~~~~~~~~~~^^
  File "/Users/kalinovdameus/Developer/mee-app/.venv/lib/python3.14/site-packages/uvicorn/config.py", line 441, in load
    self.loaded_app = import_from_string(self.app)
                      ~~~~~~~~~~~~~~~~~~^^^^^^^^^^
  File "/Users/kalinovdameus/Developer/mee-app/.venv/lib/python3.14/site-packages/uvicorn/importer.py", line 19, in import_from_string
    module = importlib.import_module(module_str)
  File "/opt/homebrew/Cellar/python@3.14/3.14.2/Frameworks/Python.framework/Versions/3.14/lib/python3.14/importlib/__init__.py", line 88, in import_module
    return _bootstrap._gcd_import(name[level:], package, level)
           ~~~~~~~~~~~~~~~~~~~~~~^^^^^^^^^^^^^^^^^^^^^^^^^^^^^^
  File "<frozen importlib._bootstrap>", line 1398, in _gcd_import
  File "<frozen importlib._bootstrap>", line 1371, in _find_and_load
  File "<frozen importlib._bootstrap>", line 1342, in _find_and_load_unlocked
  File "<frozen importlib._bootstrap>", line 938, in _load_unlocked
  File "<frozen importlib._bootstrap_external>", line 759, in exec_module
  File "<frozen importlib._bootstrap>", line 491, in _call_with_frames_removed
  File "/Users/kalinovdameus/Developer/mee-app/backend/app/main.py", line 4, in <module>
    from app.routers import telegram
  File "/Users/kalinovdameus/Developer/mee-app/backend/app/routers/telegram.py", line 8, in <module>
    from app.core.prompts import PERSONAL_DEVELOPMENT_PROTOCOL_25, TWIN_ARCHITECT_PROMPT
ImportError: cannot import name 'PERSONAL_DEVELOPMENT_PROTOCOL_25' from 'app.core.prompts' (/Users/kalinovdameus/Developer/mee-app/backend/app/core/prompts.py)
WARNING:  StatReload detected changes in 'app/services/groq.py'. Reloading...
Process SpawnProcess-61:
Traceback (most recent call last):
  File "/opt/homebrew/Cellar/python@3.14/3.14.2/Frameworks/Python.framework/Versions/3.14/lib/python3.14/multiprocessing/process.py", line 320, in _bootstrap
    self.run()
    ~~~~~~~~^^
  File "/opt/homebrew/Cellar/python@3.14/3.14.2/Frameworks/Python.framework/Versions/3.14/lib/python3.14/multiprocessing/process.py", line 108, in run
    self._target(*self._args, **self._kwargs)
    ~~~~~~~~~~~~^^^^^^^^^^^^^^^^^^^^^^^^^^^^^
  File "/Users/kalinovdameus/Developer/mee-app/.venv/lib/python3.14/site-packages/uvicorn/_subprocess.py", line 80, in subprocess_started
    target(sockets=sockets)
    ~~~~~~^^^^^^^^^^^^^^^^^
  File "/Users/kalinovdameus/Developer/mee-app/.venv/lib/python3.14/site-packages/uvicorn/server.py", line 75, in run
    return asyncio_run(self.serve(sockets=sockets), loop_factory=self.config.get_loop_factory())
  File "/opt/homebrew/Cellar/python@3.14/3.14.2/Frameworks/Python.framework/Versions/3.14/lib/python3.14/asyncio/runners.py", line 204, in run
    return runner.run(main)
           ~~~~~~~~~~^^^^^^
  File "/opt/homebrew/Cellar/python@3.14/3.14.2/Frameworks/Python.framework/Versions/3.14/lib/python3.14/asyncio/runners.py", line 127, in run
    return self._loop.run_until_complete(task)
           ~~~~~~~~~~~~~~~~~~~~~~~~~~~~~^^^^^^
  File "/opt/homebrew/Cellar/python@3.14/3.14.2/Frameworks/Python.framework/Versions/3.14/lib/python3.14/asyncio/base_events.py", line 719, in run_until_complete
    return future.result()
           ~~~~~~~~~~~~~^^
  File "/Users/kalinovdameus/Developer/mee-app/.venv/lib/python3.14/site-packages/uvicorn/server.py", line 79, in serve
    await self._serve(sockets)
  File "/Users/kalinovdameus/Developer/mee-app/.venv/lib/python3.14/site-packages/uvicorn/server.py", line 86, in _serve
    config.load()
    ~~~~~~~~~~~^^
  File "/Users/kalinovdameus/Developer/mee-app/.venv/lib/python3.14/site-packages/uvicorn/config.py", line 441, in load
    self.loaded_app = import_from_string(self.app)
                      ~~~~~~~~~~~~~~~~~~^^^^^^^^^^
  File "/Users/kalinovdameus/Developer/mee-app/.venv/lib/python3.14/site-packages/uvicorn/importer.py", line 19, in import_from_string
    module = importlib.import_module(module_str)
  File "/opt/homebrew/Cellar/python@3.14/3.14.2/Frameworks/Python.framework/Versions/3.14/lib/python3.14/importlib/__init__.py", line 88, in import_module
    return _bootstrap._gcd_import(name[level:], package, level)
           ~~~~~~~~~~~~~~~~~~~~~~^^^^^^^^^^^^^^^^^^^^^^^^^^^^^^
  File "<frozen importlib._bootstrap>", line 1398, in _gcd_import
  File "<frozen importlib._bootstrap>", line 1371, in _find_and_load
  File "<frozen importlib._bootstrap>", line 1342, in _find_and_load_unlocked
  File "<frozen importlib._bootstrap>", line 938, in _load_unlocked
  File "<frozen importlib._bootstrap_external>", line 759, in exec_module
  File "<frozen importlib._bootstrap>", line 491, in _call_with_frames_removed
  File "/Users/kalinovdameus/Developer/mee-app/backend/app/main.py", line 4, in <module>
    from app.routers import telegram
  File "/Users/kalinovdameus/Developer/mee-app/backend/app/routers/telegram.py", line 8, in <module>
    from app.core.prompts import PERSONAL_DEVELOPMENT_PROTOCOL_25, TWIN_ARCHITECT_PROMPT
ImportError: cannot import name 'PERSONAL_DEVELOPMENT_PROTOCOL_25' from 'app.core.prompts' (/Users/kalinovdameus/Developer/mee-app/backend/app/core/prompts.py)
WARNING:  StatReload detected changes in 'app/core/prompts.py'. Reloading...
Process SpawnProcess-62:
Traceback (most recent call last):
  File "/opt/homebrew/Cellar/python@3.14/3.14.2/Frameworks/Python.framework/Versions/3.14/lib/python3.14/multiprocessing/process.py", line 320, in _bootstrap
    self.run()
    ~~~~~~~~^^
  File "/opt/homebrew/Cellar/python@3.14/3.14.2/Frameworks/Python.framework/Versions/3.14/lib/python3.14/multiprocessing/process.py", line 108, in run
    self._target(*self._args, **self._kwargs)
    ~~~~~~~~~~~~^^^^^^^^^^^^^^^^^^^^^^^^^^^^^
  File "/Users/kalinovdameus/Developer/mee-app/.venv/lib/python3.14/site-packages/uvicorn/_subprocess.py", line 80, in subprocess_started
    target(sockets=sockets)
    ~~~~~~^^^^^^^^^^^^^^^^^
  File "/Users/kalinovdameus/Developer/mee-app/.venv/lib/python3.14/site-packages/uvicorn/server.py", line 75, in run
    return asyncio_run(self.serve(sockets=sockets), loop_factory=self.config.get_loop_factory())
  File "/opt/homebrew/Cellar/python@3.14/3.14.2/Frameworks/Python.framework/Versions/3.14/lib/python3.14/asyncio/runners.py", line 204, in run
    return runner.run(main)
           ~~~~~~~~~~^^^^^^
  File "/opt/homebrew/Cellar/python@3.14/3.14.2/Frameworks/Python.framework/Versions/3.14/lib/python3.14/asyncio/runners.py", line 127, in run
    return self._loop.run_until_complete(task)
           ~~~~~~~~~~~~~~~~~~~~~~~~~~~~~^^^^^^
  File "/opt/homebrew/Cellar/python@3.14/3.14.2/Frameworks/Python.framework/Versions/3.14/lib/python3.14/asyncio/base_events.py", line 719, in run_until_complete
    return future.result()
           ~~~~~~~~~~~~~^^
  File "/Users/kalinovdameus/Developer/mee-app/.venv/lib/python3.14/site-packages/uvicorn/server.py", line 79, in serve
    await self._serve(sockets)
  File "/Users/kalinovdameus/Developer/mee-app/.venv/lib/python3.14/site-packages/uvicorn/server.py", line 86, in _serve
    config.load()
    ~~~~~~~~~~~^^
  File "/Users/kalinovdameus/Developer/mee-app/.venv/lib/python3.14/site-packages/uvicorn/config.py", line 441, in load
    self.loaded_app = import_from_string(self.app)
                      ~~~~~~~~~~~~~~~~~~^^^^^^^^^^
  File "/Users/kalinovdameus/Developer/mee-app/.venv/lib/python3.14/site-packages/uvicorn/importer.py", line 19, in import_from_string
    module = importlib.import_module(module_str)
  File "/opt/homebrew/Cellar/python@3.14/3.14.2/Frameworks/Python.framework/Versions/3.14/lib/python3.14/importlib/__init__.py", line 88, in import_module
    return _bootstrap._gcd_import(name[level:], package, level)
           ~~~~~~~~~~~~~~~~~~~~~~^^^^^^^^^^^^^^^^^^^^^^^^^^^^^^
  File "<frozen importlib._bootstrap>", line 1398, in _gcd_import
  File "<frozen importlib._bootstrap>", line 1371, in _find_and_load
  File "<frozen importlib._bootstrap>", line 1342, in _find_and_load_unlocked
  File "<frozen importlib._bootstrap>", line 938, in _load_unlocked
  File "<frozen importlib._bootstrap_external>", line 759, in exec_module
  File "<frozen importlib._bootstrap>", line 491, in _call_with_frames_removed
  File "/Users/kalinovdameus/Developer/mee-app/backend/app/main.py", line 4, in <module>
    from app.routers import telegram
  File "/Users/kalinovdameus/Developer/mee-app/backend/app/routers/telegram.py", line 8, in <module>
    from app.core.prompts import PERSONAL_DEVELOPMENT_PROTOCOL_25, TWIN_ARCHITECT_PROMPT
ImportError: cannot import name 'PERSONAL_DEVELOPMENT_PROTOCOL_25' from 'app.core.prompts' (/Users/kalinovdameus/Developer/mee-app/backend/app/core/prompts.py)
WARNING:  StatReload detected changes in 'app/core/prompts.py'. Reloading...
Process SpawnProcess-63:
Traceback (most recent call last):
  File "/opt/homebrew/Cellar/python@3.14/3.14.2/Frameworks/Python.framework/Versions/3.14/lib/python3.14/multiprocessing/process.py", line 320, in _bootstrap
    self.run()
    ~~~~~~~~^^
  File "/opt/homebrew/Cellar/python@3.14/3.14.2/Frameworks/Python.framework/Versions/3.14/lib/python3.14/multiprocessing/process.py", line 108, in run
    self._target(*self._args, **self._kwargs)
    ~~~~~~~~~~~~^^^^^^^^^^^^^^^^^^^^^^^^^^^^^
  File "/Users/kalinovdameus/Developer/mee-app/.venv/lib/python3.14/site-packages/uvicorn/_subprocess.py", line 80, in subprocess_started
    target(sockets=sockets)
    ~~~~~~^^^^^^^^^^^^^^^^^
  File "/Users/kalinovdameus/Developer/mee-app/.venv/lib/python3.14/site-packages/uvicorn/server.py", line 75, in run
    return asyncio_run(self.serve(sockets=sockets), loop_factory=self.config.get_loop_factory())
  File "/opt/homebrew/Cellar/python@3.14/3.14.2/Frameworks/Python.framework/Versions/3.14/lib/python3.14/asyncio/runners.py", line 204, in run
    return runner.run(main)
           ~~~~~~~~~~^^^^^^
  File "/opt/homebrew/Cellar/python@3.14/3.14.2/Frameworks/Python.framework/Versions/3.14/lib/python3.14/asyncio/runners.py", line 127, in run
    return self._loop.run_until_complete(task)
           ~~~~~~~~~~~~~~~~~~~~~~~~~~~~~^^^^^^
  File "/opt/homebrew/Cellar/python@3.14/3.14.2/Frameworks/Python.framework/Versions/3.14/lib/python3.14/asyncio/base_events.py", line 719, in run_until_complete
    return future.result()
           ~~~~~~~~~~~~~^^
  File "/Users/kalinovdameus/Developer/mee-app/.venv/lib/python3.14/site-packages/uvicorn/server.py", line 79, in serve
    await self._serve(sockets)
  File "/Users/kalinovdameus/Developer/mee-app/.venv/lib/python3.14/site-packages/uvicorn/server.py", line 86, in _serve
    config.load()
    ~~~~~~~~~~~^^
  File "/Users/kalinovdameus/Developer/mee-app/.venv/lib/python3.14/site-packages/uvicorn/config.py", line 441, in load
    self.loaded_app = import_from_string(self.app)
                      ~~~~~~~~~~~~~~~~~~^^^^^^^^^^
  File "/Users/kalinovdameus/Developer/mee-app/.venv/lib/python3.14/site-packages/uvicorn/importer.py", line 19, in import_from_string
    module = importlib.import_module(module_str)
  File "/opt/homebrew/Cellar/python@3.14/3.14.2/Frameworks/Python.framework/Versions/3.14/lib/python3.14/importlib/__init__.py", line 88, in import_module
    return _bootstrap._gcd_import(name[level:], package, level)
           ~~~~~~~~~~~~~~~~~~~~~~^^^^^^^^^^^^^^^^^^^^^^^^^^^^^^
  File "<frozen importlib._bootstrap>", line 1398, in _gcd_import
  File "<frozen importlib._bootstrap>", line 1371, in _find_and_load
  File "<frozen importlib._bootstrap>", line 1342, in _find_and_load_unlocked
  File "<frozen importlib._bootstrap>", line 938, in _load_unlocked
  File "<frozen importlib._bootstrap_external>", line 759, in exec_module
  File "<frozen importlib._bootstrap>", line 491, in _call_with_frames_removed
  File "/Users/kalinovdameus/Developer/mee-app/backend/app/main.py", line 4, in <module>
    from app.routers import telegram
  File "/Users/kalinovdameus/Developer/mee-app/backend/app/routers/telegram.py", line 8, in <module>
    from app.core.prompts import PERSONAL_DEVELOPMENT_PROTOCOL_25, TWIN_ARCHITECT_PROMPT
ImportError: cannot import name 'PERSONAL_DEVELOPMENT_PROTOCOL_25' from 'app.core.prompts' (/Users/kalinovdameus/Developer/mee-app/backend/app/core/prompts.py)
WARNING:  StatReload detected changes in 'app/core/prompts.py'. Reloading...
Process SpawnProcess-64:
Traceback (most recent call last):
  File "/opt/homebrew/Cellar/python@3.14/3.14.2/Frameworks/Python.framework/Versions/3.14/lib/python3.14/multiprocessing/process.py", line 320, in _bootstrap
    self.run()
    ~~~~~~~~^^
  File "/opt/homebrew/Cellar/python@3.14/3.14.2/Frameworks/Python.framework/Versions/3.14/lib/python3.14/multiprocessing/process.py", line 108, in run
    self._target(*self._args, **self._kwargs)
    ~~~~~~~~~~~~^^^^^^^^^^^^^^^^^^^^^^^^^^^^^
  File "/Users/kalinovdameus/Developer/mee-app/.venv/lib/python3.14/site-packages/uvicorn/_subprocess.py", line 80, in subprocess_started
    target(sockets=sockets)
    ~~~~~~^^^^^^^^^^^^^^^^^
  File "/Users/kalinovdameus/Developer/mee-app/.venv/lib/python3.14/site-packages/uvicorn/server.py", line 75, in run
    return asyncio_run(self.serve(sockets=sockets), loop_factory=self.config.get_loop_factory())
  File "/opt/homebrew/Cellar/python@3.14/3.14.2/Frameworks/Python.framework/Versions/3.14/lib/python3.14/asyncio/runners.py", line 204, in run
    return runner.run(main)
           ~~~~~~~~~~^^^^^^
  File "/opt/homebrew/Cellar/python@3.14/3.14.2/Frameworks/Python.framework/Versions/3.14/lib/python3.14/asyncio/runners.py", line 127, in run
    return self._loop.run_until_complete(task)
           ~~~~~~~~~~~~~~~~~~~~~~~~~~~~~^^^^^^
  File "/opt/homebrew/Cellar/python@3.14/3.14.2/Frameworks/Python.framework/Versions/3.14/lib/python3.14/asyncio/base_events.py", line 719, in run_until_complete
    return future.result()
           ~~~~~~~~~~~~~^^
  File "/Users/kalinovdameus/Developer/mee-app/.venv/lib/python3.14/site-packages/uvicorn/server.py", line 79, in serve
    await self._serve(sockets)
  File "/Users/kalinovdameus/Developer/mee-app/.venv/lib/python3.14/site-packages/uvicorn/server.py", line 86, in _serve
    config.load()
    ~~~~~~~~~~~^^
  File "/Users/kalinovdameus/Developer/mee-app/.venv/lib/python3.14/site-packages/uvicorn/config.py", line 441, in load
    self.loaded_app = import_from_string(self.app)
                      ~~~~~~~~~~~~~~~~~~^^^^^^^^^^
  File "/Users/kalinovdameus/Developer/mee-app/.venv/lib/python3.14/site-packages/uvicorn/importer.py", line 19, in import_from_string
    module = importlib.import_module(module_str)
  File "/opt/homebrew/Cellar/python@3.14/3.14.2/Frameworks/Python.framework/Versions/3.14/lib/python3.14/importlib/__init__.py", line 88, in import_module
    return _bootstrap._gcd_import(name[level:], package, level)
           ~~~~~~~~~~~~~~~~~~~~~~^^^^^^^^^^^^^^^^^^^^^^^^^^^^^^
  File "<frozen importlib._bootstrap>", line 1398, in _gcd_import
  File "<frozen importlib._bootstrap>", line 1371, in _find_and_load
  File "<frozen importlib._bootstrap>", line 1342, in _find_and_load_unlocked
  File "<frozen importlib._bootstrap>", line 938, in _load_unlocked
  File "<frozen importlib._bootstrap_external>", line 759, in exec_module
  File "<frozen importlib._bootstrap>", line 491, in _call_with_frames_removed
  File "/Users/kalinovdameus/Developer/mee-app/backend/app/main.py", line 4, in <module>
    from app.routers import telegram
  File "/Users/kalinovdameus/Developer/mee-app/backend/app/routers/telegram.py", line 8, in <module>
    from app.core.prompts import PERSONAL_DEVELOPMENT_PROTOCOL_25, TWIN_ARCHITECT_PROMPT
ImportError: cannot import name 'PERSONAL_DEVELOPMENT_PROTOCOL_25' from 'app.core.prompts' (/Users/kalinovdameus/Developer/mee-app/backend/app/core/prompts.py)
WARNING:  StatReload detected changes in 'app/routers/telegram.py'. Reloading...
INFO:     Started server process [93481]
INFO:     Waiting for application startup.
2026-02-19 13:27:40,091 - app.main - INFO - Warming up embedding model...
2026-02-19 13:27:40,092 - app.services.embeddings - INFO - Generating embedding (query) - Attempt 1
2026-02-19 13:27:40,502 - app.main - INFO - Embedding model warmed up
INFO:     Application startup complete.
WARNING:  StatReload detected changes in 'app/core/prompts.py'. Reloading...
INFO:     Shutting down
INFO:     Waiting for application shutdown.
INFO:     Application shutdown complete.
INFO:     Finished server process [93481]
INFO:     Started server process [94823]
INFO:     Waiting for application startup.
2026-02-19 13:30:51,957 - app.main - INFO - Warming up embedding model...
2026-02-19 13:30:51,957 - app.services.embeddings - INFO - Generating embedding (query) - Attempt 1
2026-02-19 13:30:52,413 - app.main - INFO - Embedding model warmed up
INFO:     Application startup complete.
WARNING:  StatReload detected changes in 'app/core/prompts.py'. Reloading...
INFO:     Shutting down
INFO:     Waiting for application shutdown.
INFO:     Application shutdown complete.
INFO:     Finished server process [94823]
INFO:     Started server process [95020]
INFO:     Waiting for application startup.
2026-02-19 13:31:09,987 - app.main - INFO - Warming up embedding model...
2026-02-19 13:31:09,987 - app.services.embeddings - INFO - Generating embedding (query) - Attempt 1
2026-02-19 13:31:10,242 - app.main - INFO - Embedding model warmed up
INFO:     Application startup complete.
WARNING:  StatReload detected changes in 'app/routers/telegram.py'. Reloading...
INFO:     Shutting down
INFO:     Waiting for application shutdown.
INFO:     Application shutdown complete.
INFO:     Finished server process [95020]
INFO:     Started server process [99125]
INFO:     Waiting for application startup.
2026-02-19 13:41:39,418 - app.main - INFO - Warming up embedding model...
2026-02-19 13:41:39,418 - app.services.embeddings - INFO - Generating embedding (query) - Attempt 1
2026-02-19 13:41:39,732 - app.main - INFO - Embedding model warmed up
INFO:     Application startup complete.
WARNING:  StatReload detected changes in 'app/core/prompts.py'. Reloading...
INFO:     Shutting down
INFO:     Waiting for application shutdown.
INFO:     Application shutdown complete.
INFO:     Finished server process [99125]
INFO:     Started server process [99530]
INFO:     Waiting for application startup.
2026-02-19 13:42:41,227 - app.main - INFO - Warming up embedding model...
2026-02-19 13:42:41,227 - app.services.embeddings - INFO - Generating embedding (query) - Attempt 1
2026-02-19 13:42:41,853 - app.main - INFO - Embedding model warmed up
INFO:     Application startup complete.
WARNING:  StatReload detected changes in 'app/services/groq.py'. Reloading...
INFO:     Shutting down
INFO:     Waiting for application shutdown.
INFO:     Application shutdown complete.
INFO:     Finished server process [99530]
INFO:     Started server process [1886]
INFO:     Waiting for application startup.
2026-02-19 13:48:04,647 - app.main - INFO - Warming up embedding model...
2026-02-19 13:48:04,647 - app.services.embeddings - INFO - Generating embedding (query) - Attempt 1
2026-02-19 13:48:05,020 - app.main - INFO - Embedding model warmed up
INFO:     Application startup complete.
WARNING:  StatReload detected changes in 'app/services/groq.py'. Reloading...
INFO:     Shutting down
INFO:     Waiting for application shutdown.
INFO:     Application shutdown complete.
INFO:     Finished server process [1886]
INFO:     Started server process [2760]
INFO:     Waiting for application startup.
2026-02-19 13:50:14,421 - app.main - INFO - Warming up embedding model...
2026-02-19 13:50:14,421 - app.services.embeddings - INFO - Generating embedding (query) - Attempt 1
2026-02-19 13:50:14,725 - app.main - INFO - Embedding model warmed up
INFO:     Application startup complete.
WARNING:  StatReload detected changes in 'app/core/prompts.py'. Reloading...
INFO:     Shutting down
INFO:     Waiting for application shutdown.
INFO:     Application shutdown complete.
INFO:     Finished server process [2760]
INFO:     Started server process [17053]
INFO:     Waiting for application startup.
2026-02-19 16:11:06,957 - app.main - INFO - Warming up embedding model...
2026-02-19 16:11:06,957 - app.services.embeddings - INFO - Generating embedding (query) - Attempt 1
2026-02-19 16:11:07,376 - app.main - INFO - Embedding model warmed up
INFO:     Application startup complete.
WARNING:  StatReload detected changes in 'app/routers/telegram.py'. Reloading...
INFO:     Shutting down
INFO:     Waiting for application shutdown.
INFO:     Application shutdown complete.
INFO:     Finished server process [17053]
INFO:     Started server process [17071]
INFO:     Waiting for application startup.
2026-02-19 16:11:08,703 - app.main - INFO - Warming up embedding model...
2026-02-19 16:11:08,703 - app.services.embeddings - INFO - Generating embedding (query) - Attempt 1
2026-02-19 16:11:09,047 - app.main - INFO - Embedding model warmed up
INFO:     Application startup complete.
WARNING:  StatReload detected changes in 'app/core/prompts.py'. Reloading...
INFO:     Shutting down
INFO:     Waiting for application shutdown.
INFO:     Application shutdown complete.
INFO:     Finished server process [17071]
INFO:     Started server process [17192]
INFO:     Waiting for application startup.
2026-02-19 16:11:26,739 - app.main - INFO - Warming up embedding model...
2026-02-19 16:11:26,739 - app.services.embeddings - INFO - Generating embedding (query) - Attempt 1
2026-02-19 16:11:27,046 - app.main - INFO - Embedding model warmed up
INFO:     Application startup complete.
WARNING:  StatReload detected changes in 'app/services/groq.py'. Reloading...
INFO:     Shutting down
INFO:     Waiting for application shutdown.
INFO:     Application shutdown complete.
INFO:     Finished server process [17192]
INFO:     Started server process [22061]
INFO:     Waiting for application startup.
2026-02-19 16:21:24,515 - app.main - INFO - Warming up embedding model...
2026-02-19 16:21:24,515 - app.services.embeddings - INFO - Generating embedding (query) - Attempt 1
2026-02-19 16:21:24,792 - app.main - INFO - Embedding model warmed up
INFO:     Application startup complete.
WARNING:  StatReload detected changes in 'app/routers/telegram.py'. Reloading...
INFO:     Shutting down
INFO:     Waiting for application shutdown.
INFO:     Application shutdown complete.
INFO:     Finished server process [22061]
INFO:     Started server process [23351]
INFO:     Waiting for application startup.
2026-02-19 16:24:00,639 - app.main - INFO - Warming up embedding model...
2026-02-19 16:24:00,639 - app.services.embeddings - INFO - Generating embedding (query) - Attempt 1
2026-02-19 16:24:01,149 - app.main - INFO - Embedding model warmed up
INFO:     Application startup complete.
WARNING:  StatReload detected changes in 'app/core/prompts.py'. Reloading...
INFO:     Shutting down
INFO:     Waiting for application shutdown.
INFO:     Application shutdown complete.
INFO:     Finished server process [23351]
INFO:     Started server process [25884]
INFO:     Waiting for application startup.
2026-02-19 16:29:49,502 - app.main - INFO - Warming up embedding model...
2026-02-19 16:29:49,502 - app.services.embeddings - INFO - Generating embedding (query) - Attempt 1
2026-02-19 16:29:49,896 - app.main - INFO - Embedding model warmed up
INFO:     Application startup complete.
WARNING:  StatReload detected changes in 'app/core/prompts.py'. Reloading...
INFO:     Shutting down
INFO:     Waiting for application shutdown.
INFO:     Application shutdown complete.
INFO:     Finished server process [25884]
Process SpawnProcess-78:
Traceback (most recent call last):
  File "/opt/homebrew/Cellar/python@3.14/3.14.2/Frameworks/Python.framework/Versions/3.14/lib/python3.14/multiprocessing/process.py", line 320, in _bootstrap
    self.run()
    ~~~~~~~~^^
  File "/opt/homebrew/Cellar/python@3.14/3.14.2/Frameworks/Python.framework/Versions/3.14/lib/python3.14/multiprocessing/process.py", line 108, in run
    self._target(*self._args, **self._kwargs)
    ~~~~~~~~~~~~^^^^^^^^^^^^^^^^^^^^^^^^^^^^^
  File "/Users/kalinovdameus/Developer/mee-app/.venv/lib/python3.14/site-packages/uvicorn/_subprocess.py", line 80, in subprocess_started
    target(sockets=sockets)
    ~~~~~~^^^^^^^^^^^^^^^^^
  File "/Users/kalinovdameus/Developer/mee-app/.venv/lib/python3.14/site-packages/uvicorn/server.py", line 75, in run
    return asyncio_run(self.serve(sockets=sockets), loop_factory=self.config.get_loop_factory())
  File "/opt/homebrew/Cellar/python@3.14/3.14.2/Frameworks/Python.framework/Versions/3.14/lib/python3.14/asyncio/runners.py", line 204, in run
    return runner.run(main)
           ~~~~~~~~~~^^^^^^
  File "/opt/homebrew/Cellar/python@3.14/3.14.2/Frameworks/Python.framework/Versions/3.14/lib/python3.14/asyncio/runners.py", line 127, in run
    return self._loop.run_until_complete(task)
           ~~~~~~~~~~~~~~~~~~~~~~~~~~~~~^^^^^^
  File "/opt/homebrew/Cellar/python@3.14/3.14.2/Frameworks/Python.framework/Versions/3.14/lib/python3.14/asyncio/base_events.py", line 719, in run_until_complete
    return future.result()
           ~~~~~~~~~~~~~^^
  File "/Users/kalinovdameus/Developer/mee-app/.venv/lib/python3.14/site-packages/uvicorn/server.py", line 79, in serve
    await self._serve(sockets)
  File "/Users/kalinovdameus/Developer/mee-app/.venv/lib/python3.14/site-packages/uvicorn/server.py", line 86, in _serve
    config.load()
    ~~~~~~~~~~~^^
  File "/Users/kalinovdameus/Developer/mee-app/.venv/lib/python3.14/site-packages/uvicorn/config.py", line 441, in load
    self.loaded_app = import_from_string(self.app)
                      ~~~~~~~~~~~~~~~~~~^^^^^^^^^^
  File "/Users/kalinovdameus/Developer/mee-app/.venv/lib/python3.14/site-packages/uvicorn/importer.py", line 19, in import_from_string
    module = importlib.import_module(module_str)
  File "/opt/homebrew/Cellar/python@3.14/3.14.2/Frameworks/Python.framework/Versions/3.14/lib/python3.14/importlib/__init__.py", line 88, in import_module
    return _bootstrap._gcd_import(name[level:], package, level)
           ~~~~~~~~~~~~~~~~~~~~~~^^^^^^^^^^^^^^^^^^^^^^^^^^^^^^
  File "<frozen importlib._bootstrap>", line 1398, in _gcd_import
  File "<frozen importlib._bootstrap>", line 1371, in _find_and_load
  File "<frozen importlib._bootstrap>", line 1342, in _find_and_load_unlocked
  File "<frozen importlib._bootstrap>", line 938, in _load_unlocked
  File "<frozen importlib._bootstrap_external>", line 759, in exec_module
  File "<frozen importlib._bootstrap>", line 491, in _call_with_frames_removed
  File "/Users/kalinovdameus/Developer/mee-app/backend/app/main.py", line 4, in <module>
    from app.routers import telegram
  File "/Users/kalinovdameus/Developer/mee-app/backend/app/routers/telegram.py", line 8, in <module>
    from app.core.prompts import ULTIMATES_TUTOR_PROTOCOL, TWIN_ARCHITECT_PROMPT
  File "/Users/kalinovdameus/Developer/mee-app/backend/app/core/prompts.py", line 1
    - **Rule 1: You are the most important person in the relationship.** This is the "Oxygen Mask" principle. You cannot provide for, lead, or protect another if you are not first secure and prioritized in your own life. It is about a radical, unapologetic self-priority that ensures you never compromise your core values for a temporary whim.
IndentationError: unexpected indent
WARNING:  StatReload detected changes in 'app/core/prompts.py'. Reloading...
INFO:     Started server process [27946]
INFO:     Waiting for application startup.
2026-02-19 16:36:35,701 - app.main - INFO - Warming up embedding model...
2026-02-19 16:36:35,701 - app.services.embeddings - INFO - Generating embedding (query) - Attempt 1
2026-02-19 16:36:36,266 - app.main - INFO - Embedding model warmed up
INFO:     Application startup complete.
WARNING:  StatReload detected changes in 'app/routers/telegram.py'. Reloading...
INFO:     Shutting down
INFO:     Waiting for application shutdown.
INFO:     Application shutdown complete.
INFO:     Finished server process [27946]
INFO:     Started server process [27995]
INFO:     Waiting for application startup.
2026-02-19 16:36:47,920 - app.main - INFO - Warming up embedding model...
2026-02-19 16:36:47,920 - app.services.embeddings - INFO - Generating embedding (query) - Attempt 1
2026-02-19 16:36:48,143 - app.main - INFO - Embedding model warmed up
INFO:     Application startup complete.
WARNING:  StatReload detected changes in 'app/routers/telegram.py'. Reloading...
INFO:     Shutting down
INFO:     Waiting for application shutdown.
INFO:     Application shutdown complete.
INFO:     Finished server process [27995]
Process SpawnProcess-81:
Traceback (most recent call last):
  File "/opt/homebrew/Cellar/python@3.14/3.14.2/Frameworks/Python.framework/Versions/3.14/lib/python3.14/multiprocessing/process.py", line 320, in _bootstrap
    self.run()
    ~~~~~~~~^^
  File "/opt/homebrew/Cellar/python@3.14/3.14.2/Frameworks/Python.framework/Versions/3.14/lib/python3.14/multiprocessing/process.py", line 108, in run
    self._target(*self._args, **self._kwargs)
    ~~~~~~~~~~~~^^^^^^^^^^^^^^^^^^^^^^^^^^^^^
  File "/Users/kalinovdameus/Developer/mee-app/.venv/lib/python3.14/site-packages/uvicorn/_subprocess.py", line 80, in subprocess_started
    target(sockets=sockets)
    ~~~~~~^^^^^^^^^^^^^^^^^
  File "/Users/kalinovdameus/Developer/mee-app/.venv/lib/python3.14/site-packages/uvicorn/server.py", line 75, in run
    return asyncio_run(self.serve(sockets=sockets), loop_factory=self.config.get_loop_factory())
  File "/opt/homebrew/Cellar/python@3.14/3.14.2/Frameworks/Python.framework/Versions/3.14/lib/python3.14/asyncio/runners.py", line 204, in run
    return runner.run(main)
           ~~~~~~~~~~^^^^^^
  File "/opt/homebrew/Cellar/python@3.14/3.14.2/Frameworks/Python.framework/Versions/3.14/lib/python3.14/asyncio/runners.py", line 127, in run
    return self._loop.run_until_complete(task)
           ~~~~~~~~~~~~~~~~~~~~~~~~~~~~~^^^^^^
  File "/opt/homebrew/Cellar/python@3.14/3.14.2/Frameworks/Python.framework/Versions/3.14/lib/python3.14/asyncio/base_events.py", line 719, in run_until_complete
    return future.result()
           ~~~~~~~~~~~~~^^
  File "/Users/kalinovdameus/Developer/mee-app/.venv/lib/python3.14/site-packages/uvicorn/server.py", line 79, in serve
    await self._serve(sockets)
  File "/Users/kalinovdameus/Developer/mee-app/.venv/lib/python3.14/site-packages/uvicorn/server.py", line 86, in _serve
    config.load()
    ~~~~~~~~~~~^^
  File "/Users/kalinovdameus/Developer/mee-app/.venv/lib/python3.14/site-packages/uvicorn/config.py", line 441, in load
    self.loaded_app = import_from_string(self.app)
                      ~~~~~~~~~~~~~~~~~~^^^^^^^^^^
  File "/Users/kalinovdameus/Developer/mee-app/.venv/lib/python3.14/site-packages/uvicorn/importer.py", line 19, in import_from_string
    module = importlib.import_module(module_str)
  File "/opt/homebrew/Cellar/python@3.14/3.14.2/Frameworks/Python.framework/Versions/3.14/lib/python3.14/importlib/__init__.py", line 88, in import_module
    return _bootstrap._gcd_import(name[level:], package, level)
           ~~~~~~~~~~~~~~~~~~~~~~^^^^^^^^^^^^^^^^^^^^^^^^^^^^^^
  File "<frozen importlib._bootstrap>", line 1398, in _gcd_import
  File "<frozen importlib._bootstrap>", line 1371, in _find_and_load
  File "<frozen importlib._bootstrap>", line 1342, in _find_and_load_unlocked
  File "<frozen importlib._bootstrap>", line 938, in _load_unlocked
  File "<frozen importlib._bootstrap_external>", line 759, in exec_module
  File "<frozen importlib._bootstrap>", line 491, in _call_with_frames_removed
  File "/Users/kalinovdameus/Developer/mee-app/backend/app/main.py", line 4, in <module>
    from app.routers import telegram
  File "/Users/kalinovdameus/Developer/mee-app/backend/app/routers/telegram.py", line 39, in <module>
    "masculine": ULTIMATES_TUTOR_PROTOCOL
                 ^^^^^^^^^^^^^^^^^^^^^^^^
NameError: name 'ULTIMATES_TUTOR_PROTOCOL' is not defined
WARNING:  StatReload detected changes in 'app/core/guardrails.py'. Reloading...
Process SpawnProcess-82:
Traceback (most recent call last):
  File "/opt/homebrew/Cellar/python@3.14/3.14.2/Frameworks/Python.framework/Versions/3.14/lib/python3.14/multiprocessing/process.py", line 320, in _bootstrap
    self.run()
    ~~~~~~~~^^
  File "/opt/homebrew/Cellar/python@3.14/3.14.2/Frameworks/Python.framework/Versions/3.14/lib/python3.14/multiprocessing/process.py", line 108, in run
    self._target(*self._args, **self._kwargs)
    ~~~~~~~~~~~~^^^^^^^^^^^^^^^^^^^^^^^^^^^^^
  File "/Users/kalinovdameus/Developer/mee-app/.venv/lib/python3.14/site-packages/uvicorn/_subprocess.py", line 80, in subprocess_started
    target(sockets=sockets)
    ~~~~~~^^^^^^^^^^^^^^^^^
  File "/Users/kalinovdameus/Developer/mee-app/.venv/lib/python3.14/site-packages/uvicorn/server.py", line 75, in run
    return asyncio_run(self.serve(sockets=sockets), loop_factory=self.config.get_loop_factory())
  File "/opt/homebrew/Cellar/python@3.14/3.14.2/Frameworks/Python.framework/Versions/3.14/lib/python3.14/asyncio/runners.py", line 204, in run
    return runner.run(main)
           ~~~~~~~~~~^^^^^^
  File "/opt/homebrew/Cellar/python@3.14/3.14.2/Frameworks/Python.framework/Versions/3.14/lib/python3.14/asyncio/runners.py", line 127, in run
    return self._loop.run_until_complete(task)
           ~~~~~~~~~~~~~~~~~~~~~~~~~~~~~^^^^^^
  File "/opt/homebrew/Cellar/python@3.14/3.14.2/Frameworks/Python.framework/Versions/3.14/lib/python3.14/asyncio/base_events.py", line 719, in run_until_complete
    return future.result()
           ~~~~~~~~~~~~~^^
  File "/Users/kalinovdameus/Developer/mee-app/.venv/lib/python3.14/site-packages/uvicorn/server.py", line 79, in serve
    await self._serve(sockets)
  File "/Users/kalinovdameus/Developer/mee-app/.venv/lib/python3.14/site-packages/uvicorn/server.py", line 86, in _serve
    config.load()
    ~~~~~~~~~~~^^
  File "/Users/kalinovdameus/Developer/mee-app/.venv/lib/python3.14/site-packages/uvicorn/config.py", line 441, in load
    self.loaded_app = import_from_string(self.app)
                      ~~~~~~~~~~~~~~~~~~^^^^^^^^^^
  File "/Users/kalinovdameus/Developer/mee-app/.venv/lib/python3.14/site-packages/uvicorn/importer.py", line 19, in import_from_string
    module = importlib.import_module(module_str)
  File "/opt/homebrew/Cellar/python@3.14/3.14.2/Frameworks/Python.framework/Versions/3.14/lib/python3.14/importlib/__init__.py", line 88, in import_module
    return _bootstrap._gcd_import(name[level:], package, level)
           ~~~~~~~~~~~~~~~~~~~~~~^^^^^^^^^^^^^^^^^^^^^^^^^^^^^^
  File "<frozen importlib._bootstrap>", line 1398, in _gcd_import
  File "<frozen importlib._bootstrap>", line 1371, in _find_and_load
  File "<frozen importlib._bootstrap>", line 1342, in _find_and_load_unlocked
  File "<frozen importlib._bootstrap>", line 938, in _load_unlocked
  File "<frozen importlib._bootstrap_external>", line 759, in exec_module
  File "<frozen importlib._bootstrap>", line 491, in _call_with_frames_removed
  File "/Users/kalinovdameus/Developer/mee-app/backend/app/main.py", line 4, in <module>
    from app.routers import telegram
  File "/Users/kalinovdameus/Developer/mee-app/backend/app/routers/telegram.py", line 39, in <module>
    "masculine": ULTIMATES_TUTOR_PROTOCOL
                 ^^^^^^^^^^^^^^^^^^^^^^^^
NameError: name 'ULTIMATES_TUTOR_PROTOCOL' is not defined
WARNING:  StatReload detected changes in 'app/core/guardrails.py'. Reloading...
Process SpawnProcess-83:
Traceback (most recent call last):
  File "/opt/homebrew/Cellar/python@3.14/3.14.2/Frameworks/Python.framework/Versions/3.14/lib/python3.14/multiprocessing/process.py", line 320, in _bootstrap
    self.run()
    ~~~~~~~~^^
  File "/opt/homebrew/Cellar/python@3.14/3.14.2/Frameworks/Python.framework/Versions/3.14/lib/python3.14/multiprocessing/process.py", line 108, in run
    self._target(*self._args, **self._kwargs)
    ~~~~~~~~~~~~^^^^^^^^^^^^^^^^^^^^^^^^^^^^^
  File "/Users/kalinovdameus/Developer/mee-app/.venv/lib/python3.14/site-packages/uvicorn/_subprocess.py", line 80, in subprocess_started
    target(sockets=sockets)
    ~~~~~~^^^^^^^^^^^^^^^^^
  File "/Users/kalinovdameus/Developer/mee-app/.venv/lib/python3.14/site-packages/uvicorn/server.py", line 75, in run
    return asyncio_run(self.serve(sockets=sockets), loop_factory=self.config.get_loop_factory())
  File "/opt/homebrew/Cellar/python@3.14/3.14.2/Frameworks/Python.framework/Versions/3.14/lib/python3.14/asyncio/runners.py", line 204, in run
    return runner.run(main)
           ~~~~~~~~~~^^^^^^
  File "/opt/homebrew/Cellar/python@3.14/3.14.2/Frameworks/Python.framework/Versions/3.14/lib/python3.14/asyncio/runners.py", line 127, in run
    return self._loop.run_until_complete(task)
           ~~~~~~~~~~~~~~~~~~~~~~~~~~~~~^^^^^^
  File "/opt/homebrew/Cellar/python@3.14/3.14.2/Frameworks/Python.framework/Versions/3.14/lib/python3.14/asyncio/base_events.py", line 719, in run_until_complete
    return future.result()
           ~~~~~~~~~~~~~^^
  File "/Users/kalinovdameus/Developer/mee-app/.venv/lib/python3.14/site-packages/uvicorn/server.py", line 79, in serve
    await self._serve(sockets)
  File "/Users/kalinovdameus/Developer/mee-app/.venv/lib/python3.14/site-packages/uvicorn/server.py", line 86, in _serve
    config.load()
    ~~~~~~~~~~~^^
  File "/Users/kalinovdameus/Developer/mee-app/.venv/lib/python3.14/site-packages/uvicorn/config.py", line 441, in load
    self.loaded_app = import_from_string(self.app)
                      ~~~~~~~~~~~~~~~~~~^^^^^^^^^^
  File "/Users/kalinovdameus/Developer/mee-app/.venv/lib/python3.14/site-packages/uvicorn/importer.py", line 19, in import_from_string
    module = importlib.import_module(module_str)
  File "/opt/homebrew/Cellar/python@3.14/3.14.2/Frameworks/Python.framework/Versions/3.14/lib/python3.14/importlib/__init__.py", line 88, in import_module
    return _bootstrap._gcd_import(name[level:], package, level)
           ~~~~~~~~~~~~~~~~~~~~~~^^^^^^^^^^^^^^^^^^^^^^^^^^^^^^
  File "<frozen importlib._bootstrap>", line 1398, in _gcd_import
  File "<frozen importlib._bootstrap>", line 1371, in _find_and_load
  File "<frozen importlib._bootstrap>", line 1342, in _find_and_load_unlocked
  File "<frozen importlib._bootstrap>", line 938, in _load_unlocked
  File "<frozen importlib._bootstrap_external>", line 759, in exec_module
  File "<frozen importlib._bootstrap>", line 491, in _call_with_frames_removed
  File "/Users/kalinovdameus/Developer/mee-app/backend/app/main.py", line 4, in <module>
    from app.routers import telegram
  File "/Users/kalinovdameus/Developer/mee-app/backend/app/routers/telegram.py", line 39, in <module>
    "masculine": ULTIMATES_TUTOR_PROTOCOL
                 ^^^^^^^^^^^^^^^^^^^^^^^^
NameError: name 'ULTIMATES_TUTOR_PROTOCOL' is not defined
WARNING:  StatReload detected changes in 'app/core/prompts.py'. Reloading...
Process SpawnProcess-84:
Traceback (most recent call last):
  File "/opt/homebrew/Cellar/python@3.14/3.14.2/Frameworks/Python.framework/Versions/3.14/lib/python3.14/multiprocessing/process.py", line 320, in _bootstrap
    self.run()
    ~~~~~~~~^^
  File "/opt/homebrew/Cellar/python@3.14/3.14.2/Frameworks/Python.framework/Versions/3.14/lib/python3.14/multiprocessing/process.py", line 108, in run
    self._target(*self._args, **self._kwargs)
    ~~~~~~~~~~~~^^^^^^^^^^^^^^^^^^^^^^^^^^^^^
  File "/Users/kalinovdameus/Developer/mee-app/.venv/lib/python3.14/site-packages/uvicorn/_subprocess.py", line 80, in subprocess_started
    target(sockets=sockets)
    ~~~~~~^^^^^^^^^^^^^^^^^
  File "/Users/kalinovdameus/Developer/mee-app/.venv/lib/python3.14/site-packages/uvicorn/server.py", line 75, in run
    return asyncio_run(self.serve(sockets=sockets), loop_factory=self.config.get_loop_factory())
  File "/opt/homebrew/Cellar/python@3.14/3.14.2/Frameworks/Python.framework/Versions/3.14/lib/python3.14/asyncio/runners.py", line 204, in run
    return runner.run(main)
           ~~~~~~~~~~^^^^^^
  File "/opt/homebrew/Cellar/python@3.14/3.14.2/Frameworks/Python.framework/Versions/3.14/lib/python3.14/asyncio/runners.py", line 127, in run
    return self._loop.run_until_complete(task)
           ~~~~~~~~~~~~~~~~~~~~~~~~~~~~~^^^^^^
  File "/opt/homebrew/Cellar/python@3.14/3.14.2/Frameworks/Python.framework/Versions/3.14/lib/python3.14/asyncio/base_events.py", line 719, in run_until_complete
    return future.result()
           ~~~~~~~~~~~~~^^
  File "/Users/kalinovdameus/Developer/mee-app/.venv/lib/python3.14/site-packages/uvicorn/server.py", line 79, in serve
    await self._serve(sockets)
  File "/Users/kalinovdameus/Developer/mee-app/.venv/lib/python3.14/site-packages/uvicorn/server.py", line 86, in _serve
    config.load()
    ~~~~~~~~~~~^^
  File "/Users/kalinovdameus/Developer/mee-app/.venv/lib/python3.14/site-packages/uvicorn/config.py", line 441, in load
    self.loaded_app = import_from_string(self.app)
                      ~~~~~~~~~~~~~~~~~~^^^^^^^^^^
  File "/Users/kalinovdameus/Developer/mee-app/.venv/lib/python3.14/site-packages/uvicorn/importer.py", line 19, in import_from_string
    module = importlib.import_module(module_str)
  File "/opt/homebrew/Cellar/python@3.14/3.14.2/Frameworks/Python.framework/Versions/3.14/lib/python3.14/importlib/__init__.py", line 88, in import_module
    return _bootstrap._gcd_import(name[level:], package, level)
           ~~~~~~~~~~~~~~~~~~~~~~^^^^^^^^^^^^^^^^^^^^^^^^^^^^^^
  File "<frozen importlib._bootstrap>", line 1398, in _gcd_import
  File "<frozen importlib._bootstrap>", line 1371, in _find_and_load
  File "<frozen importlib._bootstrap>", line 1342, in _find_and_load_unlocked
  File "<frozen importlib._bootstrap>", line 938, in _load_unlocked
  File "<frozen importlib._bootstrap_external>", line 759, in exec_module
  File "<frozen importlib._bootstrap>", line 491, in _call_with_frames_removed
  File "/Users/kalinovdameus/Developer/mee-app/backend/app/main.py", line 4, in <module>
    from app.routers import telegram
  File "/Users/kalinovdameus/Developer/mee-app/backend/app/routers/telegram.py", line 39, in <module>
    "masculine": ULTIMATES_TUTOR_PROTOCOL
                 ^^^^^^^^^^^^^^^^^^^^^^^^
NameError: name 'ULTIMATES_TUTOR_PROTOCOL' is not defined
WARNING:  StatReload detected changes in 'app/core/prompts.py'. Reloading...
Process SpawnProcess-85:
Traceback (most recent call last):
  File "/opt/homebrew/Cellar/python@3.14/3.14.2/Frameworks/Python.framework/Versions/3.14/lib/python3.14/multiprocessing/process.py", line 320, in _bootstrap
    self.run()
    ~~~~~~~~^^
  File "/opt/homebrew/Cellar/python@3.14/3.14.2/Frameworks/Python.framework/Versions/3.14/lib/python3.14/multiprocessing/process.py", line 108, in run
    self._target(*self._args, **self._kwargs)
    ~~~~~~~~~~~~^^^^^^^^^^^^^^^^^^^^^^^^^^^^^
  File "/Users/kalinovdameus/Developer/mee-app/.venv/lib/python3.14/site-packages/uvicorn/_subprocess.py", line 80, in subprocess_started
    target(sockets=sockets)
    ~~~~~~^^^^^^^^^^^^^^^^^
  File "/Users/kalinovdameus/Developer/mee-app/.venv/lib/python3.14/site-packages/uvicorn/server.py", line 75, in run
    return asyncio_run(self.serve(sockets=sockets), loop_factory=self.config.get_loop_factory())
  File "/opt/homebrew/Cellar/python@3.14/3.14.2/Frameworks/Python.framework/Versions/3.14/lib/python3.14/asyncio/runners.py", line 204, in run
    return runner.run(main)
           ~~~~~~~~~~^^^^^^
  File "/opt/homebrew/Cellar/python@3.14/3.14.2/Frameworks/Python.framework/Versions/3.14/lib/python3.14/asyncio/runners.py", line 127, in run
    return self._loop.run_until_complete(task)
           ~~~~~~~~~~~~~~~~~~~~~~~~~~~~~^^^^^^
  File "/opt/homebrew/Cellar/python@3.14/3.14.2/Frameworks/Python.framework/Versions/3.14/lib/python3.14/asyncio/base_events.py", line 719, in run_until_complete
    return future.result()
           ~~~~~~~~~~~~~^^
  File "/Users/kalinovdameus/Developer/mee-app/.venv/lib/python3.14/site-packages/uvicorn/server.py", line 79, in serve
    await self._serve(sockets)
  File "/Users/kalinovdameus/Developer/mee-app/.venv/lib/python3.14/site-packages/uvicorn/server.py", line 86, in _serve
    config.load()
    ~~~~~~~~~~~^^
  File "/Users/kalinovdameus/Developer/mee-app/.venv/lib/python3.14/site-packages/uvicorn/config.py", line 441, in load
    self.loaded_app = import_from_string(self.app)
                      ~~~~~~~~~~~~~~~~~~^^^^^^^^^^
  File "/Users/kalinovdameus/Developer/mee-app/.venv/lib/python3.14/site-packages/uvicorn/importer.py", line 19, in import_from_string
    module = importlib.import_module(module_str)
  File "/opt/homebrew/Cellar/python@3.14/3.14.2/Frameworks/Python.framework/Versions/3.14/lib/python3.14/importlib/__init__.py", line 88, in import_module
    return _bootstrap._gcd_import(name[level:], package, level)
           ~~~~~~~~~~~~~~~~~~~~~~^^^^^^^^^^^^^^^^^^^^^^^^^^^^^^
  File "<frozen importlib._bootstrap>", line 1398, in _gcd_import
  File "<frozen importlib._bootstrap>", line 1371, in _find_and_load
  File "<frozen importlib._bootstrap>", line 1342, in _find_and_load_unlocked
  File "<frozen importlib._bootstrap>", line 938, in _load_unlocked
  File "<frozen importlib._bootstrap_external>", line 759, in exec_module
  File "<frozen importlib._bootstrap>", line 491, in _call_with_frames_removed
  File "/Users/kalinovdameus/Developer/mee-app/backend/app/main.py", line 4, in <module>
    from app.routers import telegram
  File "/Users/kalinovdameus/Developer/mee-app/backend/app/routers/telegram.py", line 39, in <module>
    "masculine": ULTIMATES_TUTOR_PROTOCOL
                 ^^^^^^^^^^^^^^^^^^^^^^^^
NameError: name 'ULTIMATES_TUTOR_PROTOCOL' is not defined
WARNING:  StatReload detected changes in 'app/core/guardrails.py'. Reloading...
Process SpawnProcess-86:
Traceback (most recent call last):
  File "/opt/homebrew/Cellar/python@3.14/3.14.2/Frameworks/Python.framework/Versions/3.14/lib/python3.14/multiprocessing/process.py", line 320, in _bootstrap
    self.run()
    ~~~~~~~~^^
  File "/opt/homebrew/Cellar/python@3.14/3.14.2/Frameworks/Python.framework/Versions/3.14/lib/python3.14/multiprocessing/process.py", line 108, in run
    self._target(*self._args, **self._kwargs)
    ~~~~~~~~~~~~^^^^^^^^^^^^^^^^^^^^^^^^^^^^^
  File "/Users/kalinovdameus/Developer/mee-app/.venv/lib/python3.14/site-packages/uvicorn/_subprocess.py", line 80, in subprocess_started
    target(sockets=sockets)
    ~~~~~~^^^^^^^^^^^^^^^^^
  File "/Users/kalinovdameus/Developer/mee-app/.venv/lib/python3.14/site-packages/uvicorn/server.py", line 75, in run
    return asyncio_run(self.serve(sockets=sockets), loop_factory=self.config.get_loop_factory())
  File "/opt/homebrew/Cellar/python@3.14/3.14.2/Frameworks/Python.framework/Versions/3.14/lib/python3.14/asyncio/runners.py", line 204, in run
    return runner.run(main)
           ~~~~~~~~~~^^^^^^
  File "/opt/homebrew/Cellar/python@3.14/3.14.2/Frameworks/Python.framework/Versions/3.14/lib/python3.14/asyncio/runners.py", line 127, in run
    return self._loop.run_until_complete(task)
           ~~~~~~~~~~~~~~~~~~~~~~~~~~~~~^^^^^^
  File "/opt/homebrew/Cellar/python@3.14/3.14.2/Frameworks/Python.framework/Versions/3.14/lib/python3.14/asyncio/base_events.py", line 719, in run_until_complete
    return future.result()
           ~~~~~~~~~~~~~^^
  File "/Users/kalinovdameus/Developer/mee-app/.venv/lib/python3.14/site-packages/uvicorn/server.py", line 79, in serve
    await self._serve(sockets)
  File "/Users/kalinovdameus/Developer/mee-app/.venv/lib/python3.14/site-packages/uvicorn/server.py", line 86, in _serve
    config.load()
    ~~~~~~~~~~~^^
  File "/Users/kalinovdameus/Developer/mee-app/.venv/lib/python3.14/site-packages/uvicorn/config.py", line 441, in load
    self.loaded_app = import_from_string(self.app)
                      ~~~~~~~~~~~~~~~~~~^^^^^^^^^^
  File "/Users/kalinovdameus/Developer/mee-app/.venv/lib/python3.14/site-packages/uvicorn/importer.py", line 19, in import_from_string
    module = importlib.import_module(module_str)
  File "/opt/homebrew/Cellar/python@3.14/3.14.2/Frameworks/Python.framework/Versions/3.14/lib/python3.14/importlib/__init__.py", line 88, in import_module
    return _bootstrap._gcd_import(name[level:], package, level)
           ~~~~~~~~~~~~~~~~~~~~~~^^^^^^^^^^^^^^^^^^^^^^^^^^^^^^
  File "<frozen importlib._bootstrap>", line 1398, in _gcd_import
  File "<frozen importlib._bootstrap>", line 1371, in _find_and_load
  File "<frozen importlib._bootstrap>", line 1342, in _find_and_load_unlocked
  File "<frozen importlib._bootstrap>", line 938, in _load_unlocked
  File "<frozen importlib._bootstrap_external>", line 759, in exec_module
  File "<frozen importlib._bootstrap>", line 491, in _call_with_frames_removed
  File "/Users/kalinovdameus/Developer/mee-app/backend/app/main.py", line 4, in <module>
    from app.routers import telegram
  File "/Users/kalinovdameus/Developer/mee-app/backend/app/routers/telegram.py", line 39, in <module>
    "masculine": ULTIMATES_TUTOR_PROTOCOL
                 ^^^^^^^^^^^^^^^^^^^^^^^^
NameError: name 'ULTIMATES_TUTOR_PROTOCOL' is not defined
WARNING:  StatReload detected changes in 'app/routers/telegram.py'. Reloading...
Process SpawnProcess-87:
Traceback (most recent call last):
  File "/opt/homebrew/Cellar/python@3.14/3.14.2/Frameworks/Python.framework/Versions/3.14/lib/python3.14/multiprocessing/process.py", line 320, in _bootstrap
    self.run()
    ~~~~~~~~^^
  File "/opt/homebrew/Cellar/python@3.14/3.14.2/Frameworks/Python.framework/Versions/3.14/lib/python3.14/multiprocessing/process.py", line 108, in run
    self._target(*self._args, **self._kwargs)
    ~~~~~~~~~~~~^^^^^^^^^^^^^^^^^^^^^^^^^^^^^
  File "/Users/kalinovdameus/Developer/mee-app/.venv/lib/python3.14/site-packages/uvicorn/_subprocess.py", line 80, in subprocess_started
    target(sockets=sockets)
    ~~~~~~^^^^^^^^^^^^^^^^^
  File "/Users/kalinovdameus/Developer/mee-app/.venv/lib/python3.14/site-packages/uvicorn/server.py", line 75, in run
    return asyncio_run(self.serve(sockets=sockets), loop_factory=self.config.get_loop_factory())
  File "/opt/homebrew/Cellar/python@3.14/3.14.2/Frameworks/Python.framework/Versions/3.14/lib/python3.14/asyncio/runners.py", line 204, in run
    return runner.run(main)
           ~~~~~~~~~~^^^^^^
  File "/opt/homebrew/Cellar/python@3.14/3.14.2/Frameworks/Python.framework/Versions/3.14/lib/python3.14/asyncio/runners.py", line 127, in run
    return self._loop.run_until_complete(task)
           ~~~~~~~~~~~~~~~~~~~~~~~~~~~~~^^^^^^
  File "/opt/homebrew/Cellar/python@3.14/3.14.2/Frameworks/Python.framework/Versions/3.14/lib/python3.14/asyncio/base_events.py", line 719, in run_until_complete
    return future.result()
           ~~~~~~~~~~~~~^^
  File "/Users/kalinovdameus/Developer/mee-app/.venv/lib/python3.14/site-packages/uvicorn/server.py", line 79, in serve
    await self._serve(sockets)
  File "/Users/kalinovdameus/Developer/mee-app/.venv/lib/python3.14/site-packages/uvicorn/server.py", line 86, in _serve
    config.load()
    ~~~~~~~~~~~^^
  File "/Users/kalinovdameus/Developer/mee-app/.venv/lib/python3.14/site-packages/uvicorn/config.py", line 441, in load
    self.loaded_app = import_from_string(self.app)
                      ~~~~~~~~~~~~~~~~~~^^^^^^^^^^
  File "/Users/kalinovdameus/Developer/mee-app/.venv/lib/python3.14/site-packages/uvicorn/importer.py", line 19, in import_from_string
    module = importlib.import_module(module_str)
  File "/opt/homebrew/Cellar/python@3.14/3.14.2/Frameworks/Python.framework/Versions/3.14/lib/python3.14/importlib/__init__.py", line 88, in import_module
    return _bootstrap._gcd_import(name[level:], package, level)
           ~~~~~~~~~~~~~~~~~~~~~~^^^^^^^^^^^^^^^^^^^^^^^^^^^^^^
  File "<frozen importlib._bootstrap>", line 1398, in _gcd_import
  File "<frozen importlib._bootstrap>", line 1371, in _find_and_load
  File "<frozen importlib._bootstrap>", line 1342, in _find_and_load_unlocked
  File "<frozen importlib._bootstrap>", line 938, in _load_unlocked
  File "<frozen importlib._bootstrap_external>", line 759, in exec_module
  File "<frozen importlib._bootstrap>", line 491, in _call_with_frames_removed
  File "/Users/kalinovdameus/Developer/mee-app/backend/app/main.py", line 4, in <module>
    from app.routers import telegram
  File "/Users/kalinovdameus/Developer/mee-app/backend/app/routers/telegram.py", line 39, in <module>
    "masculine": ULTIMATES_TUTOR_PROTOCOL
                 ^^^^^^^^^^^^^^^^^^^^^^^^
NameError: name 'ULTIMATES_TUTOR_PROTOCOL' is not defined
WARNING:  StatReload detected changes in 'app/core/prompts.py'. Reloading...
Process SpawnProcess-88:
Traceback (most recent call last):
  File "/opt/homebrew/Cellar/python@3.14/3.14.2/Frameworks/Python.framework/Versions/3.14/lib/python3.14/multiprocessing/process.py", line 320, in _bootstrap
    self.run()
    ~~~~~~~~^^
  File "/opt/homebrew/Cellar/python@3.14/3.14.2/Frameworks/Python.framework/Versions/3.14/lib/python3.14/multiprocessing/process.py", line 108, in run
    self._target(*self._args, **self._kwargs)
    ~~~~~~~~~~~~^^^^^^^^^^^^^^^^^^^^^^^^^^^^^
  File "/Users/kalinovdameus/Developer/mee-app/.venv/lib/python3.14/site-packages/uvicorn/_subprocess.py", line 80, in subprocess_started
    target(sockets=sockets)
    ~~~~~~^^^^^^^^^^^^^^^^^
  File "/Users/kalinovdameus/Developer/mee-app/.venv/lib/python3.14/site-packages/uvicorn/server.py", line 75, in run
    return asyncio_run(self.serve(sockets=sockets), loop_factory=self.config.get_loop_factory())
  File "/opt/homebrew/Cellar/python@3.14/3.14.2/Frameworks/Python.framework/Versions/3.14/lib/python3.14/asyncio/runners.py", line 204, in run
    return runner.run(main)
           ~~~~~~~~~~^^^^^^
  File "/opt/homebrew/Cellar/python@3.14/3.14.2/Frameworks/Python.framework/Versions/3.14/lib/python3.14/asyncio/runners.py", line 127, in run
    return self._loop.run_until_complete(task)
           ~~~~~~~~~~~~~~~~~~~~~~~~~~~~~^^^^^^
  File "/opt/homebrew/Cellar/python@3.14/3.14.2/Frameworks/Python.framework/Versions/3.14/lib/python3.14/asyncio/base_events.py", line 719, in run_until_complete
    return future.result()
           ~~~~~~~~~~~~~^^
  File "/Users/kalinovdameus/Developer/mee-app/.venv/lib/python3.14/site-packages/uvicorn/server.py", line 79, in serve
    await self._serve(sockets)
  File "/Users/kalinovdameus/Developer/mee-app/.venv/lib/python3.14/site-packages/uvicorn/server.py", line 86, in _serve
    config.load()
    ~~~~~~~~~~~^^
  File "/Users/kalinovdameus/Developer/mee-app/.venv/lib/python3.14/site-packages/uvicorn/config.py", line 441, in load
    self.loaded_app = import_from_string(self.app)
                      ~~~~~~~~~~~~~~~~~~^^^^^^^^^^
  File "/Users/kalinovdameus/Developer/mee-app/.venv/lib/python3.14/site-packages/uvicorn/importer.py", line 19, in import_from_string
    module = importlib.import_module(module_str)
  File "/opt/homebrew/Cellar/python@3.14/3.14.2/Frameworks/Python.framework/Versions/3.14/lib/python3.14/importlib/__init__.py", line 88, in import_module
    return _bootstrap._gcd_import(name[level:], package, level)
           ~~~~~~~~~~~~~~~~~~~~~~^^^^^^^^^^^^^^^^^^^^^^^^^^^^^^
  File "<frozen importlib._bootstrap>", line 1398, in _gcd_import
  File "<frozen importlib._bootstrap>", line 1371, in _find_and_load
  File "<frozen importlib._bootstrap>", line 1342, in _find_and_load_unlocked
  File "<frozen importlib._bootstrap>", line 938, in _load_unlocked
  File "<frozen importlib._bootstrap_external>", line 759, in exec_module
  File "<frozen importlib._bootstrap>", line 491, in _call_with_frames_removed
  File "/Users/kalinovdameus/Developer/mee-app/backend/app/main.py", line 4, in <module>
    from app.routers import telegram
  File "/Users/kalinovdameus/Developer/mee-app/backend/app/routers/telegram.py", line 39, in <module>
    "masculine": ULTIMATES_TUTOR_PROTOCOL
                 ^^^^^^^^^^^^^^^^^^^^^^^^
NameError: name 'ULTIMATES_TUTOR_PROTOCOL' is not defined
WARNING:  StatReload detected changes in 'app/routers/telegram.py'. Reloading...
Process SpawnProcess-89:
Traceback (most recent call last):
  File "/opt/homebrew/Cellar/python@3.14/3.14.2/Frameworks/Python.framework/Versions/3.14/lib/python3.14/multiprocessing/process.py", line 320, in _bootstrap
    self.run()
    ~~~~~~~~^^
  File "/opt/homebrew/Cellar/python@3.14/3.14.2/Frameworks/Python.framework/Versions/3.14/lib/python3.14/multiprocessing/process.py", line 108, in run
    self._target(*self._args, **self._kwargs)
    ~~~~~~~~~~~~^^^^^^^^^^^^^^^^^^^^^^^^^^^^^
  File "/Users/kalinovdameus/Developer/mee-app/.venv/lib/python3.14/site-packages/uvicorn/_subprocess.py", line 80, in subprocess_started
    target(sockets=sockets)
    ~~~~~~^^^^^^^^^^^^^^^^^
  File "/Users/kalinovdameus/Developer/mee-app/.venv/lib/python3.14/site-packages/uvicorn/server.py", line 75, in run
    return asyncio_run(self.serve(sockets=sockets), loop_factory=self.config.get_loop_factory())
  File "/opt/homebrew/Cellar/python@3.14/3.14.2/Frameworks/Python.framework/Versions/3.14/lib/python3.14/asyncio/runners.py", line 204, in run
    return runner.run(main)
           ~~~~~~~~~~^^^^^^
  File "/opt/homebrew/Cellar/python@3.14/3.14.2/Frameworks/Python.framework/Versions/3.14/lib/python3.14/asyncio/runners.py", line 127, in run
    return self._loop.run_until_complete(task)
           ~~~~~~~~~~~~~~~~~~~~~~~~~~~~~^^^^^^
  File "/opt/homebrew/Cellar/python@3.14/3.14.2/Frameworks/Python.framework/Versions/3.14/lib/python3.14/asyncio/base_events.py", line 719, in run_until_complete
    return future.result()
           ~~~~~~~~~~~~~^^
  File "/Users/kalinovdameus/Developer/mee-app/.venv/lib/python3.14/site-packages/uvicorn/server.py", line 79, in serve
    await self._serve(sockets)
  File "/Users/kalinovdameus/Developer/mee-app/.venv/lib/python3.14/site-packages/uvicorn/server.py", line 86, in _serve
    config.load()
    ~~~~~~~~~~~^^
  File "/Users/kalinovdameus/Developer/mee-app/.venv/lib/python3.14/site-packages/uvicorn/config.py", line 441, in load
    self.loaded_app = import_from_string(self.app)
                      ~~~~~~~~~~~~~~~~~~^^^^^^^^^^
  File "/Users/kalinovdameus/Developer/mee-app/.venv/lib/python3.14/site-packages/uvicorn/importer.py", line 19, in import_from_string
    module = importlib.import_module(module_str)
  File "/opt/homebrew/Cellar/python@3.14/3.14.2/Frameworks/Python.framework/Versions/3.14/lib/python3.14/importlib/__init__.py", line 88, in import_module
    return _bootstrap._gcd_import(name[level:], package, level)
           ~~~~~~~~~~~~~~~~~~~~~~^^^^^^^^^^^^^^^^^^^^^^^^^^^^^^
  File "<frozen importlib._bootstrap>", line 1398, in _gcd_import
  File "<frozen importlib._bootstrap>", line 1371, in _find_and_load
  File "<frozen importlib._bootstrap>", line 1342, in _find_and_load_unlocked
  File "<frozen importlib._bootstrap>", line 938, in _load_unlocked
  File "<frozen importlib._bootstrap_external>", line 759, in exec_module
  File "<frozen importlib._bootstrap>", line 491, in _call_with_frames_removed
  File "/Users/kalinovdameus/Developer/mee-app/backend/app/main.py", line 4, in <module>
    from app.routers import telegram
  File "/Users/kalinovdameus/Developer/mee-app/backend/app/routers/telegram.py", line 39, in <module>
    "masculine": ULTIMATES_TUTOR_PROTOCOL
                 ^^^^^^^^^^^^^^^^^^^^^^^^
NameError: name 'ULTIMATES_TUTOR_PROTOCOL' is not defined
WARNING:  StatReload detected changes in 'app/core/prompts.py'. Reloading...
Process SpawnProcess-90:
Traceback (most recent call last):
  File "/opt/homebrew/Cellar/python@3.14/3.14.2/Frameworks/Python.framework/Versions/3.14/lib/python3.14/multiprocessing/process.py", line 320, in _bootstrap
    self.run()
    ~~~~~~~~^^
  File "/opt/homebrew/Cellar/python@3.14/3.14.2/Frameworks/Python.framework/Versions/3.14/lib/python3.14/multiprocessing/process.py", line 108, in run
    self._target(*self._args, **self._kwargs)
    ~~~~~~~~~~~~^^^^^^^^^^^^^^^^^^^^^^^^^^^^^
  File "/Users/kalinovdameus/Developer/mee-app/.venv/lib/python3.14/site-packages/uvicorn/_subprocess.py", line 80, in subprocess_started
    target(sockets=sockets)
    ~~~~~~^^^^^^^^^^^^^^^^^
  File "/Users/kalinovdameus/Developer/mee-app/.venv/lib/python3.14/site-packages/uvicorn/server.py", line 75, in run
    return asyncio_run(self.serve(sockets=sockets), loop_factory=self.config.get_loop_factory())
  File "/opt/homebrew/Cellar/python@3.14/3.14.2/Frameworks/Python.framework/Versions/3.14/lib/python3.14/asyncio/runners.py", line 204, in run
    return runner.run(main)
           ~~~~~~~~~~^^^^^^
  File "/opt/homebrew/Cellar/python@3.14/3.14.2/Frameworks/Python.framework/Versions/3.14/lib/python3.14/asyncio/runners.py", line 127, in run
    return self._loop.run_until_complete(task)
           ~~~~~~~~~~~~~~~~~~~~~~~~~~~~~^^^^^^
  File "/opt/homebrew/Cellar/python@3.14/3.14.2/Frameworks/Python.framework/Versions/3.14/lib/python3.14/asyncio/base_events.py", line 719, in run_until_complete
    return future.result()
           ~~~~~~~~~~~~~^^
  File "/Users/kalinovdameus/Developer/mee-app/.venv/lib/python3.14/site-packages/uvicorn/server.py", line 79, in serve
    await self._serve(sockets)
  File "/Users/kalinovdameus/Developer/mee-app/.venv/lib/python3.14/site-packages/uvicorn/server.py", line 86, in _serve
    config.load()
    ~~~~~~~~~~~^^
  File "/Users/kalinovdameus/Developer/mee-app/.venv/lib/python3.14/site-packages/uvicorn/config.py", line 441, in load
    self.loaded_app = import_from_string(self.app)
                      ~~~~~~~~~~~~~~~~~~^^^^^^^^^^
  File "/Users/kalinovdameus/Developer/mee-app/.venv/lib/python3.14/site-packages/uvicorn/importer.py", line 19, in import_from_string
    module = importlib.import_module(module_str)
  File "/opt/homebrew/Cellar/python@3.14/3.14.2/Frameworks/Python.framework/Versions/3.14/lib/python3.14/importlib/__init__.py", line 88, in import_module
    return _bootstrap._gcd_import(name[level:], package, level)
           ~~~~~~~~~~~~~~~~~~~~~~^^^^^^^^^^^^^^^^^^^^^^^^^^^^^^
  File "<frozen importlib._bootstrap>", line 1398, in _gcd_import
  File "<frozen importlib._bootstrap>", line 1371, in _find_and_load
  File "<frozen importlib._bootstrap>", line 1342, in _find_and_load_unlocked
  File "<frozen importlib._bootstrap>", line 938, in _load_unlocked
  File "<frozen importlib._bootstrap_external>", line 759, in exec_module
  File "<frozen importlib._bootstrap>", line 491, in _call_with_frames_removed
  File "/Users/kalinovdameus/Developer/mee-app/backend/app/main.py", line 4, in <module>
    from app.routers import telegram
  File "/Users/kalinovdameus/Developer/mee-app/backend/app/routers/telegram.py", line 39, in <module>
    "masculine": ULTIMATES_TUTOR_PROTOCOL
                 ^^^^^^^^^^^^^^^^^^^^^^^^
NameError: name 'ULTIMATES_TUTOR_PROTOCOL' is not defined
WARNING:  StatReload detected changes in 'app/routers/telegram.py'. Reloading...
Process SpawnProcess-91:
Traceback (most recent call last):
  File "/opt/homebrew/Cellar/python@3.14/3.14.2/Frameworks/Python.framework/Versions/3.14/lib/python3.14/multiprocessing/process.py", line 320, in _bootstrap
    self.run()
    ~~~~~~~~^^
  File "/opt/homebrew/Cellar/python@3.14/3.14.2/Frameworks/Python.framework/Versions/3.14/lib/python3.14/multiprocessing/process.py", line 108, in run
    self._target(*self._args, **self._kwargs)
    ~~~~~~~~~~~~^^^^^^^^^^^^^^^^^^^^^^^^^^^^^
  File "/Users/kalinovdameus/Developer/mee-app/.venv/lib/python3.14/site-packages/uvicorn/_subprocess.py", line 80, in subprocess_started
    target(sockets=sockets)
    ~~~~~~^^^^^^^^^^^^^^^^^
  File "/Users/kalinovdameus/Developer/mee-app/.venv/lib/python3.14/site-packages/uvicorn/server.py", line 75, in run
    return asyncio_run(self.serve(sockets=sockets), loop_factory=self.config.get_loop_factory())
  File "/opt/homebrew/Cellar/python@3.14/3.14.2/Frameworks/Python.framework/Versions/3.14/lib/python3.14/asyncio/runners.py", line 204, in run
    return runner.run(main)
           ~~~~~~~~~~^^^^^^
  File "/opt/homebrew/Cellar/python@3.14/3.14.2/Frameworks/Python.framework/Versions/3.14/lib/python3.14/asyncio/runners.py", line 127, in run
    return self._loop.run_until_complete(task)
           ~~~~~~~~~~~~~~~~~~~~~~~~~~~~~^^^^^^
  File "/opt/homebrew/Cellar/python@3.14/3.14.2/Frameworks/Python.framework/Versions/3.14/lib/python3.14/asyncio/base_events.py", line 719, in run_until_complete
    return future.result()
           ~~~~~~~~~~~~~^^
  File "/Users/kalinovdameus/Developer/mee-app/.venv/lib/python3.14/site-packages/uvicorn/server.py", line 79, in serve
    await self._serve(sockets)
  File "/Users/kalinovdameus/Developer/mee-app/.venv/lib/python3.14/site-packages/uvicorn/server.py", line 86, in _serve
    config.load()
    ~~~~~~~~~~~^^
  File "/Users/kalinovdameus/Developer/mee-app/.venv/lib/python3.14/site-packages/uvicorn/config.py", line 441, in load
    self.loaded_app = import_from_string(self.app)
                      ~~~~~~~~~~~~~~~~~~^^^^^^^^^^
  File "/Users/kalinovdameus/Developer/mee-app/.venv/lib/python3.14/site-packages/uvicorn/importer.py", line 19, in import_from_string
    module = importlib.import_module(module_str)
  File "/opt/homebrew/Cellar/python@3.14/3.14.2/Frameworks/Python.framework/Versions/3.14/lib/python3.14/importlib/__init__.py", line 88, in import_module
    return _bootstrap._gcd_import(name[level:], package, level)
           ~~~~~~~~~~~~~~~~~~~~~~^^^^^^^^^^^^^^^^^^^^^^^^^^^^^^
  File "<frozen importlib._bootstrap>", line 1398, in _gcd_import
  File "<frozen importlib._bootstrap>", line 1371, in _find_and_load
  File "<frozen importlib._bootstrap>", line 1342, in _find_and_load_unlocked
  File "<frozen importlib._bootstrap>", line 938, in _load_unlocked
  File "<frozen importlib._bootstrap_external>", line 759, in exec_module
  File "<frozen importlib._bootstrap>", line 491, in _call_with_frames_removed
  File "/Users/kalinovdameus/Developer/mee-app/backend/app/main.py", line 4, in <module>
    from app.routers import telegram
  File "/Users/kalinovdameus/Developer/mee-app/backend/app/routers/telegram.py", line 39, in <module>
    "masculine": ULTIMATES_TUTOR_PROTOCOL
                 ^^^^^^^^^^^^^^^^^^^^^^^^
NameError: name 'ULTIMATES_TUTOR_PROTOCOL' is not defined
WARNING:  StatReload detected changes in 'app/routers/telegram.py'. Reloading...
Process SpawnProcess-92:
Traceback (most recent call last):
  File "/opt/homebrew/Cellar/python@3.14/3.14.2/Frameworks/Python.framework/Versions/3.14/lib/python3.14/multiprocessing/process.py", line 320, in _bootstrap
    self.run()
    ~~~~~~~~^^
  File "/opt/homebrew/Cellar/python@3.14/3.14.2/Frameworks/Python.framework/Versions/3.14/lib/python3.14/multiprocessing/process.py", line 108, in run
    self._target(*self._args, **self._kwargs)
    ~~~~~~~~~~~~^^^^^^^^^^^^^^^^^^^^^^^^^^^^^
  File "/Users/kalinovdameus/Developer/mee-app/.venv/lib/python3.14/site-packages/uvicorn/_subprocess.py", line 80, in subprocess_started
    target(sockets=sockets)
    ~~~~~~^^^^^^^^^^^^^^^^^
  File "/Users/kalinovdameus/Developer/mee-app/.venv/lib/python3.14/site-packages/uvicorn/server.py", line 75, in run
    return asyncio_run(self.serve(sockets=sockets), loop_factory=self.config.get_loop_factory())
  File "/opt/homebrew/Cellar/python@3.14/3.14.2/Frameworks/Python.framework/Versions/3.14/lib/python3.14/asyncio/runners.py", line 204, in run
    return runner.run(main)
           ~~~~~~~~~~^^^^^^
  File "/opt/homebrew/Cellar/python@3.14/3.14.2/Frameworks/Python.framework/Versions/3.14/lib/python3.14/asyncio/runners.py", line 127, in run
    return self._loop.run_until_complete(task)
           ~~~~~~~~~~~~~~~~~~~~~~~~~~~~~^^^^^^
  File "/opt/homebrew/Cellar/python@3.14/3.14.2/Frameworks/Python.framework/Versions/3.14/lib/python3.14/asyncio/base_events.py", line 719, in run_until_complete
    return future.result()
           ~~~~~~~~~~~~~^^
  File "/Users/kalinovdameus/Developer/mee-app/.venv/lib/python3.14/site-packages/uvicorn/server.py", line 79, in serve
    await self._serve(sockets)
  File "/Users/kalinovdameus/Developer/mee-app/.venv/lib/python3.14/site-packages/uvicorn/server.py", line 86, in _serve
    config.load()
    ~~~~~~~~~~~^^
  File "/Users/kalinovdameus/Developer/mee-app/.venv/lib/python3.14/site-packages/uvicorn/config.py", line 441, in load
    self.loaded_app = import_from_string(self.app)
                      ~~~~~~~~~~~~~~~~~~^^^^^^^^^^
  File "/Users/kalinovdameus/Developer/mee-app/.venv/lib/python3.14/site-packages/uvicorn/importer.py", line 19, in import_from_string
    module = importlib.import_module(module_str)
  File "/opt/homebrew/Cellar/python@3.14/3.14.2/Frameworks/Python.framework/Versions/3.14/lib/python3.14/importlib/__init__.py", line 88, in import_module
    return _bootstrap._gcd_import(name[level:], package, level)
           ~~~~~~~~~~~~~~~~~~~~~~^^^^^^^^^^^^^^^^^^^^^^^^^^^^^^
  File "<frozen importlib._bootstrap>", line 1398, in _gcd_import
  File "<frozen importlib._bootstrap>", line 1371, in _find_and_load
  File "<frozen importlib._bootstrap>", line 1342, in _find_and_load_unlocked
  File "<frozen importlib._bootstrap>", line 938, in _load_unlocked
  File "<frozen importlib._bootstrap_external>", line 759, in exec_module
  File "<frozen importlib._bootstrap>", line 491, in _call_with_frames_removed
  File "/Users/kalinovdameus/Developer/mee-app/backend/app/main.py", line 4, in <module>
    from app.routers import telegram
  File "/Users/kalinovdameus/Developer/mee-app/backend/app/routers/telegram.py", line 39, in <module>
    "masculine": ULTIMATES_TUTOR_PROTOCOL
                 ^^^^^^^^^^^^^^^^^^^^^^^^
NameError: name 'ULTIMATES_TUTOR_PROTOCOL' is not defined
WARNING:  StatReload detected changes in 'app/routers/telegram.py'. Reloading...
INFO:     Started server process [37765]
INFO:     Waiting for application startup.
2026-02-19 17:10:40,401 - app.main - INFO - Warming up embedding model...
2026-02-19 17:10:40,401 - app.services.embeddings - INFO - Generating embedding (query) - Attempt 1
2026-02-19 17:10:40,813 - app.main - INFO - Embedding model warmed up
INFO:     Application startup complete.
WARNING:  StatReload detected changes in 'app/core/prompts.py'. Reloading...
INFO:     Shutting down
INFO:     Waiting for application shutdown.
INFO:     Application shutdown complete.
INFO:     Finished server process [37765]
INFO:     Started server process [37797]
INFO:     Waiting for application startup.
2026-02-19 17:10:48,598 - app.main - INFO - Warming up embedding model...
2026-02-19 17:10:48,598 - app.services.embeddings - INFO - Generating embedding (query) - Attempt 1
2026-02-19 17:10:48,792 - app.main - INFO - Embedding model warmed up
INFO:     Application startup complete.
WARNING:  StatReload detected changes in 'app/routers/telegram.py'. Reloading...
INFO:     Shutting down
INFO:     Waiting for application shutdown.
INFO:     Application shutdown complete.
INFO:     Finished server process [37797]
INFO:     Started server process [37879]
INFO:     Waiting for application startup.
2026-02-19 17:11:08,454 - app.main - INFO - Warming up embedding model...
2026-02-19 17:11:08,454 - app.services.embeddings - INFO - Generating embedding (query) - Attempt 1
2026-02-19 17:11:08,779 - app.main - INFO - Embedding model warmed up
INFO:     Application startup complete.
WARNING:  StatReload detected changes in 'app/routers/telegram.py'. Reloading...
INFO:     Shutting down
INFO:     Waiting for application shutdown.
INFO:     Application shutdown complete.
INFO:     Finished server process [37879]
INFO:     Started server process [37902]
INFO:     Waiting for application startup.
2026-02-19 17:11:14,137 - app.main - INFO - Warming up embedding model...
2026-02-19 17:11:14,137 - app.services.embeddings - INFO - Generating embedding (query) - Attempt 1
2026-02-19 17:11:14,559 - app.main - INFO - Embedding model warmed up
INFO:     Application startup complete.
WARNING:  StatReload detected changes in 'app/routers/telegram.py'. Reloading...
INFO:     Shutting down
INFO:     Waiting for application shutdown.
INFO:     Application shutdown complete.
INFO:     Finished server process [37902]
INFO:     Started server process [37938]
INFO:     Waiting for application startup.
2026-02-19 17:11:24,264 - app.main - INFO - Warming up embedding model...
2026-02-19 17:11:24,264 - app.services.embeddings - INFO - Generating embedding (query) - Attempt 1
2026-02-19 17:11:24,491 - app.main - INFO - Embedding model warmed up
INFO:     Application startup complete.
WARNING:  StatReload detected changes in 'app/routers/telegram.py'. Reloading...
INFO:     Shutting down
INFO:     Waiting for application shutdown.
INFO:     Application shutdown complete.
INFO:     Finished server process [37938]
INFO:     Started server process [51399]
INFO:     Waiting for application startup.
2026-02-20 10:35:26,716 - app.main - INFO - Warming up embedding model...
2026-02-20 10:35:26,716 - app.services.embeddings - INFO - Generating embedding (query) - Attempt 1
2026-02-20 10:35:27,189 - app.main - INFO - Embedding model warmed up
INFO:     Application startup complete.
WARNING:  StatReload detected changes in 'app/core/prompts.py'. Reloading...
INFO:     Shutting down
INFO:     Waiting for application shutdown.
INFO:     Application shutdown complete.
INFO:     Finished server process [51399]
INFO:     Started server process [52970]
INFO:     Waiting for application startup.
2026-02-20 10:42:35,031 - app.main - INFO - Warming up embedding model...
2026-02-20 10:42:35,031 - app.services.embeddings - INFO - Generating embedding (query) - Attempt 1
2026-02-20 10:42:35,483 - app.main - INFO - Embedding model warmed up
INFO:     Application startup complete.
WARNING:  StatReload detected changes in 'app/core/guardrails.py'. Reloading...
INFO:     Shutting down
INFO:     Waiting for application shutdown.
INFO:     Application shutdown complete.
INFO:     Finished server process [52970]
INFO:     Started server process [53042]
INFO:     Waiting for application startup.
2026-02-20 10:42:54,620 - app.main - INFO - Warming up embedding model...
2026-02-20 10:42:54,620 - app.services.embeddings - INFO - Generating embedding (query) - Attempt 1
2026-02-20 10:42:54,999 - app.main - INFO - Embedding model warmed up
INFO:     Application startup complete.
WARNING:  StatReload detected changes in 'app/core/prompts.py'. Reloading...
INFO:     Shutting down
INFO:     Waiting for application shutdown.
INFO:     Application shutdown complete.
INFO:     Finished server process [53042]
INFO:     Started server process [53205]
INFO:     Waiting for application startup.
2026-02-20 10:43:43,226 - app.main - INFO - Warming up embedding model...
2026-02-20 10:43:43,226 - app.services.embeddings - INFO - Generating embedding (query) - Attempt 1
2026-02-20 10:43:43,620 - app.main - INFO - Embedding model warmed up
INFO:     Application startup complete.
WARNING:  StatReload detected changes in 'app/core/prompts.py'. Reloading...
INFO:     Shutting down
INFO:     Waiting for application shutdown.
INFO:     Application shutdown complete.
INFO:     Finished server process [53205]
INFO:     Started server process [53235]
INFO:     Waiting for application startup.
2026-02-20 10:43:49,964 - app.main - INFO - Warming up embedding model...
2026-02-20 10:43:49,964 - app.services.embeddings - INFO - Generating embedding (query) - Attempt 1
2026-02-20 10:43:50,244 - app.main - INFO - Embedding model warmed up
INFO:     Application startup complete.
WARNING:  StatReload detected changes in 'app/core/guardrails.py'. Reloading...
INFO:     Shutting down
INFO:     Waiting for application shutdown.
INFO:     Application shutdown complete.
INFO:     Finished server process [53235]
INFO:     Started server process [53259]
INFO:     Waiting for application startup.
2026-02-20 10:43:55,625 - app.main - INFO - Warming up embedding model...
2026-02-20 10:43:55,625 - app.services.embeddings - INFO - Generating embedding (query) - Attempt 1
2026-02-20 10:43:55,940 - app.main - INFO - Embedding model warmed up
INFO:     Application startup complete.
WARNING:  StatReload detected changes in 'app/core/config.py'. Reloading...
INFO:     Shutting down
INFO:     Waiting for application shutdown.
INFO:     Application shutdown complete.
INFO:     Finished server process [53259]
INFO:     Started server process [6642]
INFO:     Waiting for application startup.
2026-02-21 10:46:15,812 - app.main - INFO - Warming up embedding model...
2026-02-21 10:46:15,812 - app.services.embeddings - INFO - Generating embedding (query) - Attempt 1
2026-02-21 10:46:16,405 - app.main - INFO - Embedding model warmed up
INFO:     Application startup complete.
WARNING:  StatReload detected changes in 'app/routers/telegram.py'. Reloading...
INFO:     Shutting down
INFO:     Waiting for application shutdown.
INFO:     Application shutdown complete.
INFO:     Finished server process [6642]
INFO:     Started server process [6687]
INFO:     Waiting for application startup.
2026-02-21 10:46:29,504 - app.main - INFO - Warming up embedding model...
2026-02-21 10:46:29,504 - app.services.embeddings - INFO - Generating embedding (query) - Attempt 1
2026-02-21 10:46:29,790 - app.main - INFO - Embedding model warmed up
INFO:     Application startup complete.
WARNING:  StatReload detected changes in 'app/routers/telegram.py'. Reloading...
INFO:     Shutting down
INFO:     Waiting for application shutdown.
INFO:     Application shutdown complete.
INFO:     Finished server process [6687]
INFO:     Started server process [6863]
INFO:     Waiting for application startup.
2026-02-21 10:47:26,188 - app.main - INFO - Warming up embedding model...
2026-02-21 10:47:26,188 - app.services.embeddings - INFO - Generating embedding (query) - Attempt 1
2026-02-21 10:47:26,638 - app.main - INFO - Embedding model warmed up
INFO:     Application startup complete.
WARNING:  StatReload detected changes in 'app/routers/telegram.py'. Reloading...
INFO:     Shutting down
INFO:     Waiting for application shutdown.
INFO:     Application shutdown complete.
INFO:     Finished server process [6863]
INFO:     Started server process [6878]
INFO:     Waiting for application startup.
2026-02-21 10:47:30,569 - app.main - INFO - Warming up embedding model...
2026-02-21 10:47:30,569 - app.services.embeddings - INFO - Generating embedding (query) - Attempt 1
2026-02-21 10:47:31,097 - app.main - INFO - Embedding model warmed up
INFO:     Application startup complete.
WARNING:  StatReload detected changes in 'app/core/prompts.py'. Reloading...
INFO:     Shutting down
INFO:     Waiting for application shutdown.
INFO:     Application shutdown complete.
INFO:     Finished server process [6878]
INFO:     Started server process [7445]
INFO:     Waiting for application startup.
2026-02-21 10:50:26,876 - app.main - INFO - Warming up embedding model...
2026-02-21 10:50:26,876 - app.services.embeddings - INFO - Generating embedding (query) - Attempt 1
2026-02-21 10:50:27,347 - app.main - INFO - Embedding model warmed up
INFO:     Application startup complete.
WARNING:  StatReload detected changes in 'app/core/guardrails.py'. Reloading...
INFO:     Shutting down
INFO:     Waiting for application shutdown.
INFO:     Application shutdown complete.
INFO:     Finished server process [7445]
INFO:     Started server process [7683]
INFO:     Waiting for application startup.
2026-02-21 10:51:42,580 - app.main - INFO - Warming up embedding model...
2026-02-21 10:51:42,580 - app.services.embeddings - INFO - Generating embedding (query) - Attempt 1
2026-02-21 10:51:42,948 - app.main - INFO - Embedding model warmed up
INFO:     Application startup complete.
WARNING:  StatReload detected changes in 'app/routers/telegram.py'. Reloading...
INFO:     Shutting down
INFO:     Waiting for application shutdown.
INFO:     Application shutdown complete.
INFO:     Finished server process [7683]
INFO:     Started server process [7798]
INFO:     Waiting for application startup.
2026-02-21 10:52:19,836 - app.main - INFO - Warming up embedding model...
2026-02-21 10:52:19,837 - app.services.embeddings - INFO - Generating embedding (query) - Attempt 1
2026-02-21 10:52:20,112 - app.main - INFO - Embedding model warmed up
INFO:     Application startup complete.
WARNING:  StatReload detected changes in 'app/routers/telegram.py'. Reloading...
INFO:     Shutting down
INFO:     Waiting for application shutdown.
INFO:     Application shutdown complete.
INFO:     Finished server process [7798]
Process SpawnProcess-111:
Traceback (most recent call last):
  File "/opt/homebrew/Cellar/python@3.14/3.14.2/Frameworks/Python.framework/Versions/3.14/lib/python3.14/multiprocessing/process.py", line 320, in _bootstrap
    self.run()
    ~~~~~~~~^^
  File "/opt/homebrew/Cellar/python@3.14/3.14.2/Frameworks/Python.framework/Versions/3.14/lib/python3.14/multiprocessing/process.py", line 108, in run
    self._target(*self._args, **self._kwargs)
    ~~~~~~~~~~~~^^^^^^^^^^^^^^^^^^^^^^^^^^^^^
  File "/Users/kalinovdameus/Developer/mee-app/.venv/lib/python3.14/site-packages/uvicorn/_subprocess.py", line 80, in subprocess_started
    target(sockets=sockets)
    ~~~~~~^^^^^^^^^^^^^^^^^
  File "/Users/kalinovdameus/Developer/mee-app/.venv/lib/python3.14/site-packages/uvicorn/server.py", line 75, in run
    return asyncio_run(self.serve(sockets=sockets), loop_factory=self.config.get_loop_factory())
  File "/opt/homebrew/Cellar/python@3.14/3.14.2/Frameworks/Python.framework/Versions/3.14/lib/python3.14/asyncio/runners.py", line 204, in run
    return runner.run(main)
           ~~~~~~~~~~^^^^^^
  File "/opt/homebrew/Cellar/python@3.14/3.14.2/Frameworks/Python.framework/Versions/3.14/lib/python3.14/asyncio/runners.py", line 127, in run
    return self._loop.run_until_complete(task)
           ~~~~~~~~~~~~~~~~~~~~~~~~~~~~~^^^^^^
  File "/opt/homebrew/Cellar/python@3.14/3.14.2/Frameworks/Python.framework/Versions/3.14/lib/python3.14/asyncio/base_events.py", line 719, in run_until_complete
    return future.result()
           ~~~~~~~~~~~~~^^
  File "/Users/kalinovdameus/Developer/mee-app/.venv/lib/python3.14/site-packages/uvicorn/server.py", line 79, in serve
    await self._serve(sockets)
  File "/Users/kalinovdameus/Developer/mee-app/.venv/lib/python3.14/site-packages/uvicorn/server.py", line 86, in _serve
    config.load()
    ~~~~~~~~~~~^^
  File "/Users/kalinovdameus/Developer/mee-app/.venv/lib/python3.14/site-packages/uvicorn/config.py", line 441, in load
    self.loaded_app = import_from_string(self.app)
                      ~~~~~~~~~~~~~~~~~~^^^^^^^^^^
  File "/Users/kalinovdameus/Developer/mee-app/.venv/lib/python3.14/site-packages/uvicorn/importer.py", line 19, in import_from_string
    module = importlib.import_module(module_str)
  File "/opt/homebrew/Cellar/python@3.14/3.14.2/Frameworks/Python.framework/Versions/3.14/lib/python3.14/importlib/__init__.py", line 88, in import_module
    return _bootstrap._gcd_import(name[level:], package, level)
           ~~~~~~~~~~~~~~~~~~~~~~^^^^^^^^^^^^^^^^^^^^^^^^^^^^^^
  File "<frozen importlib._bootstrap>", line 1398, in _gcd_import
  File "<frozen importlib._bootstrap>", line 1371, in _find_and_load
  File "<frozen importlib._bootstrap>", line 1342, in _find_and_load_unlocked
  File "<frozen importlib._bootstrap>", line 938, in _load_unlocked
  File "<frozen importlib._bootstrap_external>", line 759, in exec_module
  File "<frozen importlib._bootstrap>", line 491, in _call_with_frames_removed
  File "/Users/kalinovdameus/Developer/mee-app/backend/app/main.py", line 4, in <module>
    from app.routers import telegram
  File "/Users/kalinovdameus/Developer/mee-app/backend/app/routers/telegram.py", line 237
    else:
IndentationError: unexpected indent
WARNING:  StatReload detected changes in 'app/routers/telegram.py'. Reloading...
INFO:     Started server process [8012]
INFO:     Waiting for application startup.
2026-02-21 10:53:28,469 - app.main - INFO - Warming up embedding model...
2026-02-21 10:53:28,469 - app.services.embeddings - INFO - Generating embedding (query) - Attempt 1
2026-02-21 10:53:28,893 - app.main - INFO - Embedding model warmed up
INFO:     Application startup complete.
WARNING:  StatReload detected changes in 'app/core/prompts.py'. Reloading...
INFO:     Shutting down
INFO:     Waiting for application shutdown.
INFO:     Application shutdown complete.
INFO:     Finished server process [8012]
INFO:     Started server process [14674]
INFO:     Waiting for application startup.
2026-02-21 11:19:36,210 - app.main - INFO - Warming up embedding model...
2026-02-21 11:19:36,210 - app.services.embeddings - INFO - Generating embedding (query) - Attempt 1
2026-02-21 11:19:36,716 - app.main - INFO - Embedding model warmed up
INFO:     Application startup complete.
WARNING:  StatReload detected changes in 'app/services/supabase.py'. Reloading...
INFO:     Shutting down
INFO:     Waiting for application shutdown.
INFO:     Application shutdown complete.
INFO:     Finished server process [14674]
INFO:     Started server process [16302]
INFO:     Waiting for application startup.
2026-02-21 11:39:16,957 - app.main - INFO - Warming up embedding model...
2026-02-21 11:39:16,957 - app.services.embeddings - INFO - Generating embedding (query) - Attempt 1
2026-02-21 11:39:17,486 - app.main - INFO - Embedding model warmed up
INFO:     Application startup complete.
WARNING:  StatReload detected changes in 'app/routers/telegram.py'. Reloading...
INFO:     Shutting down
INFO:     Waiting for application shutdown.
INFO:     Application shutdown complete.
INFO:     Finished server process [16302]
INFO:     Started server process [16315]
INFO:     Waiting for application startup.
2026-02-21 11:39:30,725 - app.main - INFO - Warming up embedding model...
2026-02-21 11:39:30,725 - app.services.embeddings - INFO - Generating embedding (query) - Attempt 1
2026-02-21 11:39:31,141 - app.main - INFO - Embedding model warmed up
INFO:     Application startup complete.
WARNING:  StatReload detected changes in 'app/routers/telegram.py'. Reloading...
INFO:     Shutting down
INFO:     Waiting for application shutdown.
INFO:     Application shutdown complete.
INFO:     Finished server process [16315]
INFO:     Started server process [16321]
INFO:     Waiting for application startup.
2026-02-21 11:39:38,115 - app.main - INFO - Warming up embedding model...
2026-02-21 11:39:38,115 - app.services.embeddings - INFO - Generating embedding (query) - Attempt 1
2026-02-21 11:39:38,571 - app.main - INFO - Embedding model warmed up
INFO:     Application startup complete.
WARNING:  StatReload detected changes in 'app/routers/telegram.py'. Reloading...
INFO:     Shutting down
INFO:     Waiting for application shutdown.
INFO:     Application shutdown complete.
INFO:     Finished server process [16321]
INFO:     Started server process [16327]
INFO:     Waiting for application startup.
2026-02-21 11:39:42,922 - app.main - INFO - Warming up embedding model...
2026-02-21 11:39:42,922 - app.services.embeddings - INFO - Generating embedding (query) - Attempt 1
2026-02-21 11:39:43,194 - app.main - INFO - Embedding model warmed up
INFO:     Application startup complete.
WARNING:  StatReload detected changes in 'app/routers/telegram.py'. Reloading...
INFO:     Shutting down
INFO:     Waiting for application shutdown.
INFO:     Application shutdown complete.
INFO:     Finished server process [16327]
INFO:     Started server process [16332]
INFO:     Waiting for application startup.
2026-02-21 11:39:45,609 - app.main - INFO - Warming up embedding model...
2026-02-21 11:39:45,609 - app.services.embeddings - INFO - Generating embedding (query) - Attempt 1
2026-02-21 11:39:46,042 - app.main - INFO - Embedding model warmed up
INFO:     Application startup complete.
WARNING:  StatReload detected changes in 'app/routers/telegram.py'. Reloading...
INFO:     Shutting down
INFO:     Waiting for application shutdown.
INFO:     Application shutdown complete.
INFO:     Finished server process [16332]
INFO:     Started server process [16333]
INFO:     Waiting for application startup.
2026-02-21 11:39:48,391 - app.main - INFO - Warming up embedding model...
2026-02-21 11:39:48,391 - app.services.embeddings - INFO - Generating embedding (query) - Attempt 1
2026-02-21 11:39:48,643 - app.main - INFO - Embedding model warmed up
INFO:     Application startup complete.
WARNING:  StatReload detected changes in 'app/routers/telegram.py'. Reloading...
INFO:     Shutting down
INFO:     Waiting for application shutdown.
INFO:     Application shutdown complete.
INFO:     Finished server process [16333]
INFO:     Started server process [24961]
INFO:     Waiting for application startup.
2026-02-21 12:01:30,364 - app.main - INFO - Warming up embedding model...
2026-02-21 12:01:30,365 - app.services.embeddings - INFO - Generating embedding (query) - Attempt 1
2026-02-21 12:01:30,951 - app.main - INFO - Embedding model warmed up
INFO:     Application startup complete.
WARNING:  StatReload detected changes in 'app/services/groq.py'. Reloading...
INFO:     Shutting down
INFO:     Waiting for application shutdown.
INFO:     Application shutdown complete.
INFO:     Finished server process [24961]
INFO:     Started server process [28573]
INFO:     Waiting for application startup.
2026-02-21 12:11:02,016 - app.main - INFO - Warming up embedding model...
2026-02-21 12:11:02,016 - app.services.embeddings - INFO - Generating embedding (query) - Attempt 1
2026-02-21 12:11:02,615 - app.main - INFO - Embedding model warmed up
INFO:     Application startup complete.
WARNING:  StatReload detected changes in 'tests/test_response_length.py'. Reloading...
INFO:     Shutting down
INFO:     Waiting for application shutdown.
INFO:     Application shutdown complete.
INFO:     Finished server process [28573]
INFO:     Started server process [28684]
INFO:     Waiting for application startup.
2026-02-21 12:11:13,598 - app.main - INFO - Warming up embedding model...
2026-02-21 12:11:13,598 - app.services.embeddings - INFO - Generating embedding (query) - Attempt 1
2026-02-21 12:11:14,167 - app.main - INFO - Embedding model warmed up
INFO:     Application startup complete.
WARNING:  StatReload detected changes in 'tests/test_response_length.py'. Reloading...
INFO:     Shutting down
INFO:     Waiting for application shutdown.
INFO:     Application shutdown complete.
INFO:     Finished server process [28684]
INFO:     Started server process [29153]
INFO:     Waiting for application startup.
2026-02-21 12:11:52,326 - app.main - INFO - Warming up embedding model...
2026-02-21 12:11:52,326 - app.services.embeddings - INFO - Generating embedding (query) - Attempt 1
2026-02-21 12:11:52,615 - app.main - INFO - Embedding model warmed up
INFO:     Application startup complete.
WARNING:  StatReload detected changes in 'tests/test_response_length.py'. Reloading...
INFO:     Shutting down
INFO:     Waiting for application shutdown.
INFO:     Application shutdown complete.
INFO:     Finished server process [29153]
INFO:     Started server process [29224]
INFO:     Waiting for application startup.
2026-02-21 12:11:55,903 - app.main - INFO - Warming up embedding model...
2026-02-21 12:11:55,903 - app.services.embeddings - INFO - Generating embedding (query) - Attempt 1
2026-02-21 12:11:56,452 - app.main - INFO - Embedding model warmed up
INFO:     Application startup complete.
WARNING:  StatReload detected changes in 'tests/test_response_length.py'. Reloading...
INFO:     Shutting down
INFO:     Waiting for application shutdown.
INFO:     Application shutdown complete.
INFO:     Finished server process [29224]
INFO:     Started server process [29243]
INFO:     Waiting for application startup.
2026-02-21 12:11:57,592 - app.main - INFO - Warming up embedding model...
2026-02-21 12:11:57,592 - app.services.embeddings - INFO - Generating embedding (query) - Attempt 1
2026-02-21 12:11:58,029 - app.main - INFO - Embedding model warmed up
INFO:     Application startup complete.
